<?xml version="1.0" encoding="UTF-8"?>
<testsuite xmlns:xsi="http://www.w3.org/2001/XMLSchema-instance" xsi:noNamespaceSchemaLocation="https://maven.apache.org/surefire/maven-surefire-plugin/xsd/surefire-test-report-3.0.xsd" version="3.0" name="org.sakaiproject.config.test.StoredConfigServiceTest" time="16.672" tests="1" errors="0" skipped="0" failures="0">
  <properties>
    <property name="awt.toolkit" value="sun.awt.X11.XToolkit"/>
    <property name="java.specification.version" value="11"/>
    <property name="sun.cpu.isalist" value=""/>
    <property name="sun.jnu.encoding" value="UTF-8"/>
    <property name="java.class.path" value="/home/alumno/Escritorio/kernel/kernel-impl/target/test-classes:/home/alumno/Escritorio/kernel/kernel-impl/target/classes:/home/alumno/Escritorio/kernel/api/target/sakai-kernel-api-25-SNAPSHOT.jar:/home/alumno/Escritorio/kernel/component-manager/target/sakai-component-manager-25-SNAPSHOT.jar:/home/alumno/Escritorio/kernel/kernel-util/target/sakai-kernel-util-25-SNAPSHOT.jar:/home/alumno/Escritorio/kernel/kernel-storage-util/target/sakai-kernel-storage-util-25-SNAPSHOT.jar:/home/alumno/Escritorio/kernel/kernel-test/target/sakai-kernel-test-25-SNAPSHOT.jar:/home/alumno/.m2/repository/org/apache/tika/tika-core/3.0.0-BETA/tika-core-3.0.0-BETA.jar:/home/alumno/.m2/repository/org/apache/tika/tika-parsers-standard-package/3.0.0-BETA/tika-parsers-standard-package-3.0.0-BETA.jar:/home/alumno/.m2/repository/org/apache/tika/tika-parser-apple-module/3.0.0-BETA/tika-parser-apple-module-3.0.0-BETA.jar:/home/alumno/.m2/repository/org/apache/tika/tika-parser-zip-commons/3.0.0-BETA/tika-parser-zip-commons-3.0.0-BETA.jar:/home/alumno/.m2/repository/com/googlecode/plist/dd-plist/1.27/dd-plist-1.27.jar:/home/alumno/.m2/repository/org/apache/tika/tika-parser-audiovideo-module/3.0.0-BETA/tika-parser-audiovideo-module-3.0.0-BETA.jar:/home/alumno/.m2/repository/com/drewnoakes/metadata-extractor/2.19.0/metadata-extractor-2.19.0.jar:/home/alumno/.m2/repository/com/adobe/xmp/xmpcore/6.1.11/xmpcore-6.1.11.jar:/home/alumno/.m2/repository/org/apache/tika/tika-parser-cad-module/3.0.0-BETA/tika-parser-cad-module-3.0.0-BETA.jar:/home/alumno/.m2/repository/org/apache/tika/tika-parser-code-module/3.0.0-BETA/tika-parser-code-module-3.0.0-BETA.jar:/home/alumno/.m2/repository/org/codelibs/jhighlight/1.1.0/jhighlight-1.1.0.jar:/home/alumno/.m2/repository/org/ccil/cowan/tagsoup/tagsoup/1.2.1/tagsoup-1.2.1.jar:/home/alumno/.m2/repository/org/ow2/asm/asm/9.6/asm-9.6.jar:/home/alumno/.m2/repository/com/epam/parso/2.0.14/parso-2.0.14.jar:/home/alumno/.m2/repository/org/tallison/jmatio/1.5/jmatio-1.5.jar:/home/alumno/.m2/repository/org/apache/tika/tika-parser-crypto-module/3.0.0-BETA/tika-parser-crypto-module-3.0.0-BETA.jar:/home/alumno/.m2/repository/org/bouncycastle/bcjmail-jdk18on/1.77/bcjmail-jdk18on-1.77.jar:/home/alumno/.m2/repository/org/bouncycastle/bcutil-jdk18on/1.77/bcutil-jdk18on-1.77.jar:/home/alumno/.m2/repository/org/bouncycastle/bcpkix-jdk18on/1.77/bcpkix-jdk18on-1.77.jar:/home/alumno/.m2/repository/org/apache/tika/tika-parser-digest-commons/3.0.0-BETA/tika-parser-digest-commons-3.0.0-BETA.jar:/home/alumno/.m2/repository/org/apache/tika/tika-parser-font-module/3.0.0-BETA/tika-parser-font-module-3.0.0-BETA.jar:/home/alumno/.m2/repository/org/apache/pdfbox/fontbox/3.0.1/fontbox-3.0.1.jar:/home/alumno/.m2/repository/org/apache/pdfbox/pdfbox-io/3.0.1/pdfbox-io-3.0.1.jar:/home/alumno/.m2/repository/org/junit/jupiter/junit-jupiter/5.10.1/junit-jupiter-5.10.1.jar:/home/alumno/.m2/repository/org/junit/jupiter/junit-jupiter-api/5.10.1/junit-jupiter-api-5.10.1.jar:/home/alumno/.m2/repository/org/opentest4j/opentest4j/1.3.0/opentest4j-1.3.0.jar:/home/alumno/.m2/repository/org/junit/platform/junit-platform-commons/1.10.1/junit-platform-commons-1.10.1.jar:/home/alumno/.m2/repository/org/apiguardian/apiguardian-api/1.1.2/apiguardian-api-1.1.2.jar:/home/alumno/.m2/repository/org/junit/jupiter/junit-jupiter-params/5.10.1/junit-jupiter-params-5.10.1.jar:/home/alumno/.m2/repository/org/junit/jupiter/junit-jupiter-engine/5.10.1/junit-jupiter-engine-5.10.1.jar:/home/alumno/.m2/repository/org/junit/platform/junit-platform-engine/1.10.1/junit-platform-engine-1.10.1.jar:/home/alumno/.m2/repository/org/apache/tika/tika-parser-html-module/3.0.0-BETA/tika-parser-html-module-3.0.0-BETA.jar:/home/alumno/.m2/repository/org/apache/tika/tika-parser-image-module/3.0.0-BETA/tika-parser-image-module-3.0.0-BETA.jar:/home/alumno/.m2/repository/com/github/jai-imageio/jai-imageio-core/1.4.0/jai-imageio-core-1.4.0.jar:/home/alumno/.m2/repository/org/apache/pdfbox/jbig2-imageio/3.0.4/jbig2-imageio-3.0.4.jar:/home/alumno/.m2/repository/org/apache/tika/tika-parser-mail-module/3.0.0-BETA/tika-parser-mail-module-3.0.0-BETA.jar:/home/alumno/.m2/repository/org/apache/tika/tika-parser-mail-commons/3.0.0-BETA/tika-parser-mail-commons-3.0.0-BETA.jar:/home/alumno/.m2/repository/org/apache/james/apache-mime4j-core/0.8.9/apache-mime4j-core-0.8.9.jar:/home/alumno/.m2/repository/org/apache/james/apache-mime4j-dom/0.8.9/apache-mime4j-dom-0.8.9.jar:/home/alumno/.m2/repository/org/apache/tika/tika-parser-microsoft-module/3.0.0-BETA/tika-parser-microsoft-module-3.0.0-BETA.jar:/home/alumno/.m2/repository/com/pff/java-libpst/0.9.3/java-libpst-0.9.3.jar:/home/alumno/.m2/repository/org/apache/poi/poi/5.2.5/poi-5.2.5.jar:/home/alumno/.m2/repository/org/apache/commons/commons-math3/3.6.1/commons-math3-3.6.1.jar:/home/alumno/.m2/repository/com/zaxxer/SparseBitSet/1.3/SparseBitSet-1.3.jar:/home/alumno/.m2/repository/org/apache/poi/poi-scratchpad/5.2.5/poi-scratchpad-5.2.5.jar:/home/alumno/.m2/repository/org/apache/poi/poi-ooxml/5.2.5/poi-ooxml-5.2.5.jar:/home/alumno/.m2/repository/org/apache/poi/poi-ooxml-lite/5.2.5/poi-ooxml-lite-5.2.5.jar:/home/alumno/.m2/repository/org/apache/xmlbeans/xmlbeans/5.2.0/xmlbeans-5.2.0.jar:/home/alumno/.m2/repository/com/github/virtuald/curvesapi/1.08/curvesapi-1.08.jar:/home/alumno/.m2/repository/com/healthmarketscience/jackcess/jackcess/4.0.5/jackcess-4.0.5.jar:/home/alumno/.m2/repository/com/healthmarketscience/jackcess/jackcess-encrypt/4.0.2/jackcess-encrypt-4.0.2.jar:/home/alumno/.m2/repository/org/apache/tika/tika-parser-miscoffice-module/3.0.0-BETA/tika-parser-miscoffice-module-3.0.0-BETA.jar:/home/alumno/.m2/repository/org/apache/tika/tika-parser-news-module/3.0.0-BETA/tika-parser-news-module-3.0.0-BETA.jar:/home/alumno/.m2/repository/com/rometools/rome/2.1.0/rome-2.1.0.jar:/home/alumno/.m2/repository/com/rometools/rome-utils/2.1.0/rome-utils-2.1.0.jar:/home/alumno/.m2/repository/org/jdom/jdom2/2.0.6.1/jdom2-2.0.6.1.jar:/home/alumno/.m2/repository/org/apache/tika/tika-parser-ocr-module/3.0.0-BETA/tika-parser-ocr-module-3.0.0-BETA.jar:/home/alumno/.m2/repository/org/apache/commons/commons-exec/1.3/commons-exec-1.3.jar:/home/alumno/.m2/repository/org/apache/tika/tika-parser-pdf-module/3.0.0-BETA/tika-parser-pdf-module-3.0.0-BETA.jar:/home/alumno/.m2/repository/org/apache/pdfbox/pdfbox/3.0.1/pdfbox-3.0.1.jar:/home/alumno/.m2/repository/org/apache/pdfbox/pdfbox-tools/3.0.1/pdfbox-tools-3.0.1.jar:/home/alumno/.m2/repository/info/picocli/picocli/4.7.5/picocli-4.7.5.jar:/home/alumno/.m2/repository/org/apache/pdfbox/jempbox/1.8.17/jempbox-1.8.17.jar:/home/alumno/.m2/repository/org/apache/tika/tika-parser-pkg-module/3.0.0-BETA/tika-parser-pkg-module-3.0.0-BETA.jar:/home/alumno/.m2/repository/org/tukaani/xz/1.9/xz-1.9.jar:/home/alumno/.m2/repository/org/brotli/dec/0.1.2/dec-0.1.2.jar:/home/alumno/.m2/repository/com/github/junrar/junrar/7.5.5/junrar-7.5.5.jar:/home/alumno/.m2/repository/org/apache/tika/tika-parser-text-module/3.0.0-BETA/tika-parser-text-module-3.0.0-BETA.jar:/home/alumno/.m2/repository/com/github/albfernandez/juniversalchardet/2.4.0/juniversalchardet-2.4.0.jar:/home/alumno/.m2/repository/org/apache/commons/commons-csv/1.10.0/commons-csv-1.10.0.jar:/home/alumno/.m2/repository/org/apache/tika/tika-parser-webarchive-module/3.0.0-BETA/tika-parser-webarchive-module-3.0.0-BETA.jar:/home/alumno/.m2/repository/org/netpreserve/jwarc/0.28.3/jwarc-0.28.3.jar:/home/alumno/.m2/repository/org/apache/commons/commons-compress/1.26.1/commons-compress-1.26.1.jar:/home/alumno/.m2/repository/org/apache/tika/tika-parser-xml-module/3.0.0-BETA/tika-parser-xml-module-3.0.0-BETA.jar:/home/alumno/.m2/repository/org/apache/tika/tika-parser-xmp-commons/3.0.0-BETA/tika-parser-xmp-commons-3.0.0-BETA.jar:/home/alumno/.m2/repository/org/apache/pdfbox/xmpbox/3.0.1/xmpbox-3.0.1.jar:/home/alumno/.m2/repository/org/gagravarr/vorbis-java-tika/0.8/vorbis-java-tika-0.8.jar:/home/alumno/.m2/repository/org/gagravarr/vorbis-java-core/0.8/vorbis-java-core-0.8.jar:/home/alumno/.m2/repository/com/vdurmont/emoji-java/5.1.1/emoji-java-5.1.1.jar:/home/alumno/.m2/repository/org/json/json/20170516/json-20170516.jar:/home/alumno/.m2/repository/org/zwobble/mammoth/mammoth/1.4.2/mammoth-1.4.2.jar:/home/alumno/.m2/repository/commons-codec/commons-codec/1.17.0/commons-codec-1.17.0.jar:/home/alumno/.m2/repository/commons-io/commons-io/2.16.1/commons-io-2.16.1.jar:/home/alumno/.m2/repository/org/apache/commons/commons-lang3/3.14.0/commons-lang3-3.14.0.jar:/home/alumno/.m2/repository/org/apache/commons/commons-text/1.12.0/commons-text-1.12.0.jar:/home/alumno/.m2/repository/commons-validator/commons-validator/1.7/commons-validator-1.7.jar:/home/alumno/.m2/repository/commons-beanutils/commons-beanutils/1.9.4/commons-beanutils-1.9.4.jar:/home/alumno/.m2/repository/commons-digester/commons-digester/2.1/commons-digester-2.1.jar:/home/alumno/.m2/repository/commons-collections/commons-collections/3.2.2/commons-collections-3.2.2.jar:/home/alumno/.m2/repository/org/apache/commons/commons-collections4/4.4/commons-collections4-4.4.jar:/home/alumno/.m2/repository/org/apache/httpcomponents/httpclient/4.5.14/httpclient-4.5.14.jar:/home/alumno/.m2/repository/org/apache/httpcomponents/httpcore/4.4.16/httpcore-4.4.16.jar:/home/alumno/.m2/repository/org/apache/httpcomponents/httpmime/4.5.14/httpmime-4.5.14.jar:/home/alumno/.m2/repository/com/opencsv/opencsv/5.6/opencsv-5.6.jar:/home/alumno/.m2/repository/org/hsqldb/hsqldb/2.7.1/hsqldb-2.7.1.jar:/home/alumno/.m2/repository/javax/servlet/javax.servlet-api/4.0.1/javax.servlet-api-4.0.1.jar:/home/alumno/.m2/repository/org/jvnet/opendmk/jmxremote_optional/1.0_01-ea/jmxremote_optional-1.0_01-ea.jar:/home/alumno/.m2/repository/net/sf/ehcache/ehcache-core/2.6.11/ehcache-core-2.6.11.jar:/home/alumno/.m2/repository/org/terracotta/terracotta-toolkit-1.6-runtime/5.9.0/terracotta-toolkit-1.6-runtime-5.9.0.jar:/home/alumno/.m2/repository/net/sf/ehcache/ehcache-terracotta/2.6.11/ehcache-terracotta-2.6.11.jar:/home/alumno/.m2/repository/com/hazelcast/hazelcast/3.12.13/hazelcast-3.12.13.jar:/home/alumno/.m2/repository/com/hazelcast/hazelcast-client/3.12.13/hazelcast-client-3.12.13.jar:/home/alumno/.m2/repository/com/google/guava/guava/31.0.1-jre/guava-31.0.1-jre.jar:/home/alumno/.m2/repository/com/google/guava/failureaccess/1.0.1/failureaccess-1.0.1.jar:/home/alumno/.m2/repository/com/google/guava/listenablefuture/9999.0-empty-to-avoid-conflict-with-guava/listenablefuture-9999.0-empty-to-avoid-conflict-with-guava.jar:/home/alumno/.m2/repository/org/checkerframework/checker-qual/3.12.0/checker-qual-3.12.0.jar:/home/alumno/.m2/repository/com/google/errorprone/error_prone_annotations/2.7.1/error_prone_annotations-2.7.1.jar:/home/alumno/.m2/repository/com/google/j2objc/j2objc-annotations/1.3/j2objc-annotations-1.3.jar:/home/alumno/.m2/repository/com/google/code/findbugs/jsr305/3.0.2/jsr305-3.0.2.jar:/home/alumno/.m2/repository/org/azeckoski/reflectutils/0.9.19/reflectutils-0.9.19.jar:/home/alumno/.m2/repository/com/sun/mail/jakarta.mail/1.6.7/jakarta.mail-1.6.7.jar:/home/alumno/.m2/repository/com/sun/activation/jakarta.activation/1.2.2/jakarta.activation-1.2.2.jar:/home/alumno/.m2/repository/jakarta/activation/jakarta.activation-api/1.2.2/jakarta.activation-api-1.2.2.jar:/home/alumno/.m2/repository/org/springframework/spring-core/5.3.34/spring-core-5.3.34.jar:/home/alumno/.m2/repository/org/springframework/spring-jcl/5.3.34/spring-jcl-5.3.34.jar:/home/alumno/.m2/repository/org/springframework/spring-beans/5.3.34/spring-beans-5.3.34.jar:/home/alumno/.m2/repository/org/springframework/spring-context/5.3.34/spring-context-5.3.34.jar:/home/alumno/.m2/repository/org/springframework/spring-aop/5.3.34/spring-aop-5.3.34.jar:/home/alumno/.m2/repository/org/springframework/spring-expression/5.3.34/spring-expression-5.3.34.jar:/home/alumno/.m2/repository/org/springframework/spring-context-support/5.3.34/spring-context-support-5.3.34.jar:/home/alumno/.m2/repository/org/springframework/spring-jdbc/5.3.34/spring-jdbc-5.3.34.jar:/home/alumno/.m2/repository/org/springframework/spring-orm/5.3.34/spring-orm-5.3.34.jar:/home/alumno/.m2/repository/org/springframework/spring-tx/5.3.34/spring-tx-5.3.34.jar:/home/alumno/.m2/repository/org/springframework/data/spring-data-jpa/2.5.12/spring-data-jpa-2.5.12.jar:/home/alumno/.m2/repository/org/aspectj/aspectjrt/1.9.7/aspectjrt-1.9.7.jar:/home/alumno/.m2/repository/org/springframework/data/spring-data-commons/2.4.2/spring-data-commons-2.4.2.jar:/home/alumno/.m2/repository/org/springframework/spring-test/5.3.34/spring-test-5.3.34.jar:/home/alumno/.m2/repository/org/apache/ignite/ignite-core/2.15.0/ignite-core-2.15.0.jar:/home/alumno/.m2/repository/javax/cache/cache-api/1.1.1/cache-api-1.1.1.jar:/home/alumno/.m2/repository/org/jetbrains/annotations/16.0.3/annotations-16.0.3.jar:/home/alumno/.m2/repository/org/apache/ignite/ignite-spring/2.15.0/ignite-spring-2.15.0.jar:/home/alumno/.m2/repository/org/apache/ignite/ignite-spring-cache-ext/1.0.0/ignite-spring-cache-ext-1.0.0.jar:/home/alumno/.m2/repository/org/apache/ignite/ignite-spring-data-commons/1.1.0/ignite-spring-data-commons-1.1.0.jar:/home/alumno/.m2/repository/org/apache/ignite/ignite-hibernate-ext/5.3.0/ignite-hibernate-ext-5.3.0.jar:/home/alumno/.m2/repository/org/apache/ignite/ignite-slf4j/2.15.0/ignite-slf4j-2.15.0.jar:/home/alumno/.m2/repository/org/hibernate/hibernate-entitymanager/5.6.15.Final/hibernate-entitymanager-5.6.15.Final.jar:/home/alumno/.m2/repository/org/jboss/logging/jboss-logging/3.4.3.Final/jboss-logging-3.4.3.Final.jar:/home/alumno/.m2/repository/org/hibernate/common/hibernate-commons-annotations/5.1.2.Final/hibernate-commons-annotations-5.1.2.Final.jar:/home/alumno/.m2/repository/javax/persistence/javax.persistence-api/2.2/javax.persistence-api-2.2.jar:/home/alumno/.m2/repository/net/bytebuddy/byte-buddy/1.14.3/byte-buddy-1.14.3.jar:/home/alumno/.m2/repository/org/jboss/spec/javax/transaction/jboss-transaction-api_1.2_spec/1.1.1.Final/jboss-transaction-api_1.2_spec-1.1.1.Final.jar:/home/alumno/.m2/repository/org/hibernate/hibernate-core/5.6.15.Final/hibernate-core-5.6.15.Final.jar:/home/alumno/.m2/repository/antlr/antlr/2.7.7/antlr-2.7.7.jar:/home/alumno/.m2/repository/org/jboss/jandex/2.4.3.Final/jandex-2.4.3.Final.jar:/home/alumno/.m2/repository/com/fasterxml/classmate/1.5.1/classmate-1.5.1.jar:/home/alumno/.m2/repository/javax/activation/javax.activation-api/1.2.0/javax.activation-api-1.2.0.jar:/home/alumno/.m2/repository/javax/xml/bind/jaxb-api/2.3.1/jaxb-api-2.3.1.jar:/home/alumno/.m2/repository/org/glassfish/jaxb/jaxb-runtime/2.3.6/jaxb-runtime-2.3.6.jar:/home/alumno/.m2/repository/jakarta/xml/bind/jakarta.xml.bind-api/2.3.3/jakarta.xml.bind-api-2.3.3.jar:/home/alumno/.m2/repository/org/glassfish/jaxb/txw2/2.3.6/txw2-2.3.6.jar:/home/alumno/.m2/repository/com/sun/istack/istack-commons-runtime/3.0.11/istack-commons-runtime-3.0.11.jar:/home/alumno/.m2/repository/cglib/cglib-nodep/3.3.0/cglib-nodep-3.3.0.jar:/home/alumno/.m2/repository/org/jasypt/jasypt/1.9.3/jasypt-1.9.3.jar:/home/alumno/.m2/repository/org/owasp/antisamy/antisamy/1.6.8/antisamy-1.6.8.jar:/home/alumno/.m2/repository/net/sourceforge/htmlunit/neko-htmlunit/2.61.0/neko-htmlunit-2.61.0.jar:/home/alumno/.m2/repository/org/apache/httpcomponents/client5/httpclient5/5.3.1/httpclient5-5.3.1.jar:/home/alumno/.m2/repository/org/apache/httpcomponents/core5/httpcore5-h2/5.2.4/httpcore5-h2-5.2.4.jar:/home/alumno/.m2/repository/org/apache/httpcomponents/core5/httpcore5/5.2.3/httpcore5-5.2.3.jar:/home/alumno/.m2/repository/org/apache/xmlgraphics/batik-css/1.14/batik-css-1.14.jar:/home/alumno/.m2/repository/org/apache/xmlgraphics/batik-shared-resources/1.14/batik-shared-resources-1.14.jar:/home/alumno/.m2/repository/org/apache/xmlgraphics/batik-util/1.14/batik-util-1.14.jar:/home/alumno/.m2/repository/org/apache/xmlgraphics/batik-constants/1.14/batik-constants-1.14.jar:/home/alumno/.m2/repository/org/apache/xmlgraphics/batik-i18n/1.14/batik-i18n-1.14.jar:/home/alumno/.m2/repository/org/apache/xmlgraphics/xmlgraphics-commons/1.5/xmlgraphics-commons-1.5.jar:/home/alumno/.m2/repository/xerces/xercesImpl/2.12.2/xercesImpl-2.12.2.jar:/home/alumno/.m2/repository/xml-apis/xml-apis/1.4.01/xml-apis-1.4.01.jar:/home/alumno/.m2/repository/xml-apis/xml-apis-ext/1.3.04/xml-apis-ext-1.3.04.jar:/home/alumno/.m2/repository/org/jsoup/jsoup/1.15.4/jsoup-1.15.4.jar:/home/alumno/.m2/repository/com/github/davidmoten/subethasmtp/5.2.8/subethasmtp-5.2.8.jar:/home/alumno/.m2/repository/com/google/code/findbugs/findbugs-annotations/3.0.1/findbugs-annotations-3.0.1.jar:/home/alumno/.m2/repository/com/github/davidmoten/guava-mini/0.1.3/guava-mini-0.1.3.jar:/home/alumno/.m2/repository/com/carrotsearch/java-sizeof/0.0.5/java-sizeof-0.0.5.jar:/home/alumno/.m2/repository/nl/martijndwars/web-push/5.1.1/web-push-5.1.1.jar:/home/alumno/.m2/repository/com/beust/jcommander/1.78/jcommander-1.78.jar:/home/alumno/.m2/repository/org/apache/httpcomponents/httpasyncclient/4.1.5/httpasyncclient-4.1.5.jar:/home/alumno/.m2/repository/org/apache/httpcomponents/httpcore-nio/4.4.16/httpcore-nio-4.4.16.jar:/home/alumno/.m2/repository/org/asynchttpclient/async-http-client/2.10.4/async-http-client-2.10.4.jar:/home/alumno/.m2/repository/org/asynchttpclient/async-http-client-netty-utils/2.10.4/async-http-client-netty-utils-2.10.4.jar:/home/alumno/.m2/repository/io/netty/netty-buffer/4.1.94.Final/netty-buffer-4.1.94.Final.jar:/home/alumno/.m2/repository/io/netty/netty-codec-http/4.1.94.Final/netty-codec-http-4.1.94.Final.jar:/home/alumno/.m2/repository/io/netty/netty-common/4.1.94.Final/netty-common-4.1.94.Final.jar:/home/alumno/.m2/repository/io/netty/netty-transport/4.1.94.Final/netty-transport-4.1.94.Final.jar:/home/alumno/.m2/repository/io/netty/netty-codec/4.1.94.Final/netty-codec-4.1.94.Final.jar:/home/alumno/.m2/repository/io/netty/netty-handler/4.1.94.Final/netty-handler-4.1.94.Final.jar:/home/alumno/.m2/repository/io/netty/netty-resolver/4.1.94.Final/netty-resolver-4.1.94.Final.jar:/home/alumno/.m2/repository/io/netty/netty-transport-native-unix-common/4.1.94.Final/netty-transport-native-unix-common-4.1.94.Final.jar:/home/alumno/.m2/repository/io/netty/netty-codec-socks/4.1.42.Final/netty-codec-socks-4.1.42.Final.jar:/home/alumno/.m2/repository/io/netty/netty-handler-proxy/4.1.42.Final/netty-handler-proxy-4.1.42.Final.jar:/home/alumno/.m2/repository/io/netty/netty-transport-native-epoll/4.1.42.Final/netty-transport-native-epoll-4.1.42.Final-linux-x86_64.jar:/home/alumno/.m2/repository/io/netty/netty-transport-native-kqueue/4.1.42.Final/netty-transport-native-kqueue-4.1.42.Final-osx-x86_64.jar:/home/alumno/.m2/repository/io/netty/netty-resolver-dns/4.1.42.Final/netty-resolver-dns-4.1.42.Final.jar:/home/alumno/.m2/repository/io/netty/netty-codec-dns/4.1.42.Final/netty-codec-dns-4.1.42.Final.jar:/home/alumno/.m2/repository/org/reactivestreams/reactive-streams/1.0.2/reactive-streams-1.0.2.jar:/home/alumno/.m2/repository/com/typesafe/netty/netty-reactive-streams/2.0.3/netty-reactive-streams-2.0.3.jar:/home/alumno/.m2/repository/com/sun/activation/javax.activation/1.2.0/javax.activation-1.2.0.jar:/home/alumno/.m2/repository/org/bitbucket/b_c/jose4j/0.7.0/jose4j-0.7.0.jar:/home/alumno/.m2/repository/org/bouncycastle/bcprov-jdk18on/1.72/bcprov-jdk18on-1.72.jar:/home/alumno/.m2/repository/com/fasterxml/jackson/datatype/jackson-datatype-jsr310/2.16.1/jackson-datatype-jsr310-2.16.1.jar:/home/alumno/.m2/repository/com/fasterxml/jackson/core/jackson-annotations/2.16.1/jackson-annotations-2.16.1.jar:/home/alumno/.m2/repository/com/fasterxml/jackson/core/jackson-core/2.16.1/jackson-core-2.16.1.jar:/home/alumno/.m2/repository/com/fasterxml/jackson/core/jackson-databind/2.16.1/jackson-databind-2.16.1.jar:/home/alumno/.m2/repository/org/jmock/jmock/2.5.1/jmock-2.5.1.jar:/home/alumno/.m2/repository/org/jmock/jmock-junit4/2.5.1/jmock-junit4-2.5.1.jar:/home/alumno/.m2/repository/org/jmock/jmock-legacy/2.8.4/jmock-legacy-2.8.4.jar:/home/alumno/.m2/repository/org/objenesis/objenesis/2.1/objenesis-2.1.jar:/home/alumno/.m2/repository/org/jmock/jmock-junit3/2.5.1/jmock-junit3-2.5.1.jar:/home/alumno/.m2/repository/org/mockito/mockito-core/3.11.2/mockito-core-3.11.2.jar:/home/alumno/.m2/repository/net/bytebuddy/byte-buddy-agent/1.11.3/byte-buddy-agent-1.11.3.jar:/home/alumno/.m2/repository/org/assertj/assertj-core/3.23.1/assertj-core-3.23.1.jar:/home/alumno/.m2/repository/org/hamcrest/hamcrest-core/2.2/hamcrest-core-2.2.jar:/home/alumno/.m2/repository/org/hamcrest/hamcrest/2.2/hamcrest-2.2.jar:/home/alumno/.m2/repository/org/hamcrest/hamcrest-library/2.2/hamcrest-library-2.2.jar:/home/alumno/.m2/repository/com/zaxxer/HikariCP/5.0.1/HikariCP-5.0.1.jar:/home/alumno/.m2/repository/org/passay/passay/1.6.4/passay-1.6.4.jar:/home/alumno/.m2/repository/org/freemarker/freemarker/2.3.32/freemarker-2.3.32.jar:/home/alumno/.m2/repository/org/simpleframework/simple-xml/2.7.1/simple-xml-2.7.1.jar:/home/alumno/.m2/repository/stax/stax-api/1.0.1/stax-api-1.0.1.jar:/home/alumno/.m2/repository/stax/stax/1.2.0/stax-1.2.0.jar:/home/alumno/.m2/repository/xpp3/xpp3/1.1.3.3/xpp3-1.1.3.3.jar:/home/alumno/.m2/repository/com/googlecode/json-simple/json-simple/1.1.1/json-simple-1.1.1.jar:/home/alumno/.m2/repository/jakarta/annotation/jakarta.annotation-api/1.3.5/jakarta.annotation-api-1.3.5.jar:/home/alumno/.m2/repository/org/slf4j/slf4j-api/1.7.36/slf4j-api-1.7.36.jar:/home/alumno/.m2/repository/org/apache/logging/log4j/log4j-api/2.23.0/log4j-api-2.23.0.jar:/home/alumno/.m2/repository/org/apache/logging/log4j/log4j-slf4j-impl/2.23.0/log4j-slf4j-impl-2.23.0.jar:/home/alumno/.m2/repository/org/slf4j/jcl-over-slf4j/1.7.36/jcl-over-slf4j-1.7.36.jar:/home/alumno/.m2/repository/org/apache/logging/log4j/log4j-core/2.23.0/log4j-core-2.23.0.jar:/home/alumno/.m2/repository/org/projectlombok/lombok/1.18.32/lombok-1.18.32.jar:/home/alumno/.m2/repository/junit/junit/4.13.2/junit-4.13.2.jar:"/>
    <property name="java.vm.vendor" value="Ubuntu"/>
    <property name="sun.arch.data.model" value="64"/>
    <property name="java.vendor.url" value="https://ubuntu.com/"/>
    <property name="user.timezone" value=""/>
    <property name="java.vm.specification.version" value="11"/>
    <property name="os.name" value="Linux"/>
    <property name="sun.java.launcher" value="SUN_STANDARD"/>
    <property name="user.country" value="ES"/>
    <property name="sun.boot.library.path" value="/usr/lib/jvm/java-11-openjdk-amd64/lib"/>
    <property name="sun.java.command" value="/home/alumno/Escritorio/kernel/kernel-impl/target/surefire/surefirebooter-20240522182041100_260.jar /home/alumno/Escritorio/kernel/kernel-impl/target/surefire 2024-05-22T18-19-41_005-jvmRun1 surefire-20240522182041100_258tmp surefire_58-20240522182041100_259tmp"/>
    <property name="jdk.debug" value="release"/>
    <property name="surefire.test.class.path" value="/home/alumno/Escritorio/kernel/kernel-impl/target/test-classes:/home/alumno/Escritorio/kernel/kernel-impl/target/classes:/home/alumno/Escritorio/kernel/api/target/sakai-kernel-api-25-SNAPSHOT.jar:/home/alumno/Escritorio/kernel/component-manager/target/sakai-component-manager-25-SNAPSHOT.jar:/home/alumno/Escritorio/kernel/kernel-util/target/sakai-kernel-util-25-SNAPSHOT.jar:/home/alumno/Escritorio/kernel/kernel-storage-util/target/sakai-kernel-storage-util-25-SNAPSHOT.jar:/home/alumno/Escritorio/kernel/kernel-test/target/sakai-kernel-test-25-SNAPSHOT.jar:/home/alumno/.m2/repository/org/apache/tika/tika-core/3.0.0-BETA/tika-core-3.0.0-BETA.jar:/home/alumno/.m2/repository/org/apache/tika/tika-parsers-standard-package/3.0.0-BETA/tika-parsers-standard-package-3.0.0-BETA.jar:/home/alumno/.m2/repository/org/apache/tika/tika-parser-apple-module/3.0.0-BETA/tika-parser-apple-module-3.0.0-BETA.jar:/home/alumno/.m2/repository/org/apache/tika/tika-parser-zip-commons/3.0.0-BETA/tika-parser-zip-commons-3.0.0-BETA.jar:/home/alumno/.m2/repository/com/googlecode/plist/dd-plist/1.27/dd-plist-1.27.jar:/home/alumno/.m2/repository/org/apache/tika/tika-parser-audiovideo-module/3.0.0-BETA/tika-parser-audiovideo-module-3.0.0-BETA.jar:/home/alumno/.m2/repository/com/drewnoakes/metadata-extractor/2.19.0/metadata-extractor-2.19.0.jar:/home/alumno/.m2/repository/com/adobe/xmp/xmpcore/6.1.11/xmpcore-6.1.11.jar:/home/alumno/.m2/repository/org/apache/tika/tika-parser-cad-module/3.0.0-BETA/tika-parser-cad-module-3.0.0-BETA.jar:/home/alumno/.m2/repository/org/apache/tika/tika-parser-code-module/3.0.0-BETA/tika-parser-code-module-3.0.0-BETA.jar:/home/alumno/.m2/repository/org/codelibs/jhighlight/1.1.0/jhighlight-1.1.0.jar:/home/alumno/.m2/repository/org/ccil/cowan/tagsoup/tagsoup/1.2.1/tagsoup-1.2.1.jar:/home/alumno/.m2/repository/org/ow2/asm/asm/9.6/asm-9.6.jar:/home/alumno/.m2/repository/com/epam/parso/2.0.14/parso-2.0.14.jar:/home/alumno/.m2/repository/org/tallison/jmatio/1.5/jmatio-1.5.jar:/home/alumno/.m2/repository/org/apache/tika/tika-parser-crypto-module/3.0.0-BETA/tika-parser-crypto-module-3.0.0-BETA.jar:/home/alumno/.m2/repository/org/bouncycastle/bcjmail-jdk18on/1.77/bcjmail-jdk18on-1.77.jar:/home/alumno/.m2/repository/org/bouncycastle/bcutil-jdk18on/1.77/bcutil-jdk18on-1.77.jar:/home/alumno/.m2/repository/org/bouncycastle/bcpkix-jdk18on/1.77/bcpkix-jdk18on-1.77.jar:/home/alumno/.m2/repository/org/apache/tika/tika-parser-digest-commons/3.0.0-BETA/tika-parser-digest-commons-3.0.0-BETA.jar:/home/alumno/.m2/repository/org/apache/tika/tika-parser-font-module/3.0.0-BETA/tika-parser-font-module-3.0.0-BETA.jar:/home/alumno/.m2/repository/org/apache/pdfbox/fontbox/3.0.1/fontbox-3.0.1.jar:/home/alumno/.m2/repository/org/apache/pdfbox/pdfbox-io/3.0.1/pdfbox-io-3.0.1.jar:/home/alumno/.m2/repository/org/junit/jupiter/junit-jupiter/5.10.1/junit-jupiter-5.10.1.jar:/home/alumno/.m2/repository/org/junit/jupiter/junit-jupiter-api/5.10.1/junit-jupiter-api-5.10.1.jar:/home/alumno/.m2/repository/org/opentest4j/opentest4j/1.3.0/opentest4j-1.3.0.jar:/home/alumno/.m2/repository/org/junit/platform/junit-platform-commons/1.10.1/junit-platform-commons-1.10.1.jar:/home/alumno/.m2/repository/org/apiguardian/apiguardian-api/1.1.2/apiguardian-api-1.1.2.jar:/home/alumno/.m2/repository/org/junit/jupiter/junit-jupiter-params/5.10.1/junit-jupiter-params-5.10.1.jar:/home/alumno/.m2/repository/org/junit/jupiter/junit-jupiter-engine/5.10.1/junit-jupiter-engine-5.10.1.jar:/home/alumno/.m2/repository/org/junit/platform/junit-platform-engine/1.10.1/junit-platform-engine-1.10.1.jar:/home/alumno/.m2/repository/org/apache/tika/tika-parser-html-module/3.0.0-BETA/tika-parser-html-module-3.0.0-BETA.jar:/home/alumno/.m2/repository/org/apache/tika/tika-parser-image-module/3.0.0-BETA/tika-parser-image-module-3.0.0-BETA.jar:/home/alumno/.m2/repository/com/github/jai-imageio/jai-imageio-core/1.4.0/jai-imageio-core-1.4.0.jar:/home/alumno/.m2/repository/org/apache/pdfbox/jbig2-imageio/3.0.4/jbig2-imageio-3.0.4.jar:/home/alumno/.m2/repository/org/apache/tika/tika-parser-mail-module/3.0.0-BETA/tika-parser-mail-module-3.0.0-BETA.jar:/home/alumno/.m2/repository/org/apache/tika/tika-parser-mail-commons/3.0.0-BETA/tika-parser-mail-commons-3.0.0-BETA.jar:/home/alumno/.m2/repository/org/apache/james/apache-mime4j-core/0.8.9/apache-mime4j-core-0.8.9.jar:/home/alumno/.m2/repository/org/apache/james/apache-mime4j-dom/0.8.9/apache-mime4j-dom-0.8.9.jar:/home/alumno/.m2/repository/org/apache/tika/tika-parser-microsoft-module/3.0.0-BETA/tika-parser-microsoft-module-3.0.0-BETA.jar:/home/alumno/.m2/repository/com/pff/java-libpst/0.9.3/java-libpst-0.9.3.jar:/home/alumno/.m2/repository/org/apache/poi/poi/5.2.5/poi-5.2.5.jar:/home/alumno/.m2/repository/org/apache/commons/commons-math3/3.6.1/commons-math3-3.6.1.jar:/home/alumno/.m2/repository/com/zaxxer/SparseBitSet/1.3/SparseBitSet-1.3.jar:/home/alumno/.m2/repository/org/apache/poi/poi-scratchpad/5.2.5/poi-scratchpad-5.2.5.jar:/home/alumno/.m2/repository/org/apache/poi/poi-ooxml/5.2.5/poi-ooxml-5.2.5.jar:/home/alumno/.m2/repository/org/apache/poi/poi-ooxml-lite/5.2.5/poi-ooxml-lite-5.2.5.jar:/home/alumno/.m2/repository/org/apache/xmlbeans/xmlbeans/5.2.0/xmlbeans-5.2.0.jar:/home/alumno/.m2/repository/com/github/virtuald/curvesapi/1.08/curvesapi-1.08.jar:/home/alumno/.m2/repository/com/healthmarketscience/jackcess/jackcess/4.0.5/jackcess-4.0.5.jar:/home/alumno/.m2/repository/com/healthmarketscience/jackcess/jackcess-encrypt/4.0.2/jackcess-encrypt-4.0.2.jar:/home/alumno/.m2/repository/org/apache/tika/tika-parser-miscoffice-module/3.0.0-BETA/tika-parser-miscoffice-module-3.0.0-BETA.jar:/home/alumno/.m2/repository/org/apache/tika/tika-parser-news-module/3.0.0-BETA/tika-parser-news-module-3.0.0-BETA.jar:/home/alumno/.m2/repository/com/rometools/rome/2.1.0/rome-2.1.0.jar:/home/alumno/.m2/repository/com/rometools/rome-utils/2.1.0/rome-utils-2.1.0.jar:/home/alumno/.m2/repository/org/jdom/jdom2/2.0.6.1/jdom2-2.0.6.1.jar:/home/alumno/.m2/repository/org/apache/tika/tika-parser-ocr-module/3.0.0-BETA/tika-parser-ocr-module-3.0.0-BETA.jar:/home/alumno/.m2/repository/org/apache/commons/commons-exec/1.3/commons-exec-1.3.jar:/home/alumno/.m2/repository/org/apache/tika/tika-parser-pdf-module/3.0.0-BETA/tika-parser-pdf-module-3.0.0-BETA.jar:/home/alumno/.m2/repository/org/apache/pdfbox/pdfbox/3.0.1/pdfbox-3.0.1.jar:/home/alumno/.m2/repository/org/apache/pdfbox/pdfbox-tools/3.0.1/pdfbox-tools-3.0.1.jar:/home/alumno/.m2/repository/info/picocli/picocli/4.7.5/picocli-4.7.5.jar:/home/alumno/.m2/repository/org/apache/pdfbox/jempbox/1.8.17/jempbox-1.8.17.jar:/home/alumno/.m2/repository/org/apache/tika/tika-parser-pkg-module/3.0.0-BETA/tika-parser-pkg-module-3.0.0-BETA.jar:/home/alumno/.m2/repository/org/tukaani/xz/1.9/xz-1.9.jar:/home/alumno/.m2/repository/org/brotli/dec/0.1.2/dec-0.1.2.jar:/home/alumno/.m2/repository/com/github/junrar/junrar/7.5.5/junrar-7.5.5.jar:/home/alumno/.m2/repository/org/apache/tika/tika-parser-text-module/3.0.0-BETA/tika-parser-text-module-3.0.0-BETA.jar:/home/alumno/.m2/repository/com/github/albfernandez/juniversalchardet/2.4.0/juniversalchardet-2.4.0.jar:/home/alumno/.m2/repository/org/apache/commons/commons-csv/1.10.0/commons-csv-1.10.0.jar:/home/alumno/.m2/repository/org/apache/tika/tika-parser-webarchive-module/3.0.0-BETA/tika-parser-webarchive-module-3.0.0-BETA.jar:/home/alumno/.m2/repository/org/netpreserve/jwarc/0.28.3/jwarc-0.28.3.jar:/home/alumno/.m2/repository/org/apache/commons/commons-compress/1.26.1/commons-compress-1.26.1.jar:/home/alumno/.m2/repository/org/apache/tika/tika-parser-xml-module/3.0.0-BETA/tika-parser-xml-module-3.0.0-BETA.jar:/home/alumno/.m2/repository/org/apache/tika/tika-parser-xmp-commons/3.0.0-BETA/tika-parser-xmp-commons-3.0.0-BETA.jar:/home/alumno/.m2/repository/org/apache/pdfbox/xmpbox/3.0.1/xmpbox-3.0.1.jar:/home/alumno/.m2/repository/org/gagravarr/vorbis-java-tika/0.8/vorbis-java-tika-0.8.jar:/home/alumno/.m2/repository/org/gagravarr/vorbis-java-core/0.8/vorbis-java-core-0.8.jar:/home/alumno/.m2/repository/com/vdurmont/emoji-java/5.1.1/emoji-java-5.1.1.jar:/home/alumno/.m2/repository/org/json/json/20170516/json-20170516.jar:/home/alumno/.m2/repository/org/zwobble/mammoth/mammoth/1.4.2/mammoth-1.4.2.jar:/home/alumno/.m2/repository/commons-codec/commons-codec/1.17.0/commons-codec-1.17.0.jar:/home/alumno/.m2/repository/commons-io/commons-io/2.16.1/commons-io-2.16.1.jar:/home/alumno/.m2/repository/org/apache/commons/commons-lang3/3.14.0/commons-lang3-3.14.0.jar:/home/alumno/.m2/repository/org/apache/commons/commons-text/1.12.0/commons-text-1.12.0.jar:/home/alumno/.m2/repository/commons-validator/commons-validator/1.7/commons-validator-1.7.jar:/home/alumno/.m2/repository/commons-beanutils/commons-beanutils/1.9.4/commons-beanutils-1.9.4.jar:/home/alumno/.m2/repository/commons-digester/commons-digester/2.1/commons-digester-2.1.jar:/home/alumno/.m2/repository/commons-collections/commons-collections/3.2.2/commons-collections-3.2.2.jar:/home/alumno/.m2/repository/org/apache/commons/commons-collections4/4.4/commons-collections4-4.4.jar:/home/alumno/.m2/repository/org/apache/httpcomponents/httpclient/4.5.14/httpclient-4.5.14.jar:/home/alumno/.m2/repository/org/apache/httpcomponents/httpcore/4.4.16/httpcore-4.4.16.jar:/home/alumno/.m2/repository/org/apache/httpcomponents/httpmime/4.5.14/httpmime-4.5.14.jar:/home/alumno/.m2/repository/com/opencsv/opencsv/5.6/opencsv-5.6.jar:/home/alumno/.m2/repository/org/hsqldb/hsqldb/2.7.1/hsqldb-2.7.1.jar:/home/alumno/.m2/repository/javax/servlet/javax.servlet-api/4.0.1/javax.servlet-api-4.0.1.jar:/home/alumno/.m2/repository/org/jvnet/opendmk/jmxremote_optional/1.0_01-ea/jmxremote_optional-1.0_01-ea.jar:/home/alumno/.m2/repository/net/sf/ehcache/ehcache-core/2.6.11/ehcache-core-2.6.11.jar:/home/alumno/.m2/repository/org/terracotta/terracotta-toolkit-1.6-runtime/5.9.0/terracotta-toolkit-1.6-runtime-5.9.0.jar:/home/alumno/.m2/repository/net/sf/ehcache/ehcache-terracotta/2.6.11/ehcache-terracotta-2.6.11.jar:/home/alumno/.m2/repository/com/hazelcast/hazelcast/3.12.13/hazelcast-3.12.13.jar:/home/alumno/.m2/repository/com/hazelcast/hazelcast-client/3.12.13/hazelcast-client-3.12.13.jar:/home/alumno/.m2/repository/com/google/guava/guava/31.0.1-jre/guava-31.0.1-jre.jar:/home/alumno/.m2/repository/com/google/guava/failureaccess/1.0.1/failureaccess-1.0.1.jar:/home/alumno/.m2/repository/com/google/guava/listenablefuture/9999.0-empty-to-avoid-conflict-with-guava/listenablefuture-9999.0-empty-to-avoid-conflict-with-guava.jar:/home/alumno/.m2/repository/org/checkerframework/checker-qual/3.12.0/checker-qual-3.12.0.jar:/home/alumno/.m2/repository/com/google/errorprone/error_prone_annotations/2.7.1/error_prone_annotations-2.7.1.jar:/home/alumno/.m2/repository/com/google/j2objc/j2objc-annotations/1.3/j2objc-annotations-1.3.jar:/home/alumno/.m2/repository/com/google/code/findbugs/jsr305/3.0.2/jsr305-3.0.2.jar:/home/alumno/.m2/repository/org/azeckoski/reflectutils/0.9.19/reflectutils-0.9.19.jar:/home/alumno/.m2/repository/com/sun/mail/jakarta.mail/1.6.7/jakarta.mail-1.6.7.jar:/home/alumno/.m2/repository/com/sun/activation/jakarta.activation/1.2.2/jakarta.activation-1.2.2.jar:/home/alumno/.m2/repository/jakarta/activation/jakarta.activation-api/1.2.2/jakarta.activation-api-1.2.2.jar:/home/alumno/.m2/repository/org/springframework/spring-core/5.3.34/spring-core-5.3.34.jar:/home/alumno/.m2/repository/org/springframework/spring-jcl/5.3.34/spring-jcl-5.3.34.jar:/home/alumno/.m2/repository/org/springframework/spring-beans/5.3.34/spring-beans-5.3.34.jar:/home/alumno/.m2/repository/org/springframework/spring-context/5.3.34/spring-context-5.3.34.jar:/home/alumno/.m2/repository/org/springframework/spring-aop/5.3.34/spring-aop-5.3.34.jar:/home/alumno/.m2/repository/org/springframework/spring-expression/5.3.34/spring-expression-5.3.34.jar:/home/alumno/.m2/repository/org/springframework/spring-context-support/5.3.34/spring-context-support-5.3.34.jar:/home/alumno/.m2/repository/org/springframework/spring-jdbc/5.3.34/spring-jdbc-5.3.34.jar:/home/alumno/.m2/repository/org/springframework/spring-orm/5.3.34/spring-orm-5.3.34.jar:/home/alumno/.m2/repository/org/springframework/spring-tx/5.3.34/spring-tx-5.3.34.jar:/home/alumno/.m2/repository/org/springframework/data/spring-data-jpa/2.5.12/spring-data-jpa-2.5.12.jar:/home/alumno/.m2/repository/org/aspectj/aspectjrt/1.9.7/aspectjrt-1.9.7.jar:/home/alumno/.m2/repository/org/springframework/data/spring-data-commons/2.4.2/spring-data-commons-2.4.2.jar:/home/alumno/.m2/repository/org/springframework/spring-test/5.3.34/spring-test-5.3.34.jar:/home/alumno/.m2/repository/org/apache/ignite/ignite-core/2.15.0/ignite-core-2.15.0.jar:/home/alumno/.m2/repository/javax/cache/cache-api/1.1.1/cache-api-1.1.1.jar:/home/alumno/.m2/repository/org/jetbrains/annotations/16.0.3/annotations-16.0.3.jar:/home/alumno/.m2/repository/org/apache/ignite/ignite-spring/2.15.0/ignite-spring-2.15.0.jar:/home/alumno/.m2/repository/org/apache/ignite/ignite-spring-cache-ext/1.0.0/ignite-spring-cache-ext-1.0.0.jar:/home/alumno/.m2/repository/org/apache/ignite/ignite-spring-data-commons/1.1.0/ignite-spring-data-commons-1.1.0.jar:/home/alumno/.m2/repository/org/apache/ignite/ignite-hibernate-ext/5.3.0/ignite-hibernate-ext-5.3.0.jar:/home/alumno/.m2/repository/org/apache/ignite/ignite-slf4j/2.15.0/ignite-slf4j-2.15.0.jar:/home/alumno/.m2/repository/org/hibernate/hibernate-entitymanager/5.6.15.Final/hibernate-entitymanager-5.6.15.Final.jar:/home/alumno/.m2/repository/org/jboss/logging/jboss-logging/3.4.3.Final/jboss-logging-3.4.3.Final.jar:/home/alumno/.m2/repository/org/hibernate/common/hibernate-commons-annotations/5.1.2.Final/hibernate-commons-annotations-5.1.2.Final.jar:/home/alumno/.m2/repository/javax/persistence/javax.persistence-api/2.2/javax.persistence-api-2.2.jar:/home/alumno/.m2/repository/net/bytebuddy/byte-buddy/1.14.3/byte-buddy-1.14.3.jar:/home/alumno/.m2/repository/org/jboss/spec/javax/transaction/jboss-transaction-api_1.2_spec/1.1.1.Final/jboss-transaction-api_1.2_spec-1.1.1.Final.jar:/home/alumno/.m2/repository/org/hibernate/hibernate-core/5.6.15.Final/hibernate-core-5.6.15.Final.jar:/home/alumno/.m2/repository/antlr/antlr/2.7.7/antlr-2.7.7.jar:/home/alumno/.m2/repository/org/jboss/jandex/2.4.3.Final/jandex-2.4.3.Final.jar:/home/alumno/.m2/repository/com/fasterxml/classmate/1.5.1/classmate-1.5.1.jar:/home/alumno/.m2/repository/javax/activation/javax.activation-api/1.2.0/javax.activation-api-1.2.0.jar:/home/alumno/.m2/repository/javax/xml/bind/jaxb-api/2.3.1/jaxb-api-2.3.1.jar:/home/alumno/.m2/repository/org/glassfish/jaxb/jaxb-runtime/2.3.6/jaxb-runtime-2.3.6.jar:/home/alumno/.m2/repository/jakarta/xml/bind/jakarta.xml.bind-api/2.3.3/jakarta.xml.bind-api-2.3.3.jar:/home/alumno/.m2/repository/org/glassfish/jaxb/txw2/2.3.6/txw2-2.3.6.jar:/home/alumno/.m2/repository/com/sun/istack/istack-commons-runtime/3.0.11/istack-commons-runtime-3.0.11.jar:/home/alumno/.m2/repository/cglib/cglib-nodep/3.3.0/cglib-nodep-3.3.0.jar:/home/alumno/.m2/repository/org/jasypt/jasypt/1.9.3/jasypt-1.9.3.jar:/home/alumno/.m2/repository/org/owasp/antisamy/antisamy/1.6.8/antisamy-1.6.8.jar:/home/alumno/.m2/repository/net/sourceforge/htmlunit/neko-htmlunit/2.61.0/neko-htmlunit-2.61.0.jar:/home/alumno/.m2/repository/org/apache/httpcomponents/client5/httpclient5/5.3.1/httpclient5-5.3.1.jar:/home/alumno/.m2/repository/org/apache/httpcomponents/core5/httpcore5-h2/5.2.4/httpcore5-h2-5.2.4.jar:/home/alumno/.m2/repository/org/apache/httpcomponents/core5/httpcore5/5.2.3/httpcore5-5.2.3.jar:/home/alumno/.m2/repository/org/apache/xmlgraphics/batik-css/1.14/batik-css-1.14.jar:/home/alumno/.m2/repository/org/apache/xmlgraphics/batik-shared-resources/1.14/batik-shared-resources-1.14.jar:/home/alumno/.m2/repository/org/apache/xmlgraphics/batik-util/1.14/batik-util-1.14.jar:/home/alumno/.m2/repository/org/apache/xmlgraphics/batik-constants/1.14/batik-constants-1.14.jar:/home/alumno/.m2/repository/org/apache/xmlgraphics/batik-i18n/1.14/batik-i18n-1.14.jar:/home/alumno/.m2/repository/org/apache/xmlgraphics/xmlgraphics-commons/1.5/xmlgraphics-commons-1.5.jar:/home/alumno/.m2/repository/xerces/xercesImpl/2.12.2/xercesImpl-2.12.2.jar:/home/alumno/.m2/repository/xml-apis/xml-apis/1.4.01/xml-apis-1.4.01.jar:/home/alumno/.m2/repository/xml-apis/xml-apis-ext/1.3.04/xml-apis-ext-1.3.04.jar:/home/alumno/.m2/repository/org/jsoup/jsoup/1.15.4/jsoup-1.15.4.jar:/home/alumno/.m2/repository/com/github/davidmoten/subethasmtp/5.2.8/subethasmtp-5.2.8.jar:/home/alumno/.m2/repository/com/google/code/findbugs/findbugs-annotations/3.0.1/findbugs-annotations-3.0.1.jar:/home/alumno/.m2/repository/com/github/davidmoten/guava-mini/0.1.3/guava-mini-0.1.3.jar:/home/alumno/.m2/repository/com/carrotsearch/java-sizeof/0.0.5/java-sizeof-0.0.5.jar:/home/alumno/.m2/repository/nl/martijndwars/web-push/5.1.1/web-push-5.1.1.jar:/home/alumno/.m2/repository/com/beust/jcommander/1.78/jcommander-1.78.jar:/home/alumno/.m2/repository/org/apache/httpcomponents/httpasyncclient/4.1.5/httpasyncclient-4.1.5.jar:/home/alumno/.m2/repository/org/apache/httpcomponents/httpcore-nio/4.4.16/httpcore-nio-4.4.16.jar:/home/alumno/.m2/repository/org/asynchttpclient/async-http-client/2.10.4/async-http-client-2.10.4.jar:/home/alumno/.m2/repository/org/asynchttpclient/async-http-client-netty-utils/2.10.4/async-http-client-netty-utils-2.10.4.jar:/home/alumno/.m2/repository/io/netty/netty-buffer/4.1.94.Final/netty-buffer-4.1.94.Final.jar:/home/alumno/.m2/repository/io/netty/netty-codec-http/4.1.94.Final/netty-codec-http-4.1.94.Final.jar:/home/alumno/.m2/repository/io/netty/netty-common/4.1.94.Final/netty-common-4.1.94.Final.jar:/home/alumno/.m2/repository/io/netty/netty-transport/4.1.94.Final/netty-transport-4.1.94.Final.jar:/home/alumno/.m2/repository/io/netty/netty-codec/4.1.94.Final/netty-codec-4.1.94.Final.jar:/home/alumno/.m2/repository/io/netty/netty-handler/4.1.94.Final/netty-handler-4.1.94.Final.jar:/home/alumno/.m2/repository/io/netty/netty-resolver/4.1.94.Final/netty-resolver-4.1.94.Final.jar:/home/alumno/.m2/repository/io/netty/netty-transport-native-unix-common/4.1.94.Final/netty-transport-native-unix-common-4.1.94.Final.jar:/home/alumno/.m2/repository/io/netty/netty-codec-socks/4.1.42.Final/netty-codec-socks-4.1.42.Final.jar:/home/alumno/.m2/repository/io/netty/netty-handler-proxy/4.1.42.Final/netty-handler-proxy-4.1.42.Final.jar:/home/alumno/.m2/repository/io/netty/netty-transport-native-epoll/4.1.42.Final/netty-transport-native-epoll-4.1.42.Final-linux-x86_64.jar:/home/alumno/.m2/repository/io/netty/netty-transport-native-kqueue/4.1.42.Final/netty-transport-native-kqueue-4.1.42.Final-osx-x86_64.jar:/home/alumno/.m2/repository/io/netty/netty-resolver-dns/4.1.42.Final/netty-resolver-dns-4.1.42.Final.jar:/home/alumno/.m2/repository/io/netty/netty-codec-dns/4.1.42.Final/netty-codec-dns-4.1.42.Final.jar:/home/alumno/.m2/repository/org/reactivestreams/reactive-streams/1.0.2/reactive-streams-1.0.2.jar:/home/alumno/.m2/repository/com/typesafe/netty/netty-reactive-streams/2.0.3/netty-reactive-streams-2.0.3.jar:/home/alumno/.m2/repository/com/sun/activation/javax.activation/1.2.0/javax.activation-1.2.0.jar:/home/alumno/.m2/repository/org/bitbucket/b_c/jose4j/0.7.0/jose4j-0.7.0.jar:/home/alumno/.m2/repository/org/bouncycastle/bcprov-jdk18on/1.72/bcprov-jdk18on-1.72.jar:/home/alumno/.m2/repository/com/fasterxml/jackson/datatype/jackson-datatype-jsr310/2.16.1/jackson-datatype-jsr310-2.16.1.jar:/home/alumno/.m2/repository/com/fasterxml/jackson/core/jackson-annotations/2.16.1/jackson-annotations-2.16.1.jar:/home/alumno/.m2/repository/com/fasterxml/jackson/core/jackson-core/2.16.1/jackson-core-2.16.1.jar:/home/alumno/.m2/repository/com/fasterxml/jackson/core/jackson-databind/2.16.1/jackson-databind-2.16.1.jar:/home/alumno/.m2/repository/org/jmock/jmock/2.5.1/jmock-2.5.1.jar:/home/alumno/.m2/repository/org/jmock/jmock-junit4/2.5.1/jmock-junit4-2.5.1.jar:/home/alumno/.m2/repository/org/jmock/jmock-legacy/2.8.4/jmock-legacy-2.8.4.jar:/home/alumno/.m2/repository/org/objenesis/objenesis/2.1/objenesis-2.1.jar:/home/alumno/.m2/repository/org/jmock/jmock-junit3/2.5.1/jmock-junit3-2.5.1.jar:/home/alumno/.m2/repository/org/mockito/mockito-core/3.11.2/mockito-core-3.11.2.jar:/home/alumno/.m2/repository/net/bytebuddy/byte-buddy-agent/1.11.3/byte-buddy-agent-1.11.3.jar:/home/alumno/.m2/repository/org/assertj/assertj-core/3.23.1/assertj-core-3.23.1.jar:/home/alumno/.m2/repository/org/hamcrest/hamcrest-core/2.2/hamcrest-core-2.2.jar:/home/alumno/.m2/repository/org/hamcrest/hamcrest/2.2/hamcrest-2.2.jar:/home/alumno/.m2/repository/org/hamcrest/hamcrest-library/2.2/hamcrest-library-2.2.jar:/home/alumno/.m2/repository/com/zaxxer/HikariCP/5.0.1/HikariCP-5.0.1.jar:/home/alumno/.m2/repository/org/passay/passay/1.6.4/passay-1.6.4.jar:/home/alumno/.m2/repository/org/freemarker/freemarker/2.3.32/freemarker-2.3.32.jar:/home/alumno/.m2/repository/org/simpleframework/simple-xml/2.7.1/simple-xml-2.7.1.jar:/home/alumno/.m2/repository/stax/stax-api/1.0.1/stax-api-1.0.1.jar:/home/alumno/.m2/repository/stax/stax/1.2.0/stax-1.2.0.jar:/home/alumno/.m2/repository/xpp3/xpp3/1.1.3.3/xpp3-1.1.3.3.jar:/home/alumno/.m2/repository/com/googlecode/json-simple/json-simple/1.1.1/json-simple-1.1.1.jar:/home/alumno/.m2/repository/jakarta/annotation/jakarta.annotation-api/1.3.5/jakarta.annotation-api-1.3.5.jar:/home/alumno/.m2/repository/org/slf4j/slf4j-api/1.7.36/slf4j-api-1.7.36.jar:/home/alumno/.m2/repository/org/apache/logging/log4j/log4j-api/2.23.0/log4j-api-2.23.0.jar:/home/alumno/.m2/repository/org/apache/logging/log4j/log4j-slf4j-impl/2.23.0/log4j-slf4j-impl-2.23.0.jar:/home/alumno/.m2/repository/org/slf4j/jcl-over-slf4j/1.7.36/jcl-over-slf4j-1.7.36.jar:/home/alumno/.m2/repository/org/apache/logging/log4j/log4j-core/2.23.0/log4j-core-2.23.0.jar:/home/alumno/.m2/repository/org/projectlombok/lombok/1.18.32/lombok-1.18.32.jar:/home/alumno/.m2/repository/junit/junit/4.13.2/junit-4.13.2.jar:"/>
    <property name="sun.cpu.endian" value="little"/>
    <property name="user.home" value="/home/alumno"/>
    <property name="user.language" value="es"/>
    <property name="java.specification.vendor" value="Oracle Corporation"/>
    <property name="java.version.date" value="2024-01-16"/>
    <property name="java.home" value="/usr/lib/jvm/java-11-openjdk-amd64"/>
    <property name="file.separator" value="/"/>
    <property name="basedir" value="/home/alumno/Escritorio/kernel/kernel-impl"/>
    <property name="java.vm.compressedOopsMode" value="Zero based"/>
    <property name="line.separator" value="&#10;"/>
    <property name="java.specification.name" value="Java Platform API Specification"/>
    <property name="java.vm.specification.vendor" value="Oracle Corporation"/>
    <property name="java.awt.graphicsenv" value="sun.awt.X11GraphicsEnvironment"/>
    <property name="java.awt.headless" value="true"/>
    <property name="lombok.disable" value="true"/>
    <property name="surefire.real.class.path" value="/home/alumno/Escritorio/kernel/kernel-impl/target/surefire/surefirebooter-20240522182041100_260.jar"/>
    <property name="sun.management.compiler" value="HotSpot 64-Bit Tiered Compilers"/>
    <property name="java.runtime.version" value="11.0.22+7-post-Ubuntu-0ubuntu222.04.1"/>
    <property name="user.name" value="alumno"/>
    <property name="path.separator" value=":"/>
    <property name="java.security.egd" value="file:/dev/./urandom"/>
    <property name="os.version" value="6.2.16-5-pve"/>
    <property name="test.sakai.home" value=""/>
    <property name="java.runtime.name" value="OpenJDK Runtime Environment"/>
    <property name="file.encoding" value="UTF-8"/>
    <property name="java.vm.name" value="OpenJDK 64-Bit Server VM"/>
    <property name="localRepository" value="/home/alumno/.m2/repository"/>
    <property name="java.vendor.url.bug" value="https://bugs.launchpad.net/ubuntu/+source/openjdk-lts"/>
    <property name="java.io.tmpdir" value="/tmp"/>
    <property name="java.version" value="11.0.22"/>
    <property name="user.dir" value="/home/alumno/Escritorio/kernel/kernel-impl"/>
    <property name="os.arch" value="amd64"/>
    <property name="java.vm.specification.name" value="Java Virtual Machine Specification"/>
    <property name="java.awt.printerjob" value="sun.print.PSPrinterJob"/>
    <property name="maven.tomcat.home" value=""/>
    <property name="sun.os.patch.level" value="unknown"/>
    <property name="java.library.path" value="/usr/java/packages/lib:/usr/lib/x86_64-linux-gnu/jni:/lib/x86_64-linux-gnu:/usr/lib/x86_64-linux-gnu:/usr/lib/jni:/lib:/usr/lib"/>
    <property name="java.vm.info" value="mixed mode, sharing"/>
    <property name="java.vendor" value="Ubuntu"/>
    <property name="java.vm.version" value="11.0.22+7-post-Ubuntu-0ubuntu222.04.1"/>
    <property name="java.specification.maintenance.version" value="2"/>
    <property name="sun.io.unicode.encoding" value="UnicodeLittle"/>
    <property name="java.class.version" value="55.0"/>
  </properties>
  <testcase name="testStoredConfigService" classname="org.sakaiproject.config.test.StoredConfigServiceTest" time="0.195">
    <system-out><![CDATA[&amp#27;[32m[INFO]&amp#27;[m 1554 [main] org.sakaiproject.component.cover.TestComponentManagerContainer:85 Starting Component Manager with [../kernel-impl/src/main/webapp/WEB-INF/components.xml]
&amp#27;[33m[WARN]&amp#27;[m 1653 [main] org.sakaiproject.component.impl.SpringCompMgr:354 loadComponents: cannot establish a root directory for the components packages
&amp#27;[32m[INFO]&amp#27;[m 3464 [main] org.sakaiproject.util.SakaiProperties:388 Loaded 123 properties from file class path resource [org/sakaiproject/config/kernel.properties]
&amp#27;[33m[WARN]&amp#27;[m 3470 [main] org.sakaiproject.util.SakaiProperties:395 Could not load properties from class path resource [org/sakaiproject/config/bundle/default.sakai.properties]: class path resource [org/sakaiproject/config/bundle/default.sakai.properties] cannot be opened because it does not exist
&amp#27;[33m[WARN]&amp#27;[m 3471 [main] org.sakaiproject.util.SakaiProperties:395 Could not load properties from URL [file:src/test/resources/storedconfigservice/placeholder.properties]: src/test/resources/storedconfigservice/placeholder.properties (No such file or directory)
&amp#27;[32m[INFO]&amp#27;[m 3471 [main] org.sakaiproject.util.SakaiProperties:388 Loaded 5 properties from file URL [file:src/test/resources/storedconfigservice/sakai.properties]
&amp#27;[33m[WARN]&amp#27;[m 3472 [main] org.sakaiproject.util.SakaiProperties:395 Could not load properties from URL [file:src/test/resources/storedconfigservice/local.properties]: src/test/resources/storedconfigservice/local.properties (No such file or directory)
&amp#27;[32m[INFO]&amp#27;[m 3472 [main] org.sakaiproject.util.SakaiProperties:388 Loaded 8 properties from file URL [file:src/test/resources/test.properties]
&amp#27;[32m[INFO]&amp#27;[m 3474 [main] org.sakaiproject.util.SakaiProperties:356 Loaded a total of 130 properties
&amp#27;[32m[INFO]&amp#27;[m 4690 [main] org.sakaiproject.thread_local.impl.ThreadLocalComponent:77 init()
&amp#27;[32m[INFO]&amp#27;[m 4800 [main] org.sakaiproject.tool.impl.SessionComponent:217 init(): interval: 1800 refresh: 60
&amp#27;[32m[INFO]&amp#27;[m 4807 [main] org.sakaiproject.component.impl.BasicConfigurationService:163 Configured 0 secured key names: []
&amp#27;[32m[INFO]&amp#27;[m 4808 [main] org.sakaiproject.component.impl.BasicConfigurationService:936 Adding 1 properties from local0
&amp#27;[32m[INFO]&amp#27;[m 4809 [main] org.sakaiproject.component.impl.BasicConfigurationService:936 Adding 123 properties from kernel.properties
&amp#27;[32m[INFO]&amp#27;[m 4809 [main] org.sakaiproject.component.impl.BasicConfigurationService:945 Promoted to system property: system.test.key
&amp#27;[32m[INFO]&amp#27;[m 4810 [main] org.sakaiproject.component.impl.BasicConfigurationService:936 Adding 5 properties from sakai.properties
&amp#27;[32m[INFO]&amp#27;[m 4811 [main] org.sakaiproject.component.impl.BasicConfigurationService:936 Adding 8 properties from test.properties
&amp#27;[32m[INFO]&amp#27;[m 4812 [main] org.sakaiproject.component.impl.BasicConfigurationService:183 Configured 1 secured keys from all sources
&amp#27;[32m[INFO]&amp#27;[m 4812 [main] org.sakaiproject.component.impl.BasicConfigurationService:184 Loaded 135 config items from all initial sources
&amp#27;[32m[INFO]&amp#27;[m 4815 [main] org.sakaiproject.component.impl.BasicConfigurationService:188 Dereference Initial: Changed (dereferenced) 0 item values out of 136 initial config items
&amp#27;[32m[INFO]&amp#27;[m 4835 [main] org.sakaiproject.component.impl.BasicConfigurationService:205 Found and loaded 0 config values from 0 configuration providers
&amp#27;[32m[INFO]&amp#27;[m 4836 [main] org.sakaiproject.component.impl.BasicConfigurationService:227 init()
&amp#27;[32m[INFO]&amp#27;[m 4894 [main] org.sakaiproject.ignite.IgniteConfigurationAdapter:210 Ignite configured with home=[/home/alumno/Escritorio/kernel/kernel-impl/src/test/resources/storedconfigservice/ignite/eim-alu-69095], node=[eim-alu-69095], name=[localhost], client mode=[false], tcp ports=[50266..50275], discovery ports=[0..9]
&amp#27;[32m[INFO]&amp#27;[m 4992 [main] org.apache.ignite.internal.IgniteKernal%localhost:117 Config URL: n/a
&amp#27;[32m[INFO]&amp#27;[m 5023 [main] org.apache.ignite.internal.IgniteKernal%localhost:117 IgniteConfiguration [igniteInstanceName=localhost, pubPoolSize=8, svcPoolSize=8, callbackPoolSize=8, stripedPoolSize=8, sysPoolSize=8, mgmtPoolSize=4, dataStreamerPoolSize=8, utilityCachePoolSize=8, utilityCacheKeepAliveTime=60000, p2pPoolSize=2, qryPoolSize=8, buildIdxPoolSize=1, igniteHome=/home/alumno/Escritorio/kernel/kernel-impl/src/test/resources/storedconfigservice/ignite/eim-alu-69095, igniteWorkDir=/home/alumno/Escritorio/kernel/kernel-impl/src/test/resources/storedconfigservice/ignite/eim-alu-69095/work, mbeanSrv=com.sun.jmx.mbeanserver.JmxMBeanServer@a37aefe, nodeId=e5c42cc1-1031-456c-9da5-f50edd00b2d9, marsh=BinaryMarshaller [], marshLocJobs=false, p2pEnabled=false, netTimeout=5000, netCompressionLevel=1, sndRetryDelay=1000, sndRetryCnt=3, metricsHistSize=10000, metricsUpdateFreq=2000, metricsExpTime=9223372036854775807, discoSpi=TcpDiscoverySpi [addrRslvr=null, addressFilter=null, sockTimeout=0, ackTimeout=0, marsh=null, reconCnt=10, reconDelay=2000, maxAckTimeout=600000, soLinger=0, forceSrvMode=false, clientReconnectDisabled=false, internalLsnr=null, skipAddrsRandomization=false], segPlc=NOOP, segResolveAttempts=2, waitForSegOnStart=true, allResolversPassReq=true, segChkFreq=10000, commSpi=TcpCommunicationSpi [connectGate=org.apache.ignite.spi.communication.tcp.internal.ConnectGateway@706ddbc8, ctxInitLatch=java.util.concurrent.CountDownLatch@fd09e43[Count = 1], stopping=false, clientPool=null, nioSrvWrapper=null, stateProvider=null], evtSpi=org.apache.ignite.spi.eventstorage.NoopEventStorageSpi@144ab983, colSpi=FifoQueueCollisionSpi [parallelJobsNum=8, waitJobsNum=2147483647, runningCnt=0, waitingCnt=0, heldCnt=0], deploySpi=LocalDeploymentSpi [], indexingSpi=org.apache.ignite.spi.indexing.noop.NoopIndexingSpi@2d2b6960, addrRslvr=null, encryptionSpi=org.apache.ignite.spi.encryption.noop.NoopEncryptionSpi@38291795, tracingSpi=org.apache.ignite.spi.tracing.NoopTracingSpi@234c5e41, clientMode=false, rebalanceThreadPoolSize=1, rebalanceTimeout=10000, rebalanceBatchesPrefetchCnt=3, rebalanceThrottle=0, rebalanceBatchSize=524288, txCfg=TransactionConfiguration [txSerEnabled=false, dfltIsolation=READ_COMMITTED, dfltConcurrency=OPTIMISTIC, dfltTxTimeout=30000, txTimeoutOnPartitionMapExchange=0, deadlockTimeout=10000, pessimisticTxLogSize=0, pessimisticTxLogLinger=10000, tmLookupClsName=null, txManagerFactory=null, useJtaSync=false], cacheSanityCheckEnabled=true, discoStartupDelay=60000, deployMode=CONTINUOUS, p2pMissedCacheSize=100, locHost=null, timeSrvPortBase=31100, timeSrvPortRange=100, failureDetectionTimeout=20000, sysWorkerBlockedTimeout=20000, clientFailureDetectionTimeout=30000, metricsLogFreq=0, connectorCfg=ConnectorConfiguration [jettyPath=null, host=null, port=11211, noDelay=true, directBuf=false, sndBufSize=32768, rcvBufSize=32768, idleQryCurTimeout=600000, idleQryCurCheckFreq=60000, sndQueueLimit=0, selectorCnt=4, idleTimeout=7000, sslEnabled=false, sslClientAuth=false, sslCtxFactory=null, sslFactory=null, portRange=100, threadPoolSize=8, msgInterceptor=null], odbcCfg=null, warmupClos=null, atomicCfg=AtomicConfiguration [seqReserveSize=1000, cacheMode=PARTITIONED, backups=1, aff=null, grpName=null], classLdr=null, sslCtxFactory=null, platformCfg=null, binaryCfg=null, memCfg=null, pstCfg=null, dsCfg=DataStorageConfiguration [pageSize=0, concLvl=0, sysDataRegConf=org.apache.ignite.configuration.SystemDataRegionConfiguration@3a36cd5, dfltDataRegConf=DataRegionConfiguration [name=spring_region, maxSize=104857600, initSize=10485760, swapPath=null, pageEvictionMode=RANDOM_2_LRU, pageReplacementMode=CLOCK, evictionThreshold=0.9, emptyPagesPoolSize=100, metricsEnabled=true, metricsSubIntervalCount=5, metricsRateTimeInterval=60000, persistenceEnabled=false, checkpointPageBufSize=0, lazyMemoryAllocation=true, warmUpCfg=null, memoryAllocator=null, cdcEnabled=false], dataRegions=DataRegionConfiguration[] [DataRegionConfiguration [name=hibernate_l2_region, maxSize=1073741824, initSize=314572800, swapPath=null, pageEvictionMode=RANDOM_2_LRU, pageReplacementMode=CLOCK, evictionThreshold=0.9, emptyPagesPoolSize=10000, metricsEnabled=true, metricsSubIntervalCount=5, metricsRateTimeInterval=60000, persistenceEnabled=false, checkpointPageBufSize=0, lazyMemoryAllocation=true, warmUpCfg=null, memoryAllocator=null, cdcEnabled=false]], storagePath=null, checkpointFreq=180000, lockWaitTime=10000, checkpointThreads=4, checkpointWriteOrder=SEQUENTIAL, walHistSize=20, maxWalArchiveSize=1073741824, walSegments=10, walSegmentSize=67108864, walPath=db/wal, walArchivePath=db/wal/archive, cdcWalPath=db/wal/cdc, cdcWalDirMaxSize=0, metricsEnabled=false, walMode=LOG_ONLY, walTlbSize=131072, walBuffSize=0, walFlushFreq=2000, walFsyncDelay=1000, walRecordIterBuffSize=67108864, alwaysWriteFullPages=false, fileIOFactory=org.apache.ignite.internal.processors.cache.persistence.file.AsyncFileIOFactory@32f1fafe, metricsSubIntervalCnt=5, metricsRateTimeInterval=60000, walAutoArchiveAfterInactivity=-1, walForceArchiveTimeout=-1, writeThrottlingEnabled=false, walCompactionEnabled=false, walCompactionLevel=1, checkpointReadLockTimeout=null, walPageCompression=DISABLED, walPageCompressionLevel=null, dfltWarmUpCfg=null, encCfg=org.apache.ignite.configuration.EncryptionConfiguration@5d512ddb, defragmentationThreadPoolSize=4, minWalArchiveSize=-1, memoryAllocator=null], snapshotPath=snapshots, snapshotThreadPoolSize=4, activeOnStart=true, activeOnStartPropSetFlag=false, autoActivation=true, autoActivationPropSetFlag=false, clusterStateOnStart=null, sqlConnCfg=null, cliConnCfg=ClientConnectorConfiguration [host=null, port=10800, portRange=100, sockSndBufSize=0, sockRcvBufSize=0, tcpNoDelay=true, maxOpenCursorsPerConn=128, threadPoolSize=8, selectorCnt=4, idleTimeout=0, handshakeTimeout=10000, jdbcEnabled=true, odbcEnabled=true, thinCliEnabled=true, sslEnabled=false, useIgniteSslCtxFactory=true, sslClientAuth=false, sslCtxFactory=null, thinCliCfg=ThinClientConfiguration [maxActiveTxPerConn=100, maxActiveComputeTasksPerConn=0, sendServerExcStackTraceToClient=false]], mvccVacuumThreadCnt=2, mvccVacuumFreq=5000, authEnabled=false, failureHnd=AbstractFailureHandler [ignoredFailureTypes=UnmodifiableSet []], commFailureRslvr=null, sqlCfg=SqlConfiguration [longQryWarnTimeout=3000, dfltQryTimeout=0, sqlQryHistSize=1000, validationEnabled=false], asyncContinuationExecutor=null]
[18:24:47] OS: Linux 6.2.16-5-pve amd64
&amp#27;[32m[INFO]&amp#27;[m 5026 [main] org.apache.ignite.internal.IgniteKernal%localhost:117 OS: Linux 6.2.16-5-pve amd64
&amp#27;[32m[INFO]&amp#27;[m 5027 [main] org.apache.ignite.internal.IgniteKernal%localhost:117 OS user: alumno
&amp#27;[32m[INFO]&amp#27;[m 5030 [main] org.apache.ignite.internal.IgniteKernal%localhost:117 PID: 488330
[18:24:47] VM information: OpenJDK Runtime Environment 11.0.22+7-post-Ubuntu-0ubuntu222.04.1 Ubuntu OpenJDK 64-Bit Server VM 11.0.22+7-post-Ubuntu-0ubuntu222.04.1
&amp#27;[32m[INFO]&amp#27;[m 5031 [main] org.apache.ignite.internal.IgniteKernal%localhost:117 Language runtime: Java Platform API Specification ver. 11
&amp#27;[32m[INFO]&amp#27;[m 5031 [main] org.apache.ignite.internal.IgniteKernal%localhost:117 VM information: OpenJDK Runtime Environment 11.0.22+7-post-Ubuntu-0ubuntu222.04.1 Ubuntu OpenJDK 64-Bit Server VM 11.0.22+7-post-Ubuntu-0ubuntu222.04.1
&amp#27;[32m[INFO]&amp#27;[m 5031 [main] org.apache.ignite.internal.IgniteKernal%localhost:117 VM total memory: 30.0GB
&amp#27;[32m[INFO]&amp#27;[m 5032 [main] org.apache.ignite.internal.IgniteKernal%localhost:117 Remote Management [restart: off, REST: on, JMX (remote: off)]
&amp#27;[32m[INFO]&amp#27;[m 5032 [main] org.apache.ignite.internal.IgniteKernal%localhost:117 Logger: Slf4jLogger [impl=org.apache.logging.slf4j.Log4jLogger@7061622, quiet=true]
&amp#27;[32m[INFO]&amp#27;[m 5032 [main] org.apache.ignite.internal.IgniteKernal%localhost:117 IGNITE_HOME=/home/alumno/Escritorio/kernel/kernel-impl/src/test/resources/storedconfigservice/ignite/eim-alu-69095
&amp#27;[32m[INFO]&amp#27;[m 5033 [main] org.apache.ignite.internal.IgniteKernal%localhost:117 VM arguments: [--illegal-access=permit, --add-opens=java.xml/jdk.xml.internal=ALL-UNNAMED, -Djava.awt.headless=true, -Dfile.encoding=UTF-8, -Djava.security.egd=file:/dev/./urandom]
&amp#27;[32m[INFO]&amp#27;[m 5033 [main] org.apache.ignite.internal.IgniteKernal%localhost:117 System cache's DataRegion size is configured to 40 MB. Use DataStorageConfiguration.systemRegionInitialSize property to change the setting.
&amp#27;[32m[INFO]&amp#27;[m 5033 [main] org.apache.ignite.internal.IgniteKernal%localhost:117 Configured caches [in 'sysMemPlc' dataRegion: ['ignite-sys-cache'], in 'spring_region' dataRegion: ['org.sakaiproject.lti13.LTI13Servlet_cache'], in 'hibernate_l2_region' dataRegion: ['default-update-timestamps-region', 'default-query-results-region', 'org.sakaiproject.coursemanagement.impl.AcademicSessionCmImpl', 'org.sakaiproject.coursemanagement.impl.CrossListingCmImpl', 'org.sakaiproject.coursemanagement.impl.EnrollmentCmImpl', 'org.sakaiproject.coursemanagement.impl.EnrollmentSetCmImpl', 'org.sakaiproject.coursemanagement.impl.MeetingCmImpl', 'org.sakaiproject.coursemanagement.impl.MembershipCmImpl', 'org.sakaiproject.coursemanagement.impl.AbstractMembershipContainerCmImpl', 'org.sakaiproject.coursemanagement.impl.SectionCategoryCmImpl', 'org.sakaiproject.lessonbuildertool.ChecklistItemStatusImpl', 'org.sakaiproject.lessonbuildertool.SimplePageImpl', 'org.sakaiproject.lessonbuildertool.SimplePageCommentImpl', 'org.sakaiproject.lessonbuildertool.SimplePageGroupImpl', 'org.sakaiproject.lessonbuildertool.SimplePageItemImpl', 'org.sakaiproject.lessonbuildertool.SimplePagePropertyImpl', 'org.sakaiproject.lessonbuildertool.SimpleStudentPageImpl', 'org.sakaiproject.component.common.edu.person.PersonImpl', 'org.sakaiproject.api.common.type.Type', 'org.sakaiproject.component.common.type.TypeImpl', 'org.sakaiproject.taggable.impl.LinkImpl', 'org.sakaiproject.assignment.api.model.Assignment', 'org.sakaiproject.assignment.api.model.Assignment.attachments', 'org.sakaiproject.assignment.api.model.Assignment.properties', 'org.sakaiproject.assignment.api.model.Assignment.groups', 'org.sakaiproject.assignment.api.model.AssignmentSubmission', 'org.sakaiproject.assignment.api.model.AssignmentSubmission.submitters', 'org.sakaiproject.assignment.api.model.AssignmentSubmission.attachments', 'org.sakaiproject.assignment.api.model.AssignmentSubmission.feedbackAttachments', 'org.sakaiproject.assignment.api.model.AssignmentSubmission.properties', 'org.sakaiproject.chat2.model.ChatChannel', 'org.sakaiproject.chat2.model.ChatMessage', 'org.sakaiproject.content.hbm.Lock', 'org.sakaiproject.tool.assessment.data.dao.assessment.PublishedAnswer.answerFeedbackSet', 'org.sakaiproject.content.api.persistence.FileConversionQueueItem', 'org.sakaiproject.rubrics.api.model.Rubric', 'org.sakaiproject.rubrics.api.model.Criterion', 'org.sakaiproject.rubrics.api.model.Rating', 'org.sakaiproject.rubrics.api.model.Evaluation', 'org.sakaiproject.rubrics.api.model.ReturnedEvaluation', 'org.sakaiproject.rubrics.api.model.ToolItemRubricAssociation', 'org.sakaiproject.hbm.privacy.PrivacyRecord', 'org.adl.datamodels.DataModel', 'org.adl.datamodels.ieee.SCORM_2004_DM.mElements', 'org.adl.datamodels.nav.SCORM_2004_NAV_DM.mElements', 'java.net.URL', 'org.adl.datamodels.DMDelimiter', 'org.adl.datamodels.DMDelimiterDescriptor', 'org.adl.datamodels.DMElement', 'org.adl.datamodels.DMElement.mChildren', 'org.adl.datamodels.DMElementDescriptor', 'org.adl.datamodels.DMProcessingInfo', 'org.adl.datamodels.DMTypeValidator', 'org.adl.datamodels.SCODataManager', 'org.adl.datamodels.SCODataManager.dataModels']]
&amp#27;[33m[WARN]&amp#27;[m 5034 [main] org.apache.ignite.internal.IgniteKernal%localhost:127 Please set system property '-Djava.net.preferIPv4Stack=true' to avoid possible problems in mixed environments.
[18:24:47] Please set system property '-Djava.net.preferIPv4Stack=true' to avoid possible problems in mixed environments.
&amp#27;[32m[INFO]&amp#27;[m 5035 [main] org.apache.ignite.internal.IgniteKernal%localhost:117 3-rd party licenses can be found at: /home/alumno/Escritorio/kernel/kernel-impl/src/test/resources/storedconfigservice/ignite/eim-alu-69095/libs/licenses
&amp#27;[32m[INFO]&amp#27;[m 5035 [main] org.apache.ignite.internal.IgniteKernal%localhost:117 Local node user attribute [DiscoveryAddressesSize=1]
[18:24:47] Configured plugins:
&amp#27;[32m[INFO]&amp#27;[m 5129 [main] org.apache.ignite.internal.processors.plugin.IgnitePluginProcessor:117 Configured plugins:
[18:24:47]   ^-- None
&amp#27;[32m[INFO]&amp#27;[m 5130 [main] org.apache.ignite.internal.processors.plugin.IgnitePluginProcessor:117   ^-- None
[18:24:47] 
&amp#27;[32m[INFO]&amp#27;[m 5130 [main] org.apache.ignite.internal.processors.plugin.IgnitePluginProcessor:117 
[18:24:47] Configured failure handler: [hnd=AbstractFailureHandler [ignoredFailureTypes=UnmodifiableSet []]]
&amp#27;[32m[INFO]&amp#27;[m 5131 [main] org.apache.ignite.internal.processors.failure.FailureProcessor:117 Configured failure handler: [hnd=AbstractFailureHandler [ignoredFailureTypes=UnmodifiableSet []]]
&amp#27;[32m[INFO]&amp#27;[m 5525 [main] org.apache.ignite.spi.communication.tcp.TcpCommunicationSpi:117 Successfully bound communication NIO server to TCP port [port=50266, locHost=/127.0.0.1, selectorsCnt=4, selectorSpins=0, pairedConn=false]
&amp#27;[32m[INFO]&amp#27;[m 5935 [main] org.apache.ignite.internal.processors.cache.GridLocalConfigManager:117 Resolved page store work directory: /home/alumno/Escritorio/kernel/kernel-impl/src/test/resources/storedconfigservice/ignite/eim-alu-69095/work/db/eim_alu_69095
&amp#27;[32m[INFO]&amp#27;[m 5988 [main] org.apache.ignite.internal.processors.cache.persistence.IgniteCacheDatabaseSharedManager:117 Configured data regions initialized successfully [total=5]
&amp#27;[32m[INFO]&amp#27;[m 6221 [main] org.apache.ignite.internal.processors.odbc.ClientListenerProcessor:117 Client connector processor has started on TCP port 10800
&amp#27;[32m[INFO]&amp#27;[m 6300 [main] org.apache.ignite.internal.processors.rest.protocols.tcp.GridTcpRestProtocol:117 Command protocol successfully started [name=TCP binary, host=0.0.0.0/0.0.0.0, port=11211]
&amp#27;[32m[INFO]&amp#27;[m 6386 [main] org.apache.ignite.internal.IgniteKernal%localhost:117 Non-loopback local IPs: 172.18.69.95, fe80:0:0:0:38f3:e7ff:fe99:74f2%eth0
&amp#27;[32m[INFO]&amp#27;[m 6387 [main] org.apache.ignite.internal.IgniteKernal%localhost:117 Enabled local MACs: 3AF3E79974F2
&amp#27;[32m[INFO]&amp#27;[m 6397 [main] org.apache.ignite.internal.processors.cluster.ClusterProcessor:117 Cluster ID and tag has been read from metastorage: null
&amp#27;[32m[INFO]&amp#27;[m 6403 [main] org.apache.ignite.internal.cluster.IgniteClusterImpl:117 Shutdown policy was updated [oldVal=null, newVal=null]
&amp#27;[32m[INFO]&amp#27;[m 6406 [main] org.apache.ignite.internal.processors.query.stat.IgniteStatisticsManagerImpl:117 Statistics usage state was changed from null to null
&amp#27;[32m[INFO]&amp#27;[m 6428 [main] org.apache.ignite.spi.discovery.tcp.TcpDiscoverySpi:117 Successfully bound to TCP port [port=50276, localHost=localhost/127.0.0.1, locNodeId=e5c42cc1-1031-456c-9da5-f50edd00b2d9]
&amp#27;[32m[INFO]&amp#27;[m 6521 [disco-notifier-worker-#43%localhost%] org.apache.ignite.internal.processors.cluster.GridClusterStateProcessor:117 Received activate cluster request with BaselineTopology[id=0] initiator node ID: e5c42cc1-1031-456c-9da5-f50edd00b2d9
&amp#27;[32m[INFO]&amp#27;[m 6522 [disco-notifier-worker-#43%localhost%] org.apache.ignite.internal.processors.cluster.GridClusterStateProcessor:117 Started state transition: activate cluster
&amp#27;[32m[INFO]&amp#27;[m 6524 [disco-notifier-worker-#43%localhost%] org.apache.ignite.internal.processors.cluster.GridClusterStateProcessor:117 Received state change finish message: ACTIVE
&amp#27;[32m[INFO]&amp#27;[m 6524 [disco-notifier-worker-#43%localhost%] org.apache.ignite.internal.processors.cluster.GridClusterStateProcessor:117 Cluster state was changed from ACTIVE to ACTIVE
&amp#27;[32m[INFO]&amp#27;[m 6526 [disco-notifier-worker-#43%localhost%] org.apache.ignite.internal.processors.cache.mvcc.MvccProcessorImpl:117 Assigned mvcc coordinator [crd=MvccCoordinator [topVer=AffinityTopologyVersion [topVer=1, minorTopVer=0], nodeId=e5c42cc1-1031-456c-9da5-f50edd00b2d9, ver=1716395089020, local=true, initialized=false]]
&amp#27;[32m[INFO]&amp#27;[m 6586 [sys-#47%localhost%] org.apache.ignite.internal.processors.cluster.ClusterProcessor:117 Writing cluster ID and tag to metastorage on ready for write ClusterIdAndTag [id=72349ef2-9021-4ebd-8e8c-11859013b03f, tag=epic_bhabha]
&amp#27;[32m[INFO]&amp#27;[m 6658 [disco-notifier-worker-#43%localhost%] org.apache.ignite.internal.processors.cluster.ClusterProcessor:117 Cluster tag will be set to new value: epic_bhabha, previous value was: null
&amp#27;[32m[INFO]&amp#27;[m 6662 [disco-notifier-worker-#43%localhost%] org.apache.ignite.internal.cluster.DistributedBaselineConfiguration:117 Baseline parameter 'baselineAutoAdjustEnabled' was changed from 'null' to 'true'
&amp#27;[32m[INFO]&amp#27;[m 6665 [disco-notifier-worker-#43%localhost%] org.apache.ignite.internal.cluster.DistributedBaselineConfiguration:117 Baseline parameter 'baselineAutoAdjustTimeout' was changed from 'null' to '0'
&amp#27;[32m[INFO]&amp#27;[m 6666 [disco-notifier-worker-#43%localhost%] org.apache.ignite.internal.processors.cache.transactions.IgniteTxManager:117 Transactions parameter 'longOperationsDumpTimeout' was changed from 'null' to '60000'
&amp#27;[32m[INFO]&amp#27;[m 6668 [disco-notifier-worker-#43%localhost%] org.apache.ignite.internal.processors.cache.transactions.IgniteTxManager:117 Transactions parameter 'longTransactionTimeDumpThreshold' was changed from 'null' to '0'
&amp#27;[32m[INFO]&amp#27;[m 6669 [disco-notifier-worker-#43%localhost%] org.apache.ignite.internal.processors.cache.transactions.IgniteTxManager:117 Transactions parameter 'transactionTimeDumpSamplesCoefficient' was changed from 'null' to '0.0'
&amp#27;[32m[INFO]&amp#27;[m 6670 [disco-notifier-worker-#43%localhost%] org.apache.ignite.internal.processors.cache.transactions.IgniteTxManager:117 Transactions parameter 'longTransactionTimeDumpSamplesPerSecondLimit' was changed from 'null' to '5'
&amp#27;[32m[INFO]&amp#27;[m 6672 [disco-notifier-worker-#43%localhost%] org.apache.ignite.internal.processors.cache.transactions.IgniteTxManager:117 Transactions parameter 'collisionsDumpInterval' was changed from 'null' to '1000'
&amp#27;[32m[INFO]&amp#27;[m 6674 [disco-notifier-worker-#43%localhost%] org.apache.ignite.internal.processors.cache.transactions.IgniteTxManager:117 Transactions parameter 'txOwnerDumpRequestsAllowed' was changed from 'null' to 'true'
&amp#27;[33m[WARN]&amp#27;[m 6695 [main] org.apache.ignite.internal.managers.eventstorage.GridEventStorageManager:127 Added listener for disabled event type: CACHE_OBJECT_REMOVED
&amp#27;[33m[WARN]&amp#27;[m 6695 [main] org.apache.ignite.internal.managers.eventstorage.GridEventStorageManager:127 Added listener for disabled event type: CACHE_OBJECT_EXPIRED
&amp#27;[32m[INFO]&amp#27;[m 6708 [exchange-worker-#48%localhost%] org.apache.ignite.internal.exchange.time:117 Started exchange init [topVer=AffinityTopologyVersion [topVer=1, minorTopVer=0], crd=true, evt=NODE_JOINED, evtNode=e5c42cc1-1031-456c-9da5-f50edd00b2d9, customEvt=null, allowMerge=false, exchangeFreeSwitch=false]
[18:24:49] Data Regions Started: 5
&amp#27;[32m[INFO]&amp#27;[m 6729 [exchange-worker-#48%localhost%] org.apache.ignite.internal.processors.cache.persistence.IgniteCacheDatabaseSharedManager:117 Data Regions Started: 5
[18:24:49] 
[18:24:49]     ^--   sysMemPlc region [type=internal, persistence=false, lazyAlloc=false,
[18:24:49]       ...  initCfg=40MB, maxCfg=100MB, usedRam=0MB, freeRam=100%, allocRam=40MB]
[18:24:49]     ^--   spring_region region [type=default, persistence=false, lazyAlloc=true,
[18:24:49]       ...  initCfg=10MB, maxCfg=100MB, usedRam=0MB, freeRam=100%, allocRam=0MB]
[18:24:49]     ^--   hibernate_l2_region region [type=user, persistence=false, lazyAlloc=true,
[18:24:49]       ...  initCfg=300MB, maxCfg=1024MB, usedRam=0MB, freeRam=100%, allocRam=0MB]
[18:24:49]     ^--   TxLog region [type=internal, persistence=false, lazyAlloc=false,
[18:24:49]       ...  initCfg=40MB, maxCfg=100MB, usedRam=0MB, freeRam=100%, allocRam=40MB]
[18:24:49]     ^--   volatileDsMemPlc region [type=user, persistence=false, lazyAlloc=true,
[18:24:49]       ...  initCfg=40MB, maxCfg=100MB, usedRam=0MB, freeRam=100%, allocRam=0MB]
&amp#27;[32m[INFO]&amp#27;[m 6731 [exchange-worker-#48%localhost%] org.apache.ignite.cache.msg:117 Components activation performed in 23 ms.
&amp#27;[33m[WARN]&amp#27;[m 6801 [exchange-worker-#48%localhost%] org.apache.ignite.internal.processors.cache.GridCacheProcessor:127 Cache write synchronization mode is set to FULL_ASYNC. All single-key 'put' and 'remove' operations will return 'null', all 'putx' and 'removex' operations will return 'true' [cacheName=org.sakaiproject.rubrics.api.model.Rubric]
&amp#27;[33m[WARN]&amp#27;[m 6801 [sys-#53%localhost%] org.apache.ignite.internal.processors.cache.GridCacheProcessor:127 Cache write synchronization mode is set to FULL_ASYNC. All single-key 'put' and 'remove' operations will return 'null', all 'putx' and 'removex' operations will return 'true' [cacheName=org.adl.datamodels.SCODataManager]
&amp#27;[33m[WARN]&amp#27;[m 6802 [sys-#52%localhost%] org.apache.ignite.internal.processors.cache.GridCacheProcessor:127 Cache write synchronization mode is set to FULL_ASYNC. All single-key 'put' and 'remove' operations will return 'null', all 'putx' and 'removex' operations will return 'true' [cacheName=org.sakaiproject.tool.assessment.data.dao.assessment.PublishedAnswer.answerFeedbackSet]
&amp#27;[33m[WARN]&amp#27;[m 6804 [sys-#51%localhost%] org.apache.ignite.internal.processors.cache.GridCacheProcessor:127 Cache write synchronization mode is set to FULL_ASYNC. All single-key 'put' and 'remove' operations will return 'null', all 'putx' and 'removex' operations will return 'true' [cacheName=org.adl.datamodels.DMProcessingInfo]
&amp#27;[33m[WARN]&amp#27;[m 6801 [sys-#50%localhost%] org.apache.ignite.internal.processors.cache.GridCacheProcessor:127 Cache write synchronization mode is set to FULL_ASYNC. All single-key 'put' and 'remove' operations will return 'null', all 'putx' and 'removex' operations will return 'true' [cacheName=org.sakaiproject.lessonbuildertool.SimplePageItemImpl]
&amp#27;[33m[WARN]&amp#27;[m 6884 [sys-#52%localhost%] org.apache.ignite.internal.processors.cache.GridCacheProcessor:127 Cache write synchronization mode is set to FULL_ASYNC. All single-key 'put' and 'remove' operations will return 'null', all 'putx' and 'removex' operations will return 'true' [cacheName=org.adl.datamodels.nav.SCORM_2004_NAV_DM.mElements]
&amp#27;[33m[WARN]&amp#27;[m 6885 [sys-#49%localhost%] org.apache.ignite.internal.processors.cache.GridCacheProcessor:127 Cache write synchronization mode is set to FULL_ASYNC. All single-key 'put' and 'remove' operations will return 'null', all 'putx' and 'removex' operations will return 'true' [cacheName=org.sakaiproject.hbm.privacy.PrivacyRecord]
&amp#27;[33m[WARN]&amp#27;[m 6887 [sys-#51%localhost%] org.apache.ignite.internal.processors.cache.GridCacheProcessor:127 Cache write synchronization mode is set to FULL_ASYNC. All single-key 'put' and 'remove' operations will return 'null', all 'putx' and 'removex' operations will return 'true' [cacheName=org.sakaiproject.chat2.model.ChatMessage]
&amp#27;[33m[WARN]&amp#27;[m 6889 [exchange-worker-#48%localhost%] org.apache.ignite.internal.processors.cache.GridCacheProcessor:127 Cache write synchronization mode is set to FULL_ASYNC. All single-key 'put' and 'remove' operations will return 'null', all 'putx' and 'removex' operations will return 'true' [cacheName=default-update-timestamps-region]
&amp#27;[33m[WARN]&amp#27;[m 6890 [sys-#51%localhost%] org.apache.ignite.internal.processors.cache.GridCacheProcessor:127 Cache write synchronization mode is set to FULL_ASYNC. All single-key 'put' and 'remove' operations will return 'null', all 'putx' and 'removex' operations will return 'true' [cacheName=org.sakaiproject.assignment.api.model.AssignmentSubmission]
&amp#27;[33m[WARN]&amp#27;[m 6891 [exchange-worker-#48%localhost%] org.apache.ignite.internal.processors.cache.GridCacheProcessor:127 Cache write synchronization mode is set to FULL_ASYNC. All single-key 'put' and 'remove' operations will return 'null', all 'putx' and 'removex' operations will return 'true' [cacheName=org.sakaiproject.component.common.edu.person.PersonImpl]
&amp#27;[33m[WARN]&amp#27;[m 6892 [sys-#51%localhost%] org.apache.ignite.internal.processors.cache.GridCacheProcessor:127 Cache write synchronization mode is set to FULL_ASYNC. All single-key 'put' and 'remove' operations will return 'null', all 'putx' and 'removex' operations will return 'true' [cacheName=org.adl.datamodels.DMElement.mChildren]
&amp#27;[33m[WARN]&amp#27;[m 6893 [exchange-worker-#48%localhost%] org.apache.ignite.internal.processors.cache.GridCacheProcessor:127 Cache write synchronization mode is set to FULL_ASYNC. All single-key 'put' and 'remove' operations will return 'null', all 'putx' and 'removex' operations will return 'true' [cacheName=org.adl.datamodels.ieee.SCORM_2004_DM.mElements]
&amp#27;[33m[WARN]&amp#27;[m 6895 [sys-#53%localhost%] org.apache.ignite.internal.processors.cache.GridCacheProcessor:127 Cache write synchronization mode is set to FULL_ASYNC. All single-key 'put' and 'remove' operations will return 'null', all 'putx' and 'removex' operations will return 'true' [cacheName=org.adl.datamodels.SCODataManager.dataModels]
&amp#27;[33m[WARN]&amp#27;[m 6897 [sys-#53%localhost%] org.apache.ignite.internal.processors.cache.GridCacheProcessor:127 Cache write synchronization mode is set to FULL_ASYNC. All single-key 'put' and 'remove' operations will return 'null', all 'putx' and 'removex' operations will return 'true' [cacheName=org.sakaiproject.lessonbuildertool.SimpleStudentPageImpl]
&amp#27;[33m[WARN]&amp#27;[m 6897 [exchange-worker-#48%localhost%] org.apache.ignite.internal.processors.cache.GridCacheProcessor:127 Cache write synchronization mode is set to FULL_ASYNC. All single-key 'put' and 'remove' operations will return 'null', all 'putx' and 'removex' operations will return 'true' [cacheName=org.sakaiproject.coursemanagement.impl.MeetingCmImpl]
&amp#27;[33m[WARN]&amp#27;[m 6899 [sys-#53%localhost%] org.apache.ignite.internal.processors.cache.GridCacheProcessor:127 Cache write synchronization mode is set to FULL_ASYNC. All single-key 'put' and 'remove' operations will return 'null', all 'putx' and 'removex' operations will return 'true' [cacheName=org.sakaiproject.lti13.LTI13Servlet_cache]
&amp#27;[33m[WARN]&amp#27;[m 6899 [exchange-worker-#48%localhost%] org.apache.ignite.internal.processors.cache.GridCacheProcessor:127 Cache write synchronization mode is set to FULL_ASYNC. All single-key 'put' and 'remove' operations will return 'null', all 'putx' and 'removex' operations will return 'true' [cacheName=default-query-results-region]
&amp#27;[33m[WARN]&amp#27;[m 6901 [exchange-worker-#48%localhost%] org.apache.ignite.internal.processors.cache.GridCacheProcessor:127 Cache write synchronization mode is set to FULL_ASYNC. All single-key 'put' and 'remove' operations will return 'null', all 'putx' and 'removex' operations will return 'true' [cacheName=org.sakaiproject.coursemanagement.impl.SectionCategoryCmImpl]
&amp#27;[33m[WARN]&amp#27;[m 6887 [sys-#52%localhost%] org.apache.ignite.internal.processors.cache.GridCacheProcessor:127 Cache write synchronization mode is set to FULL_ASYNC. All single-key 'put' and 'remove' operations will return 'null', all 'putx' and 'removex' operations will return 'true' [cacheName=org.sakaiproject.assignment.api.model.Assignment]
&amp#27;[33m[WARN]&amp#27;[m 6901 [sys-#53%localhost%] org.apache.ignite.internal.processors.cache.GridCacheProcessor:127 Cache write synchronization mode is set to FULL_ASYNC. All single-key 'put' and 'remove' operations will return 'null', all 'putx' and 'removex' operations will return 'true' [cacheName=org.sakaiproject.coursemanagement.impl.EnrollmentSetCmImpl]
&amp#27;[33m[WARN]&amp#27;[m 6903 [exchange-worker-#48%localhost%] org.apache.ignite.internal.processors.cache.GridCacheProcessor:127 Cache write synchronization mode is set to FULL_ASYNC. All single-key 'put' and 'remove' operations will return 'null', all 'putx' and 'removex' operations will return 'true' [cacheName=org.sakaiproject.coursemanagement.impl.AcademicSessionCmImpl]
&amp#27;[33m[WARN]&amp#27;[m 6903 [sys-#53%localhost%] org.apache.ignite.internal.processors.cache.GridCacheProcessor:127 Cache write synchronization mode is set to FULL_ASYNC. All single-key 'put' and 'remove' operations will return 'null', all 'putx' and 'removex' operations will return 'true' [cacheName=org.sakaiproject.assignment.api.model.Assignment.groups]
&amp#27;[33m[WARN]&amp#27;[m 6904 [sys-#52%localhost%] org.apache.ignite.internal.processors.cache.GridCacheProcessor:127 Cache write synchronization mode is set to FULL_ASYNC. All single-key 'put' and 'remove' operations will return 'null', all 'putx' and 'removex' operations will return 'true' [cacheName=org.sakaiproject.content.api.persistence.FileConversionQueueItem]
&amp#27;[33m[WARN]&amp#27;[m 6906 [sys-#52%localhost%] org.apache.ignite.internal.processors.cache.GridCacheProcessor:127 Cache write synchronization mode is set to FULL_ASYNC. All single-key 'put' and 'remove' operations will return 'null', all 'putx' and 'removex' operations will return 'true' [cacheName=org.adl.datamodels.DMDelimiterDescriptor]
&amp#27;[33m[WARN]&amp#27;[m 6907 [sys-#50%localhost%] org.apache.ignite.internal.processors.cache.GridCacheProcessor:127 Cache write synchronization mode is set to FULL_ASYNC. All single-key 'put' and 'remove' operations will return 'null', all 'putx' and 'removex' operations will return 'true' [cacheName=org.sakaiproject.rubrics.api.model.ReturnedEvaluation]
&amp#27;[33m[WARN]&amp#27;[m 6909 [sys-#52%localhost%] org.apache.ignite.internal.processors.cache.GridCacheProcessor:127 Cache write synchronization mode is set to FULL_ASYNC. All single-key 'put' and 'remove' operations will return 'null', all 'putx' and 'removex' operations will return 'true' [cacheName=org.sakaiproject.taggable.impl.LinkImpl]
&amp#27;[33m[WARN]&amp#27;[m 6909 [sys-#50%localhost%] org.apache.ignite.internal.processors.cache.GridCacheProcessor:127 Cache write synchronization mode is set to FULL_ASYNC. All single-key 'put' and 'remove' operations will return 'null', all 'putx' and 'removex' operations will return 'true' [cacheName=org.sakaiproject.lessonbuildertool.SimplePageImpl]
&amp#27;[33m[WARN]&amp#27;[m 6910 [sys-#51%localhost%] org.apache.ignite.internal.processors.cache.GridCacheProcessor:127 Cache write synchronization mode is set to FULL_ASYNC. All single-key 'put' and 'remove' operations will return 'null', all 'putx' and 'removex' operations will return 'true' [cacheName=org.sakaiproject.assignment.api.model.AssignmentSubmission.attachments]
&amp#27;[33m[WARN]&amp#27;[m 6910 [sys-#53%localhost%] org.apache.ignite.internal.processors.cache.GridCacheProcessor:127 Cache write synchronization mode is set to FULL_ASYNC. All single-key 'put' and 'remove' operations will return 'null', all 'putx' and 'removex' operations will return 'true' [cacheName=org.sakaiproject.assignment.api.model.AssignmentSubmission.submitters]
&amp#27;[33m[WARN]&amp#27;[m 6911 [sys-#52%localhost%] org.apache.ignite.internal.processors.cache.GridCacheProcessor:127 Cache write synchronization mode is set to FULL_ASYNC. All single-key 'put' and 'remove' operations will return 'null', all 'putx' and 'removex' operations will return 'true' [cacheName=org.sakaiproject.lessonbuildertool.SimplePageCommentImpl]
&amp#27;[33m[WARN]&amp#27;[m 6912 [sys-#50%localhost%] org.apache.ignite.internal.processors.cache.GridCacheProcessor:127 Cache write synchronization mode is set to FULL_ASYNC. All single-key 'put' and 'remove' operations will return 'null', all 'putx' and 'removex' operations will return 'true' [cacheName=org.sakaiproject.assignment.api.model.Assignment.attachments]
&amp#27;[33m[WARN]&amp#27;[m 6913 [sys-#51%localhost%] org.apache.ignite.internal.processors.cache.GridCacheProcessor:127 Cache write synchronization mode is set to FULL_ASYNC. All single-key 'put' and 'remove' operations will return 'null', all 'putx' and 'removex' operations will return 'true' [cacheName=org.adl.datamodels.DMElement]
&amp#27;[33m[WARN]&amp#27;[m 6913 [sys-#53%localhost%] org.apache.ignite.internal.processors.cache.GridCacheProcessor:127 Cache write synchronization mode is set to FULL_ASYNC. All single-key 'put' and 'remove' operations will return 'null', all 'putx' and 'removex' operations will return 'true' [cacheName=org.sakaiproject.assignment.api.model.Assignment.properties]
&amp#27;[33m[WARN]&amp#27;[m 6913 [sys-#52%localhost%] org.apache.ignite.internal.processors.cache.GridCacheProcessor:127 Cache write synchronization mode is set to FULL_ASYNC. All single-key 'put' and 'remove' operations will return 'null', all 'putx' and 'removex' operations will return 'true' [cacheName=org.sakaiproject.lessonbuildertool.SimplePageGroupImpl]
&amp#27;[33m[WARN]&amp#27;[m 6914 [sys-#50%localhost%] org.apache.ignite.internal.processors.cache.GridCacheProcessor:127 Cache write synchronization mode is set to FULL_ASYNC. All single-key 'put' and 'remove' operations will return 'null', all 'putx' and 'removex' operations will return 'true' [cacheName=org.adl.datamodels.DataModel]
&amp#27;[33m[WARN]&amp#27;[m 6916 [sys-#51%localhost%] org.apache.ignite.internal.processors.cache.GridCacheProcessor:127 Cache write synchronization mode is set to FULL_ASYNC. All single-key 'put' and 'remove' operations will return 'null', all 'putx' and 'removex' operations will return 'true' [cacheName=org.sakaiproject.rubrics.api.model.Evaluation]
&amp#27;[33m[WARN]&amp#27;[m 6916 [sys-#53%localhost%] org.apache.ignite.internal.processors.cache.GridCacheProcessor:127 Cache write synchronization mode is set to FULL_ASYNC. All single-key 'put' and 'remove' operations will return 'null', all 'putx' and 'removex' operations will return 'true' [cacheName=org.sakaiproject.rubrics.api.model.Rating]
&amp#27;[33m[WARN]&amp#27;[m 6916 [sys-#52%localhost%] org.apache.ignite.internal.processors.cache.GridCacheProcessor:127 Cache write synchronization mode is set to FULL_ASYNC. All single-key 'put' and 'remove' operations will return 'null', all 'putx' and 'removex' operations will return 'true' [cacheName=org.sakaiproject.coursemanagement.impl.CrossListingCmImpl]
&amp#27;[33m[WARN]&amp#27;[m 6916 [sys-#50%localhost%] org.apache.ignite.internal.processors.cache.GridCacheProcessor:127 Cache write synchronization mode is set to FULL_ASYNC. All single-key 'put' and 'remove' operations will return 'null', all 'putx' and 'removex' operations will return 'true' [cacheName=org.sakaiproject.rubrics.api.model.Criterion]
&amp#27;[33m[WARN]&amp#27;[m 6917 [exchange-worker-#48%localhost%] org.apache.ignite.internal.processors.cache.GridCacheProcessor:127 Cache write synchronization mode is set to FULL_ASYNC. All single-key 'put' and 'remove' operations will return 'null', all 'putx' and 'removex' operations will return 'true' [cacheName=java.net.URL]
&amp#27;[33m[WARN]&amp#27;[m 6919 [sys-#50%localhost%] org.apache.ignite.internal.processors.cache.GridCacheProcessor:127 Cache write synchronization mode is set to FULL_ASYNC. All single-key 'put' and 'remove' operations will return 'null', all 'putx' and 'removex' operations will return 'true' [cacheName=org.adl.datamodels.DMElementDescriptor]
&amp#27;[33m[WARN]&amp#27;[m 6919 [sys-#49%localhost%] org.apache.ignite.internal.processors.cache.GridCacheProcessor:127 Cache write synchronization mode is set to FULL_ASYNC. All single-key 'put' and 'remove' operations will return 'null', all 'putx' and 'removex' operations will return 'true' [cacheName=org.sakaiproject.coursemanagement.impl.AbstractMembershipContainerCmImpl]
&amp#27;[33m[WARN]&amp#27;[m 6924 [sys-#49%localhost%] org.apache.ignite.internal.processors.cache.GridCacheProcessor:127 Cache write synchronization mode is set to FULL_ASYNC. All single-key 'put' and 'remove' operations will return 'null', all 'putx' and 'removex' operations will return 'true' [cacheName=org.sakaiproject.coursemanagement.impl.EnrollmentCmImpl]
&amp#27;[33m[WARN]&amp#27;[m 6922 [sys-#51%localhost%] org.apache.ignite.internal.processors.cache.GridCacheProcessor:127 Cache write synchronization mode is set to FULL_ASYNC. All single-key 'put' and 'remove' operations will return 'null', all 'putx' and 'removex' operations will return 'true' [cacheName=org.adl.datamodels.DMTypeValidator]
&amp#27;[33m[WARN]&amp#27;[m 6926 [sys-#49%localhost%] org.apache.ignite.internal.processors.cache.GridCacheProcessor:127 Cache write synchronization mode is set to FULL_ASYNC. All single-key 'put' and 'remove' operations will return 'null', all 'putx' and 'removex' operations will return 'true' [cacheName=org.adl.datamodels.DMDelimiter]
&amp#27;[33m[WARN]&amp#27;[m 6922 [sys-#50%localhost%] org.apache.ignite.internal.processors.cache.GridCacheProcessor:127 Cache write synchronization mode is set to FULL_ASYNC. All single-key 'put' and 'remove' operations will return 'null', all 'putx' and 'removex' operations will return 'true' [cacheName=org.sakaiproject.chat2.model.ChatChannel]
&amp#27;[33m[WARN]&amp#27;[m 6928 [sys-#51%localhost%] org.apache.ignite.internal.processors.cache.GridCacheProcessor:127 Cache write synchronization mode is set to FULL_ASYNC. All single-key 'put' and 'remove' operations will return 'null', all 'putx' and 'removex' operations will return 'true' [cacheName=org.sakaiproject.assignment.api.model.AssignmentSubmission.feedbackAttachments]
&amp#27;[33m[WARN]&amp#27;[m 6929 [sys-#49%localhost%] org.apache.ignite.internal.processors.cache.GridCacheProcessor:127 Cache write synchronization mode is set to FULL_ASYNC. All single-key 'put' and 'remove' operations will return 'null', all 'putx' and 'removex' operations will return 'true' [cacheName=org.sakaiproject.assignment.api.model.AssignmentSubmission.properties]
&amp#27;[33m[WARN]&amp#27;[m 6930 [sys-#51%localhost%] org.apache.ignite.internal.processors.cache.GridCacheProcessor:127 Cache write synchronization mode is set to FULL_ASYNC. All single-key 'put' and 'remove' operations will return 'null', all 'putx' and 'removex' operations will return 'true' [cacheName=org.sakaiproject.lessonbuildertool.ChecklistItemStatusImpl]
&amp#27;[33m[WARN]&amp#27;[m 6932 [sys-#49%localhost%] org.apache.ignite.internal.processors.cache.GridCacheProcessor:127 Cache write synchronization mode is set to FULL_ASYNC. All single-key 'put' and 'remove' operations will return 'null', all 'putx' and 'removex' operations will return 'true' [cacheName=org.sakaiproject.rubrics.api.model.ToolItemRubricAssociation]
&amp#27;[33m[WARN]&amp#27;[m 6934 [sys-#49%localhost%] org.apache.ignite.internal.processors.cache.GridCacheProcessor:127 Cache write synchronization mode is set to FULL_ASYNC. All single-key 'put' and 'remove' operations will return 'null', all 'putx' and 'removex' operations will return 'true' [cacheName=org.sakaiproject.api.common.type.Type]
&amp#27;[33m[WARN]&amp#27;[m 6934 [sys-#50%localhost%] org.apache.ignite.internal.processors.cache.GridCacheProcessor:127 Cache write synchronization mode is set to FULL_ASYNC. All single-key 'put' and 'remove' operations will return 'null', all 'putx' and 'removex' operations will return 'true' [cacheName=org.sakaiproject.coursemanagement.impl.MembershipCmImpl]
&amp#27;[33m[WARN]&amp#27;[m 6936 [sys-#49%localhost%] org.apache.ignite.internal.processors.cache.GridCacheProcessor:127 Cache write synchronization mode is set to FULL_ASYNC. All single-key 'put' and 'remove' operations will return 'null', all 'putx' and 'removex' operations will return 'true' [cacheName=org.sakaiproject.content.hbm.Lock]
&amp#27;[33m[WARN]&amp#27;[m 6938 [sys-#49%localhost%] org.apache.ignite.internal.processors.cache.GridCacheProcessor:127 Cache write synchronization mode is set to FULL_ASYNC. All single-key 'put' and 'remove' operations will return 'null', all 'putx' and 'removex' operations will return 'true' [cacheName=org.sakaiproject.lessonbuildertool.SimplePagePropertyImpl]
&amp#27;[32m[INFO]&amp#27;[m 6942 [exchange-worker-#48%localhost%] org.apache.ignite.internal.processors.cache.GridCacheProcessor:117 Started cache [name=org.sakaiproject.chat2.model.ChatMessage, id=-715957082, dataRegionName=hibernate_l2_region, mode=REPLICATED, atomicity=ATOMIC, backups=2147483647, mvcc=false, expiryPolicy=[type=javax.cache.expiry.CreatedExpiryPolicy, isEagerTtl=true]]
&amp#27;[32m[INFO]&amp#27;[m 6942 [sys-#53%localhost%] org.apache.ignite.internal.processors.cache.GridCacheProcessor:117 Started cache [name=org.sakaiproject.component.common.edu.person.PersonImpl, id=1772502324, dataRegionName=hibernate_l2_region, mode=REPLICATED, atomicity=ATOMIC, backups=2147483647, mvcc=false, expiryPolicy=[type=javax.cache.expiry.CreatedExpiryPolicy, isEagerTtl=true]]
&amp#27;[32m[INFO]&amp#27;[m 6942 [sys-#54%localhost%] org.apache.ignite.internal.processors.cache.GridCacheProcessor:117 Started cache [name=org.sakaiproject.assignment.api.model.AssignmentSubmission.feedbackAttachments, id=-73485472, dataRegionName=hibernate_l2_region, mode=REPLICATED, atomicity=ATOMIC, backups=2147483647, mvcc=false, expiryPolicy=[type=javax.cache.expiry.CreatedExpiryPolicy, isEagerTtl=true]]
&amp#27;[32m[INFO]&amp#27;[m 6943 [sys-#47%localhost%] org.apache.ignite.internal.processors.cache.GridCacheProcessor:117 Started cache [name=org.sakaiproject.coursemanagement.impl.EnrollmentCmImpl, id=-1931791588, dataRegionName=hibernate_l2_region, mode=REPLICATED, atomicity=ATOMIC, backups=2147483647, mvcc=false, expiryPolicy=[type=javax.cache.expiry.CreatedExpiryPolicy, isEagerTtl=true]]
&amp#27;[32m[INFO]&amp#27;[m 6942 [sys-#56%localhost%] org.apache.ignite.internal.processors.cache.GridCacheProcessor:117 Started cache [name=org.sakaiproject.assignment.api.model.AssignmentSubmission.properties, id=-1879759586, dataRegionName=hibernate_l2_region, mode=REPLICATED, atomicity=ATOMIC, backups=2147483647, mvcc=false, expiryPolicy=[type=javax.cache.expiry.CreatedExpiryPolicy, isEagerTtl=true]]
&amp#27;[32m[INFO]&amp#27;[m 6944 [sys-#52%localhost%] org.apache.ignite.internal.processors.cache.GridCacheProcessor:117 Started cache [name=org.adl.datamodels.DMProcessingInfo, id=-766402411, dataRegionName=hibernate_l2_region, mode=REPLICATED, atomicity=ATOMIC, backups=2147483647, mvcc=false, expiryPolicy=[type=javax.cache.expiry.CreatedExpiryPolicy, isEagerTtl=true]]
&amp#27;[32m[INFO]&amp#27;[m 6979 [sys-#53%localhost%] org.apache.ignite.internal.processors.cache.GridCacheProcessor:117 Started cache [name=org.sakaiproject.rubrics.api.model.Evaluation, id=-95556595, dataRegionName=hibernate_l2_region, mode=REPLICATED, atomicity=ATOMIC, backups=2147483647, mvcc=false, expiryPolicy=[type=javax.cache.expiry.CreatedExpiryPolicy, isEagerTtl=true]]
&amp#27;[32m[INFO]&amp#27;[m 6979 [sys-#52%localhost%] org.apache.ignite.internal.processors.cache.GridCacheProcessor:117 Started cache [name=org.sakaiproject.coursemanagement.impl.MeetingCmImpl, id=1861850423, dataRegionName=hibernate_l2_region, mode=REPLICATED, atomicity=ATOMIC, backups=2147483647, mvcc=false, expiryPolicy=[type=javax.cache.expiry.CreatedExpiryPolicy, isEagerTtl=true]]
&amp#27;[32m[INFO]&amp#27;[m 6979 [exchange-worker-#48%localhost%] org.apache.ignite.internal.processors.cache.GridCacheProcessor:117 Started cache [name=org.adl.datamodels.nav.SCORM_2004_NAV_DM.mElements, id=300675581, dataRegionName=hibernate_l2_region, mode=REPLICATED, atomicity=ATOMIC, backups=2147483647, mvcc=false, expiryPolicy=[type=javax.cache.expiry.CreatedExpiryPolicy, isEagerTtl=true]]
&amp#27;[32m[INFO]&amp#27;[m 6980 [sys-#53%localhost%] org.apache.ignite.internal.processors.cache.GridCacheProcessor:117 Started cache [name=org.adl.datamodels.SCODataManager.dataModels, id=812683987, dataRegionName=hibernate_l2_region, mode=REPLICATED, atomicity=ATOMIC, backups=2147483647, mvcc=false, expiryPolicy=[type=javax.cache.expiry.CreatedExpiryPolicy, isEagerTtl=true]]
&amp#27;[32m[INFO]&amp#27;[m 6980 [exchange-worker-#48%localhost%] org.apache.ignite.internal.processors.cache.GridCacheProcessor:117 Started cache [name=org.sakaiproject.taggable.impl.LinkImpl, id=469583121, dataRegionName=hibernate_l2_region, mode=REPLICATED, atomicity=ATOMIC, backups=2147483647, mvcc=false, expiryPolicy=[type=javax.cache.expiry.CreatedExpiryPolicy, isEagerTtl=true]]
&amp#27;[32m[INFO]&amp#27;[m 6981 [sys-#52%localhost%] org.apache.ignite.internal.processors.cache.GridCacheProcessor:117 Started cache [name=org.sakaiproject.lessonbuildertool.SimplePageGroupImpl, id=611162971, dataRegionName=hibernate_l2_region, mode=REPLICATED, atomicity=ATOMIC, backups=2147483647, mvcc=false, expiryPolicy=[type=javax.cache.expiry.CreatedExpiryPolicy, isEagerTtl=true]]
&amp#27;[32m[INFO]&amp#27;[m 6981 [sys-#53%localhost%] org.apache.ignite.internal.processors.cache.GridCacheProcessor:117 Started cache [name=org.sakaiproject.coursemanagement.impl.AcademicSessionCmImpl, id=1943691659, dataRegionName=hibernate_l2_region, mode=REPLICATED, atomicity=ATOMIC, backups=2147483647, mvcc=false, expiryPolicy=[type=javax.cache.expiry.CreatedExpiryPolicy, isEagerTtl=true]]
&amp#27;[32m[INFO]&amp#27;[m 6981 [exchange-worker-#48%localhost%] org.apache.ignite.internal.processors.cache.GridCacheProcessor:117 Started cache [name=org.sakaiproject.coursemanagement.impl.MembershipCmImpl, id=-843124114, dataRegionName=hibernate_l2_region, mode=REPLICATED, atomicity=ATOMIC, backups=2147483647, mvcc=false, expiryPolicy=[type=javax.cache.expiry.CreatedExpiryPolicy, isEagerTtl=true]]
&amp#27;[32m[INFO]&amp#27;[m 6982 [sys-#52%localhost%] org.apache.ignite.internal.processors.cache.GridCacheProcessor:117 Started cache [name=org.sakaiproject.lessonbuildertool.SimplePageItemImpl, id=-1526188489, dataRegionName=hibernate_l2_region, mode=REPLICATED, atomicity=ATOMIC, backups=2147483647, mvcc=false, expiryPolicy=[type=javax.cache.expiry.CreatedExpiryPolicy, isEagerTtl=true]]
&amp#27;[32m[INFO]&amp#27;[m 6982 [exchange-worker-#48%localhost%] org.apache.ignite.internal.processors.cache.GridCacheProcessor:117 Started cache [name=org.sakaiproject.assignment.api.model.Assignment.groups, id=985610091, dataRegionName=hibernate_l2_region, mode=REPLICATED, atomicity=ATOMIC, backups=2147483647, mvcc=false, expiryPolicy=[type=javax.cache.expiry.CreatedExpiryPolicy, isEagerTtl=true]]
&amp#27;[32m[INFO]&amp#27;[m 6982 [sys-#52%localhost%] org.apache.ignite.internal.processors.cache.GridCacheProcessor:117 Started cache [name=org.sakaiproject.tool.assessment.data.dao.assessment.PublishedAnswer.answerFeedbackSet, id=237069099, dataRegionName=hibernate_l2_region, mode=REPLICATED, atomicity=ATOMIC, backups=2147483647, mvcc=false, expiryPolicy=[type=javax.cache.expiry.CreatedExpiryPolicy, isEagerTtl=true]]
&amp#27;[32m[INFO]&amp#27;[m 6982 [sys-#53%localhost%] org.apache.ignite.internal.processors.cache.GridCacheProcessor:117 Started cache [name=org.sakaiproject.assignment.api.model.Assignment.attachments, id=-1401924487, dataRegionName=hibernate_l2_region, mode=REPLICATED, atomicity=ATOMIC, backups=2147483647, mvcc=false, expiryPolicy=[type=javax.cache.expiry.CreatedExpiryPolicy, isEagerTtl=true]]
&amp#27;[32m[INFO]&amp#27;[m 6983 [exchange-worker-#48%localhost%] org.apache.ignite.internal.processors.cache.GridCacheProcessor:117 Started cache [name=org.adl.datamodels.DMTypeValidator, id=-80499580, dataRegionName=hibernate_l2_region, mode=REPLICATED, atomicity=ATOMIC, backups=2147483647, mvcc=false, expiryPolicy=[type=javax.cache.expiry.CreatedExpiryPolicy, isEagerTtl=true]]
&amp#27;[32m[INFO]&amp#27;[m 6983 [sys-#52%localhost%] org.apache.ignite.internal.processors.cache.GridCacheProcessor:117 Started cache [name=org.sakaiproject.lessonbuildertool.SimplePageCommentImpl, id=553815099, dataRegionName=hibernate_l2_region, mode=REPLICATED, atomicity=ATOMIC, backups=2147483647, mvcc=false, expiryPolicy=[type=javax.cache.expiry.CreatedExpiryPolicy, isEagerTtl=true]]
&amp#27;[32m[INFO]&amp#27;[m 6983 [sys-#53%localhost%] org.apache.ignite.internal.processors.cache.GridCacheProcessor:117 Started cache [name=org.sakaiproject.rubrics.api.model.Rubric, id=1448505214, dataRegionName=hibernate_l2_region, mode=REPLICATED, atomicity=ATOMIC, backups=2147483647, mvcc=false, expiryPolicy=[type=javax.cache.expiry.CreatedExpiryPolicy, isEagerTtl=true]]
&amp#27;[32m[INFO]&amp#27;[m 6983 [exchange-worker-#48%localhost%] org.apache.ignite.internal.processors.cache.GridCacheProcessor:117 Started cache [name=org.adl.datamodels.DMElementDescriptor, id=-960148265, dataRegionName=hibernate_l2_region, mode=REPLICATED, atomicity=ATOMIC, backups=2147483647, mvcc=false, expiryPolicy=[type=javax.cache.expiry.CreatedExpiryPolicy, isEagerTtl=true]]
&amp#27;[32m[INFO]&amp#27;[m 6984 [sys-#52%localhost%] org.apache.ignite.internal.processors.cache.GridCacheProcessor:117 Started cache [name=org.sakaiproject.rubrics.api.model.Rating, id=1430562542, dataRegionName=hibernate_l2_region, mode=REPLICATED, atomicity=ATOMIC, backups=2147483647, mvcc=false, expiryPolicy=[type=javax.cache.expiry.CreatedExpiryPolicy, isEagerTtl=true]]
&amp#27;[32m[INFO]&amp#27;[m 6984 [sys-#53%localhost%] org.apache.ignite.internal.processors.cache.GridCacheProcessor:117 Started cache [name=org.sakaiproject.hbm.privacy.PrivacyRecord, id=-1993669496, dataRegionName=hibernate_l2_region, mode=REPLICATED, atomicity=ATOMIC, backups=2147483647, mvcc=false, expiryPolicy=[type=javax.cache.expiry.CreatedExpiryPolicy, isEagerTtl=true]]
&amp#27;[32m[INFO]&amp#27;[m 6984 [exchange-worker-#48%localhost%] org.apache.ignite.internal.processors.cache.GridCacheProcessor:117 Started cache [name=org.sakaiproject.rubrics.api.model.Criterion, id=-1032336464, dataRegionName=hibernate_l2_region, mode=REPLICATED, atomicity=ATOMIC, backups=2147483647, mvcc=false, expiryPolicy=[type=javax.cache.expiry.CreatedExpiryPolicy, isEagerTtl=true]]
&amp#27;[32m[INFO]&amp#27;[m 6984 [sys-#52%localhost%] org.apache.ignite.internal.processors.cache.GridCacheProcessor:117 Started cache [name=org.adl.datamodels.DMDelimiter, id=-1912702125, dataRegionName=hibernate_l2_region, mode=REPLICATED, atomicity=ATOMIC, backups=2147483647, mvcc=false, expiryPolicy=[type=javax.cache.expiry.CreatedExpiryPolicy, isEagerTtl=true]]
&amp#27;[32m[INFO]&amp#27;[m 6985 [sys-#54%localhost%] org.apache.ignite.internal.processors.cache.GridCacheProcessor:117 Started cache [name=ignite-sys-cache, id=-2100569601, dataRegionName=sysMemPlc, mode=REPLICATED, atomicity=TRANSACTIONAL, backups=2147483647, mvcc=false]
&amp#27;[32m[INFO]&amp#27;[m 6985 [sys-#53%localhost%] org.apache.ignite.internal.processors.cache.GridCacheProcessor:117 Started cache [name=org.sakaiproject.component.common.type.TypeImpl, id=-908948276, dataRegionName=hibernate_l2_region, mode=REPLICATED, atomicity=TRANSACTIONAL, backups=2147483647, mvcc=false, expiryPolicy=[type=javax.cache.expiry.CreatedExpiryPolicy, isEagerTtl=true]]
&amp#27;[32m[INFO]&amp#27;[m 6986 [sys-#52%localhost%] org.apache.ignite.internal.processors.cache.GridCacheProcessor:117 Started cache [name=org.sakaiproject.coursemanagement.impl.CrossListingCmImpl, id=661114556, dataRegionName=hibernate_l2_region, mode=REPLICATED, atomicity=ATOMIC, backups=2147483647, mvcc=false, expiryPolicy=[type=javax.cache.expiry.CreatedExpiryPolicy, isEagerTtl=true]]
&amp#27;[32m[INFO]&amp#27;[m 6986 [sys-#47%localhost%] org.apache.ignite.internal.processors.cache.GridCacheProcessor:117 Started cache [name=org.sakaiproject.lessonbuildertool.SimplePagePropertyImpl, id=-1651534343, dataRegionName=hibernate_l2_region, mode=REPLICATED, atomicity=ATOMIC, backups=2147483647, mvcc=false, expiryPolicy=[type=javax.cache.expiry.CreatedExpiryPolicy, isEagerTtl=true]]
&amp#27;[32m[INFO]&amp#27;[m 6987 [sys-#47%localhost%] org.apache.ignite.internal.processors.cache.GridCacheProcessor:117 Started cache [name=org.sakaiproject.assignment.api.model.AssignmentSubmission.attachments, id=-239128283, dataRegionName=hibernate_l2_region, mode=REPLICATED, atomicity=ATOMIC, backups=2147483647, mvcc=false, expiryPolicy=[type=javax.cache.expiry.CreatedExpiryPolicy, isEagerTtl=true]]
&amp#27;[32m[INFO]&amp#27;[m 6979 [sys-#56%localhost%] org.apache.ignite.internal.processors.cache.GridCacheProcessor:117 Started cache [name=org.adl.datamodels.ieee.SCORM_2004_DM.mElements, id=1847557840, dataRegionName=hibernate_l2_region, mode=REPLICATED, atomicity=ATOMIC, backups=2147483647, mvcc=false, expiryPolicy=[type=javax.cache.expiry.CreatedExpiryPolicy, isEagerTtl=true]]
&amp#27;[32m[INFO]&amp#27;[m 6988 [sys-#56%localhost%] org.apache.ignite.internal.processors.cache.GridCacheProcessor:117 Started cache [name=org.sakaiproject.lessonbuildertool.SimpleStudentPageImpl, id=815300053, dataRegionName=hibernate_l2_region, mode=REPLICATED, atomicity=ATOMIC, backups=2147483647, mvcc=false, expiryPolicy=[type=javax.cache.expiry.CreatedExpiryPolicy, isEagerTtl=true]]
&amp#27;[32m[INFO]&amp#27;[m 6989 [sys-#56%localhost%] org.apache.ignite.internal.processors.cache.GridCacheProcessor:117 Started cache [name=org.sakaiproject.lessonbuildertool.ChecklistItemStatusImpl, id=60333544, dataRegionName=hibernate_l2_region, mode=REPLICATED, atomicity=ATOMIC, backups=2147483647, mvcc=false, expiryPolicy=[type=javax.cache.expiry.CreatedExpiryPolicy, isEagerTtl=true]]
&amp#27;[32m[INFO]&amp#27;[m 6990 [sys-#56%localhost%] org.apache.ignite.internal.processors.cache.GridCacheProcessor:117 Started cache [name=org.adl.datamodels.DMDelimiterDescriptor, id=448618274, dataRegionName=hibernate_l2_region, mode=REPLICATED, atomicity=ATOMIC, backups=2147483647, mvcc=false, expiryPolicy=[type=javax.cache.expiry.CreatedExpiryPolicy, isEagerTtl=true]]
&amp#27;[32m[INFO]&amp#27;[m 6990 [sys-#56%localhost%] org.apache.ignite.internal.processors.cache.GridCacheProcessor:117 Started cache [name=org.sakaiproject.assignment.api.model.Assignment.properties, id=1269319498, dataRegionName=hibernate_l2_region, mode=REPLICATED, atomicity=ATOMIC, backups=2147483647, mvcc=false, expiryPolicy=[type=javax.cache.expiry.CreatedExpiryPolicy, isEagerTtl=true]]
&amp#27;[32m[INFO]&amp#27;[m 6991 [sys-#56%localhost%] org.apache.ignite.internal.processors.cache.GridCacheProcessor:117 Started cache [name=org.sakaiproject.content.hbm.Lock, id=-1699004437, dataRegionName=hibernate_l2_region, mode=REPLICATED, atomicity=ATOMIC, backups=2147483647, mvcc=false, expiryPolicy=[type=javax.cache.expiry.CreatedExpiryPolicy, isEagerTtl=true]]
&amp#27;[32m[INFO]&amp#27;[m 6991 [sys-#56%localhost%] org.apache.ignite.internal.processors.cache.GridCacheProcessor:117 Started cache [name=default-update-timestamps-region, id=1746645676, dataRegionName=hibernate_l2_region, mode=REPLICATED, atomicity=ATOMIC, backups=2147483647, mvcc=false, expiryPolicy=[type=javax.cache.expiry.CreatedExpiryPolicy, isEagerTtl=true]]
&amp#27;[32m[INFO]&amp#27;[m 6992 [sys-#56%localhost%] org.apache.ignite.internal.processors.cache.GridCacheProcessor:117 Started cache [name=org.adl.datamodels.DMElement.mChildren, id=-374802842, dataRegionName=hibernate_l2_region, mode=REPLICATED, atomicity=ATOMIC, backups=2147483647, mvcc=false, expiryPolicy=[type=javax.cache.expiry.CreatedExpiryPolicy, isEagerTtl=true]]
&amp#27;[32m[INFO]&amp#27;[m 6993 [sys-#53%localhost%] org.apache.ignite.internal.processors.cache.GridCacheProcessor:117 Started cache [name=org.sakaiproject.rubrics.api.model.ToolItemRubricAssociation, id=-1834099304, dataRegionName=hibernate_l2_region, mode=REPLICATED, atomicity=ATOMIC, backups=2147483647, mvcc=false, expiryPolicy=[type=javax.cache.expiry.CreatedExpiryPolicy, isEagerTtl=true]]
&amp#27;[32m[INFO]&amp#27;[m 6994 [sys-#54%localhost%] org.apache.ignite.internal.processors.cache.GridCacheProcessor:117 Started cache [name=org.sakaiproject.content.api.persistence.FileConversionQueueItem, id=343413514, dataRegionName=hibernate_l2_region, mode=REPLICATED, atomicity=ATOMIC, backups=2147483647, mvcc=false, expiryPolicy=[type=javax.cache.expiry.CreatedExpiryPolicy, isEagerTtl=true]]
&amp#27;[32m[INFO]&amp#27;[m 6994 [sys-#54%localhost%] org.apache.ignite.internal.processors.cache.GridCacheProcessor:117 Started cache [name=org.sakaiproject.coursemanagement.impl.EnrollmentSetCmImpl, id=948310522, dataRegionName=hibernate_l2_region, mode=REPLICATED, atomicity=ATOMIC, backups=2147483647, mvcc=false, expiryPolicy=[type=javax.cache.expiry.CreatedExpiryPolicy, isEagerTtl=true]]
&amp#27;[32m[INFO]&amp#27;[m 6995 [sys-#54%localhost%] org.apache.ignite.internal.processors.cache.GridCacheProcessor:117 Started cache [name=org.sakaiproject.api.common.type.Type, id=-1814277873, dataRegionName=hibernate_l2_region, mode=REPLICATED, atomicity=ATOMIC, backups=2147483647, mvcc=false, expiryPolicy=[type=javax.cache.expiry.CreatedExpiryPolicy, isEagerTtl=true]]
&amp#27;[32m[INFO]&amp#27;[m 6995 [sys-#54%localhost%] org.apache.ignite.internal.processors.cache.GridCacheProcessor:117 Started cache [name=org.adl.datamodels.DataModel, id=-1271735660, dataRegionName=hibernate_l2_region, mode=REPLICATED, atomicity=ATOMIC, backups=2147483647, mvcc=false, expiryPolicy=[type=javax.cache.expiry.CreatedExpiryPolicy, isEagerTtl=true]]
&amp#27;[32m[INFO]&amp#27;[m 6996 [sys-#54%localhost%] org.apache.ignite.internal.processors.cache.GridCacheProcessor:117 Started cache [name=org.sakaiproject.coursemanagement.impl.SectionCategoryCmImpl, id=1936715263, dataRegionName=hibernate_l2_region, mode=REPLICATED, atomicity=ATOMIC, backups=2147483647, mvcc=false, expiryPolicy=[type=javax.cache.expiry.CreatedExpiryPolicy, isEagerTtl=true]]
&amp#27;[32m[INFO]&amp#27;[m 6996 [sys-#54%localhost%] org.apache.ignite.internal.processors.cache.GridCacheProcessor:117 Started cache [name=default-query-results-region, id=1935176796, dataRegionName=hibernate_l2_region, mode=REPLICATED, atomicity=ATOMIC, backups=2147483647, mvcc=false, expiryPolicy=[type=javax.cache.expiry.CreatedExpiryPolicy, isEagerTtl=true]]
&amp#27;[32m[INFO]&amp#27;[m 6997 [sys-#54%localhost%] org.apache.ignite.internal.processors.cache.GridCacheProcessor:117 Started cache [name=org.adl.datamodels.DMElement, id=-194177208, dataRegionName=hibernate_l2_region, mode=REPLICATED, atomicity=ATOMIC, backups=2147483647, mvcc=false, expiryPolicy=[type=javax.cache.expiry.CreatedExpiryPolicy, isEagerTtl=true]]
&amp#27;[32m[INFO]&amp#27;[m 6998 [sys-#54%localhost%] org.apache.ignite.internal.processors.cache.GridCacheProcessor:117 Started cache [name=org.sakaiproject.assignment.api.model.AssignmentSubmission.submitters, id=1265389685, dataRegionName=hibernate_l2_region, mode=REPLICATED, atomicity=ATOMIC, backups=2147483647, mvcc=false, expiryPolicy=[type=javax.cache.expiry.CreatedExpiryPolicy, isEagerTtl=true]]
&amp#27;[32m[INFO]&amp#27;[m 6998 [sys-#47%localhost%] org.apache.ignite.internal.processors.cache.GridCacheProcessor:117 Started cache [name=org.sakaiproject.coursemanagement.impl.AbstractMembershipContainerCmImpl, id=-1959567035, dataRegionName=hibernate_l2_region, mode=REPLICATED, atomicity=ATOMIC, backups=2147483647, mvcc=false, expiryPolicy=[type=javax.cache.expiry.CreatedExpiryPolicy, isEagerTtl=true]]
&amp#27;[32m[INFO]&amp#27;[m 6999 [sys-#47%localhost%] org.apache.ignite.internal.processors.cache.GridCacheProcessor:117 Started cache [name=org.sakaiproject.assignment.api.model.Assignment, id=330066999, dataRegionName=hibernate_l2_region, mode=REPLICATED, atomicity=ATOMIC, backups=2147483647, mvcc=false, expiryPolicy=[type=javax.cache.expiry.CreatedExpiryPolicy, isEagerTtl=true]]
&amp#27;[32m[INFO]&amp#27;[m 6999 [sys-#47%localhost%] org.apache.ignite.internal.processors.cache.GridCacheProcessor:117 Started cache [name=java.net.URL, id=2050244018, dataRegionName=hibernate_l2_region, mode=REPLICATED, atomicity=ATOMIC, backups=2147483647, mvcc=false, expiryPolicy=[type=javax.cache.expiry.CreatedExpiryPolicy, isEagerTtl=true]]
&amp#27;[32m[INFO]&amp#27;[m 7000 [sys-#47%localhost%] org.apache.ignite.internal.processors.cache.GridCacheProcessor:117 Started cache [name=org.sakaiproject.lessonbuildertool.SimplePageImpl, id=-1433806204, dataRegionName=hibernate_l2_region, mode=REPLICATED, atomicity=ATOMIC, backups=2147483647, mvcc=false, expiryPolicy=[type=javax.cache.expiry.CreatedExpiryPolicy, isEagerTtl=true]]
&amp#27;[32m[INFO]&amp#27;[m 6993 [sys-#56%localhost%] org.apache.ignite.internal.processors.cache.GridCacheProcessor:117 Started cache [name=org.sakaiproject.assignment.api.model.AssignmentSubmission, id=-532682013, dataRegionName=hibernate_l2_region, mode=REPLICATED, atomicity=ATOMIC, backups=2147483647, mvcc=false, expiryPolicy=[type=javax.cache.expiry.CreatedExpiryPolicy, isEagerTtl=true]]
&amp#27;[32m[INFO]&amp#27;[m 7001 [sys-#47%localhost%] org.apache.ignite.internal.processors.cache.GridCacheProcessor:117 Started cache [name=org.adl.datamodels.SCODataManager, id=661776175, dataRegionName=hibernate_l2_region, mode=REPLICATED, atomicity=ATOMIC, backups=2147483647, mvcc=false, expiryPolicy=[type=javax.cache.expiry.CreatedExpiryPolicy, isEagerTtl=true]]
&amp#27;[32m[INFO]&amp#27;[m 6985 [exchange-worker-#48%localhost%] org.apache.ignite.internal.processors.cache.GridCacheProcessor:117 Started cache [name=org.sakaiproject.chat2.model.ChatChannel, id=-931931742, dataRegionName=hibernate_l2_region, mode=REPLICATED, atomicity=ATOMIC, backups=2147483647, mvcc=false, expiryPolicy=[type=javax.cache.expiry.CreatedExpiryPolicy, isEagerTtl=true]]
&amp#27;[32m[INFO]&amp#27;[m 7002 [sys-#47%localhost%] org.apache.ignite.internal.processors.cache.GridCacheProcessor:117 Started cache [name=org.sakaiproject.rubrics.api.model.ReturnedEvaluation, id=-1515033028, dataRegionName=hibernate_l2_region, mode=REPLICATED, atomicity=ATOMIC, backups=2147483647, mvcc=false, expiryPolicy=[type=javax.cache.expiry.CreatedExpiryPolicy, isEagerTtl=true]]
&amp#27;[32m[INFO]&amp#27;[m 7002 [exchange-worker-#48%localhost%] org.apache.ignite.internal.processors.cache.GridCacheProcessor:117 Started cache [name=org.sakaiproject.lti13.LTI13Servlet_cache, id=941839520, dataRegionName=spring_region, mode=REPLICATED, atomicity=ATOMIC, backups=2147483647, mvcc=false, expiryPolicy=[type=javax.cache.expiry.CreatedExpiryPolicy, isEagerTtl=true]]
&amp#27;[32m[INFO]&amp#27;[m 7003 [exchange-worker-#48%localhost%] org.apache.ignite.internal.processors.cache.GridCacheProcessor:117 Starting caches on local join performed in 275 ms.
&amp#27;[32m[INFO]&amp#27;[m 7070 [exchange-worker-#48%localhost%] org.apache.ignite.internal.processors.cache.distributed.dht.preloader.GridDhtPartitionsExchangeFuture:117 Skipped waiting for partitions release future (local node is joining) [topVer=AffinityTopologyVersion [topVer=1, minorTopVer=0]]
&amp#27;[32m[INFO]&amp#27;[m 8302 [exchange-worker-#48%localhost%] org.apache.ignite.internal.processors.cache.distributed.dht.preloader.GridDhtPartitionsExchangeFuture:117 finishExchangeOnCoordinator [topVer=AffinityTopologyVersion [topVer=1, minorTopVer=0], resVer=AffinityTopologyVersion [topVer=1, minorTopVer=0]]
&amp#27;[32m[INFO]&amp#27;[m 8519 [exchange-worker-#48%localhost%] org.apache.ignite.internal.processors.cache.distributed.dht.preloader.GridDhtPartitionsExchangeFuture:117 Finish exchange future [startVer=AffinityTopologyVersion [topVer=1, minorTopVer=0], resVer=AffinityTopologyVersion [topVer=1, minorTopVer=0], err=null, rebalanced=true, wasRebalanced=false]
&amp#27;[32m[INFO]&amp#27;[m 8543 [exchange-worker-#48%localhost%] org.apache.ignite.internal.processors.cache.GridCacheProcessor:117 Finish proxy initialization, cacheName=org.sakaiproject.lti13.LTI13Servlet_cache, localNodeId=e5c42cc1-1031-456c-9da5-f50edd00b2d9
&amp#27;[32m[INFO]&amp#27;[m 8543 [exchange-worker-#48%localhost%] org.apache.ignite.internal.processors.cache.GridCacheProcessor:117 Finish proxy initialization, cacheName=default-query-results-region, localNodeId=e5c42cc1-1031-456c-9da5-f50edd00b2d9
&amp#27;[32m[INFO]&amp#27;[m 8543 [exchange-worker-#48%localhost%] org.apache.ignite.internal.processors.cache.GridCacheProcessor:117 Finish proxy initialization, cacheName=java.net.URL, localNodeId=e5c42cc1-1031-456c-9da5-f50edd00b2d9
&amp#27;[32m[INFO]&amp#27;[m 8543 [exchange-worker-#48%localhost%] org.apache.ignite.internal.processors.cache.GridCacheProcessor:117 Finish proxy initialization, cacheName=org.sakaiproject.assignment.api.model.Assignment.attachments, localNodeId=e5c42cc1-1031-456c-9da5-f50edd00b2d9
&amp#27;[32m[INFO]&amp#27;[m 8543 [exchange-worker-#48%localhost%] org.apache.ignite.internal.processors.cache.GridCacheProcessor:117 Finish proxy initialization, cacheName=org.sakaiproject.tool.assessment.data.dao.assessment.PublishedAnswer.answerFeedbackSet, localNodeId=e5c42cc1-1031-456c-9da5-f50edd00b2d9
&amp#27;[32m[INFO]&amp#27;[m 8543 [exchange-worker-#48%localhost%] org.apache.ignite.internal.processors.cache.GridCacheProcessor:117 Finish proxy initialization, cacheName=org.sakaiproject.lessonbuildertool.SimplePageImpl, localNodeId=e5c42cc1-1031-456c-9da5-f50edd00b2d9
&amp#27;[32m[INFO]&amp#27;[m 8544 [exchange-worker-#48%localhost%] org.apache.ignite.internal.processors.cache.GridCacheProcessor:117 Finish proxy initialization, cacheName=org.sakaiproject.rubrics.api.model.ReturnedEvaluation, localNodeId=e5c42cc1-1031-456c-9da5-f50edd00b2d9
&amp#27;[32m[INFO]&amp#27;[m 8544 [exchange-worker-#48%localhost%] org.apache.ignite.internal.processors.cache.GridCacheProcessor:117 Finish proxy initialization, cacheName=org.sakaiproject.coursemanagement.impl.SectionCategoryCmImpl, localNodeId=e5c42cc1-1031-456c-9da5-f50edd00b2d9
&amp#27;[32m[INFO]&amp#27;[m 8544 [exchange-worker-#48%localhost%] org.apache.ignite.internal.processors.cache.GridCacheProcessor:117 Finish proxy initialization, cacheName=org.sakaiproject.component.common.edu.person.PersonImpl, localNodeId=e5c42cc1-1031-456c-9da5-f50edd00b2d9
&amp#27;[32m[INFO]&amp#27;[m 8544 [exchange-worker-#48%localhost%] org.apache.ignite.internal.processors.cache.GridCacheProcessor:117 Finish proxy initialization, cacheName=org.adl.datamodels.DMElementDescriptor, localNodeId=e5c42cc1-1031-456c-9da5-f50edd00b2d9
&amp#27;[32m[INFO]&amp#27;[m 8544 [exchange-worker-#48%localhost%] org.apache.ignite.internal.processors.cache.GridCacheProcessor:117 Finish proxy initialization, cacheName=org.adl.datamodels.nav.SCORM_2004_NAV_DM.mElements, localNodeId=e5c42cc1-1031-456c-9da5-f50edd00b2d9
&amp#27;[32m[INFO]&amp#27;[m 8544 [exchange-worker-#48%localhost%] org.apache.ignite.internal.processors.cache.GridCacheProcessor:117 Finish proxy initialization, cacheName=org.sakaiproject.assignment.api.model.AssignmentSubmission.submitters, localNodeId=e5c42cc1-1031-456c-9da5-f50edd00b2d9
&amp#27;[32m[INFO]&amp#27;[m 8544 [exchange-worker-#48%localhost%] org.apache.ignite.internal.processors.cache.GridCacheProcessor:117 Finish proxy initialization, cacheName=org.sakaiproject.assignment.api.model.AssignmentSubmission.attachments, localNodeId=e5c42cc1-1031-456c-9da5-f50edd00b2d9
&amp#27;[32m[INFO]&amp#27;[m 8544 [exchange-worker-#48%localhost%] org.apache.ignite.internal.processors.cache.GridCacheProcessor:117 Finish proxy initialization, cacheName=org.sakaiproject.assignment.api.model.Assignment, localNodeId=e5c42cc1-1031-456c-9da5-f50edd00b2d9
&amp#27;[32m[INFO]&amp#27;[m 8544 [exchange-worker-#48%localhost%] org.apache.ignite.internal.processors.cache.GridCacheProcessor:117 Finish proxy initialization, cacheName=org.sakaiproject.component.common.type.TypeImpl, localNodeId=e5c42cc1-1031-456c-9da5-f50edd00b2d9
&amp#27;[32m[INFO]&amp#27;[m 8544 [exchange-worker-#48%localhost%] org.apache.ignite.internal.processors.cache.GridCacheProcessor:117 Finish proxy initialization, cacheName=org.adl.datamodels.DMDelimiterDescriptor, localNodeId=e5c42cc1-1031-456c-9da5-f50edd00b2d9
&amp#27;[32m[INFO]&amp#27;[m 8544 [exchange-worker-#48%localhost%] org.apache.ignite.internal.processors.cache.GridCacheProcessor:117 Finish proxy initialization, cacheName=org.adl.datamodels.SCODataManager.dataModels, localNodeId=e5c42cc1-1031-456c-9da5-f50edd00b2d9
&amp#27;[32m[INFO]&amp#27;[m 8545 [exchange-worker-#48%localhost%] org.apache.ignite.internal.processors.cache.GridCacheProcessor:117 Finish proxy initialization, cacheName=org.sakaiproject.hbm.privacy.PrivacyRecord, localNodeId=e5c42cc1-1031-456c-9da5-f50edd00b2d9
&amp#27;[32m[INFO]&amp#27;[m 8545 [exchange-worker-#48%localhost%] org.apache.ignite.internal.processors.cache.GridCacheProcessor:117 Finish proxy initialization, cacheName=org.adl.datamodels.DMElement, localNodeId=e5c42cc1-1031-456c-9da5-f50edd00b2d9
&amp#27;[32m[INFO]&amp#27;[m 8545 [exchange-worker-#48%localhost%] org.apache.ignite.internal.processors.cache.GridCacheProcessor:117 Finish proxy initialization, cacheName=org.adl.datamodels.DataModel, localNodeId=e5c42cc1-1031-456c-9da5-f50edd00b2d9
&amp#27;[32m[INFO]&amp#27;[m 8545 [exchange-worker-#48%localhost%] org.apache.ignite.internal.processors.cache.GridCacheProcessor:117 Finish proxy initialization, cacheName=org.sakaiproject.rubrics.api.model.Rubric, localNodeId=e5c42cc1-1031-456c-9da5-f50edd00b2d9
&amp#27;[32m[INFO]&amp#27;[m 8545 [exchange-worker-#48%localhost%] org.apache.ignite.internal.processors.cache.GridCacheProcessor:117 Finish proxy initialization, cacheName=org.sakaiproject.rubrics.api.model.Rating, localNodeId=e5c42cc1-1031-456c-9da5-f50edd00b2d9
&amp#27;[32m[INFO]&amp#27;[m 8545 [exchange-worker-#48%localhost%] org.apache.ignite.internal.processors.cache.GridCacheProcessor:117 Finish proxy initialization, cacheName=org.adl.datamodels.DMDelimiter, localNodeId=e5c42cc1-1031-456c-9da5-f50edd00b2d9
&amp#27;[32m[INFO]&amp#27;[m 8545 [exchange-worker-#48%localhost%] org.apache.ignite.internal.processors.cache.GridCacheProcessor:117 Finish proxy initialization, cacheName=ignite-sys-cache, localNodeId=e5c42cc1-1031-456c-9da5-f50edd00b2d9
&amp#27;[32m[INFO]&amp#27;[m 8545 [exchange-worker-#48%localhost%] org.apache.ignite.internal.processors.cache.GridCacheProcessor:117 Finish proxy initialization, cacheName=org.sakaiproject.rubrics.api.model.ToolItemRubricAssociation, localNodeId=e5c42cc1-1031-456c-9da5-f50edd00b2d9
&amp#27;[32m[INFO]&amp#27;[m 8545 [exchange-worker-#48%localhost%] org.apache.ignite.internal.processors.cache.GridCacheProcessor:117 Finish proxy initialization, cacheName=org.sakaiproject.lessonbuildertool.SimplePageGroupImpl, localNodeId=e5c42cc1-1031-456c-9da5-f50edd00b2d9
&amp#27;[32m[INFO]&amp#27;[m 8545 [exchange-worker-#48%localhost%] org.apache.ignite.internal.processors.cache.GridCacheProcessor:117 Finish proxy initialization, cacheName=default-update-timestamps-region, localNodeId=e5c42cc1-1031-456c-9da5-f50edd00b2d9
&amp#27;[32m[INFO]&amp#27;[m 8545 [exchange-worker-#48%localhost%] org.apache.ignite.internal.processors.cache.GridCacheProcessor:117 Finish proxy initialization, cacheName=org.adl.datamodels.DMTypeValidator, localNodeId=e5c42cc1-1031-456c-9da5-f50edd00b2d9
&amp#27;[32m[INFO]&amp#27;[m 8545 [exchange-worker-#48%localhost%] org.apache.ignite.internal.processors.cache.GridCacheProcessor:117 Finish proxy initialization, cacheName=org.sakaiproject.lessonbuildertool.SimplePageCommentImpl, localNodeId=e5c42cc1-1031-456c-9da5-f50edd00b2d9
&amp#27;[32m[INFO]&amp#27;[m 8546 [exchange-worker-#48%localhost%] org.apache.ignite.internal.processors.cache.GridCacheProcessor:117 Finish proxy initialization, cacheName=org.sakaiproject.lessonbuildertool.SimplePageItemImpl, localNodeId=e5c42cc1-1031-456c-9da5-f50edd00b2d9
&amp#27;[32m[INFO]&amp#27;[m 8546 [exchange-worker-#48%localhost%] org.apache.ignite.internal.processors.cache.GridCacheProcessor:117 Finish proxy initialization, cacheName=org.sakaiproject.rubrics.api.model.Evaluation, localNodeId=e5c42cc1-1031-456c-9da5-f50edd00b2d9
&amp#27;[32m[INFO]&amp#27;[m 8546 [exchange-worker-#48%localhost%] org.apache.ignite.internal.processors.cache.GridCacheProcessor:117 Finish proxy initialization, cacheName=org.adl.datamodels.DMProcessingInfo, localNodeId=e5c42cc1-1031-456c-9da5-f50edd00b2d9
&amp#27;[32m[INFO]&amp#27;[m 8546 [exchange-worker-#48%localhost%] org.apache.ignite.internal.processors.cache.GridCacheProcessor:117 Finish proxy initialization, cacheName=org.sakaiproject.rubrics.api.model.Criterion, localNodeId=e5c42cc1-1031-456c-9da5-f50edd00b2d9
&amp#27;[32m[INFO]&amp#27;[m 8546 [exchange-worker-#48%localhost%] org.apache.ignite.internal.processors.cache.GridCacheProcessor:117 Finish proxy initialization, cacheName=org.sakaiproject.coursemanagement.impl.EnrollmentCmImpl, localNodeId=e5c42cc1-1031-456c-9da5-f50edd00b2d9
&amp#27;[32m[INFO]&amp#27;[m 8546 [exchange-worker-#48%localhost%] org.apache.ignite.internal.processors.cache.GridCacheProcessor:117 Finish proxy initialization, cacheName=org.sakaiproject.lessonbuildertool.SimpleStudentPageImpl, localNodeId=e5c42cc1-1031-456c-9da5-f50edd00b2d9
&amp#27;[32m[INFO]&amp#27;[m 8546 [exchange-worker-#48%localhost%] org.apache.ignite.internal.processors.cache.GridCacheProcessor:117 Finish proxy initialization, cacheName=org.sakaiproject.coursemanagement.impl.MeetingCmImpl, localNodeId=e5c42cc1-1031-456c-9da5-f50edd00b2d9
&amp#27;[32m[INFO]&amp#27;[m 8546 [exchange-worker-#48%localhost%] org.apache.ignite.internal.processors.cache.GridCacheProcessor:117 Finish proxy initialization, cacheName=org.adl.datamodels.DMElement.mChildren, localNodeId=e5c42cc1-1031-456c-9da5-f50edd00b2d9
&amp#27;[32m[INFO]&amp#27;[m 8546 [exchange-worker-#48%localhost%] org.apache.ignite.internal.processors.cache.GridCacheProcessor:117 Finish proxy initialization, cacheName=org.adl.datamodels.ieee.SCORM_2004_DM.mElements, localNodeId=e5c42cc1-1031-456c-9da5-f50edd00b2d9
&amp#27;[32m[INFO]&amp#27;[m 8547 [exchange-worker-#48%localhost%] org.apache.ignite.internal.processors.cache.GridCacheProcessor:117 Finish proxy initialization, cacheName=org.sakaiproject.coursemanagement.impl.MembershipCmImpl, localNodeId=e5c42cc1-1031-456c-9da5-f50edd00b2d9
&amp#27;[32m[INFO]&amp#27;[m 8547 [exchange-worker-#48%localhost%] org.apache.ignite.internal.processors.cache.GridCacheProcessor:117 Finish proxy initialization, cacheName=org.sakaiproject.content.hbm.Lock, localNodeId=e5c42cc1-1031-456c-9da5-f50edd00b2d9
&amp#27;[32m[INFO]&amp#27;[m 8547 [exchange-worker-#48%localhost%] org.apache.ignite.internal.processors.cache.GridCacheProcessor:117 Finish proxy initialization, cacheName=org.sakaiproject.coursemanagement.impl.AcademicSessionCmImpl, localNodeId=e5c42cc1-1031-456c-9da5-f50edd00b2d9
&amp#27;[32m[INFO]&amp#27;[m 8547 [exchange-worker-#48%localhost%] org.apache.ignite.internal.processors.cache.GridCacheProcessor:117 Finish proxy initialization, cacheName=org.sakaiproject.chat2.model.ChatChannel, localNodeId=e5c42cc1-1031-456c-9da5-f50edd00b2d9
&amp#27;[32m[INFO]&amp#27;[m 8547 [exchange-worker-#48%localhost%] org.apache.ignite.internal.processors.cache.GridCacheProcessor:117 Finish proxy initialization, cacheName=org.sakaiproject.api.common.type.Type, localNodeId=e5c42cc1-1031-456c-9da5-f50edd00b2d9
&amp#27;[32m[INFO]&amp#27;[m 8547 [exchange-worker-#48%localhost%] org.apache.ignite.internal.processors.cache.GridCacheProcessor:117 Finish proxy initialization, cacheName=org.sakaiproject.assignment.api.model.Assignment.groups, localNodeId=e5c42cc1-1031-456c-9da5-f50edd00b2d9
&amp#27;[32m[INFO]&amp#27;[m 8547 [exchange-worker-#48%localhost%] org.apache.ignite.internal.processors.cache.GridCacheProcessor:117 Finish proxy initialization, cacheName=org.sakaiproject.coursemanagement.impl.CrossListingCmImpl, localNodeId=e5c42cc1-1031-456c-9da5-f50edd00b2d9
&amp#27;[32m[INFO]&amp#27;[m 8548 [exchange-worker-#48%localhost%] org.apache.ignite.internal.processors.cache.GridCacheProcessor:117 Finish proxy initialization, cacheName=org.sakaiproject.assignment.api.model.AssignmentSubmission, localNodeId=e5c42cc1-1031-456c-9da5-f50edd00b2d9
&amp#27;[32m[INFO]&amp#27;[m 8548 [exchange-worker-#48%localhost%] org.apache.ignite.internal.processors.cache.GridCacheProcessor:117 Finish proxy initialization, cacheName=org.adl.datamodels.SCODataManager, localNodeId=e5c42cc1-1031-456c-9da5-f50edd00b2d9
&amp#27;[32m[INFO]&amp#27;[m 8548 [exchange-worker-#48%localhost%] org.apache.ignite.internal.processors.cache.GridCacheProcessor:117 Finish proxy initialization, cacheName=org.sakaiproject.assignment.api.model.Assignment.properties, localNodeId=e5c42cc1-1031-456c-9da5-f50edd00b2d9
&amp#27;[32m[INFO]&amp#27;[m 8548 [exchange-worker-#48%localhost%] org.apache.ignite.internal.processors.cache.GridCacheProcessor:117 Finish proxy initialization, cacheName=org.sakaiproject.assignment.api.model.AssignmentSubmission.properties, localNodeId=e5c42cc1-1031-456c-9da5-f50edd00b2d9
&amp#27;[32m[INFO]&amp#27;[m 8548 [exchange-worker-#48%localhost%] org.apache.ignite.internal.processors.cache.GridCacheProcessor:117 Finish proxy initialization, cacheName=org.sakaiproject.taggable.impl.LinkImpl, localNodeId=e5c42cc1-1031-456c-9da5-f50edd00b2d9
&amp#27;[32m[INFO]&amp#27;[m 8548 [exchange-worker-#48%localhost%] org.apache.ignite.internal.processors.cache.GridCacheProcessor:117 Finish proxy initialization, cacheName=org.sakaiproject.lessonbuildertool.ChecklistItemStatusImpl, localNodeId=e5c42cc1-1031-456c-9da5-f50edd00b2d9
&amp#27;[32m[INFO]&amp#27;[m 8548 [exchange-worker-#48%localhost%] org.apache.ignite.internal.processors.cache.GridCacheProcessor:117 Finish proxy initialization, cacheName=org.sakaiproject.content.api.persistence.FileConversionQueueItem, localNodeId=e5c42cc1-1031-456c-9da5-f50edd00b2d9
&amp#27;[32m[INFO]&amp#27;[m 8549 [exchange-worker-#48%localhost%] org.apache.ignite.internal.processors.cache.GridCacheProcessor:117 Finish proxy initialization, cacheName=org.sakaiproject.chat2.model.ChatMessage, localNodeId=e5c42cc1-1031-456c-9da5-f50edd00b2d9
&amp#27;[32m[INFO]&amp#27;[m 8549 [exchange-worker-#48%localhost%] org.apache.ignite.internal.processors.cache.GridCacheProcessor:117 Finish proxy initialization, cacheName=org.sakaiproject.coursemanagement.impl.AbstractMembershipContainerCmImpl, localNodeId=e5c42cc1-1031-456c-9da5-f50edd00b2d9
&amp#27;[32m[INFO]&amp#27;[m 8549 [exchange-worker-#48%localhost%] org.apache.ignite.internal.processors.cache.GridCacheProcessor:117 Finish proxy initialization, cacheName=org.sakaiproject.lessonbuildertool.SimplePagePropertyImpl, localNodeId=e5c42cc1-1031-456c-9da5-f50edd00b2d9
&amp#27;[32m[INFO]&amp#27;[m 8549 [exchange-worker-#48%localhost%] org.apache.ignite.internal.processors.cache.GridCacheProcessor:117 Finish proxy initialization, cacheName=org.sakaiproject.coursemanagement.impl.EnrollmentSetCmImpl, localNodeId=e5c42cc1-1031-456c-9da5-f50edd00b2d9
&amp#27;[32m[INFO]&amp#27;[m 8549 [exchange-worker-#48%localhost%] org.apache.ignite.internal.processors.cache.GridCacheProcessor:117 Finish proxy initialization, cacheName=org.sakaiproject.assignment.api.model.AssignmentSubmission.feedbackAttachments, localNodeId=e5c42cc1-1031-456c-9da5-f50edd00b2d9
&amp#27;[32m[INFO]&amp#27;[m 8555 [exchange-worker-#48%localhost%] org.apache.ignite.internal.processors.cache.distributed.dht.preloader.GridDhtPartitionsExchangeFuture:117 Completed partition exchange [localNode=e5c42cc1-1031-456c-9da5-f50edd00b2d9, exchange=GridDhtPartitionsExchangeFuture [topVer=AffinityTopologyVersion [topVer=1, minorTopVer=0], evt=NODE_JOINED, evtNode=TcpDiscoveryNode [id=e5c42cc1-1031-456c-9da5-f50edd00b2d9, consistentId=eim-alu-69095, addrs=ArrayList [127.0.0.1], sockAddrs=HashSet [/127.0.0.1:50276], discPort=50276, order=1, intOrder=1, lastExchangeTime=1716395088939, loc=true, ver=2.15.0#20230425-sha1:f98f7f35, isClient=false], rebalanced=true, done=true, newCrdFut=null], topVer=AffinityTopologyVersion [topVer=1, minorTopVer=0]]
&amp#27;[32m[INFO]&amp#27;[m 8563 [exchange-worker-#48%localhost%] org.apache.ignite.internal.processors.cache.distributed.dht.preloader.GridDhtPartitionsExchangeFuture:117 Exchange timings [startVer=AffinityTopologyVersion [topVer=1, minorTopVer=0], resVer=AffinityTopologyVersion [topVer=1, minorTopVer=0], stage="Waiting in exchange queue" (143 ms), stage="Exchange parameters initialization" (3 ms), stage="Components activation" (22 ms), stage="Determine exchange type" (336 ms), stage="Preloading notification" (1 ms), stage="After states restored callback" (1232 ms), stage="WAL history reservation" (0 ms), stage="Waiting for all single messages" (0 ms), stage="Affinity recalculation (crd)" (0 ms), stage="Collect update counters and create affinity messages" (0 ms), stage="Assign partitions states" (28 ms), stage="Validate partitions states" (1 ms), stage="Apply update counters" (23 ms), stage="Full message preparing" (160 ms), stage="Full message sending" (0 ms), stage="State finish message sending" (0 ms), stage="Exchange done" (43 ms), stage="Total time" (1992 ms)]
&amp#27;[32m[INFO]&amp#27;[m 8563 [exchange-worker-#48%localhost%] org.apache.ignite.internal.processors.cache.distributed.dht.preloader.GridDhtPartitionsExchangeFuture:117 Exchange longest local stages [startVer=AffinityTopologyVersion [topVer=1, minorTopVer=0], resVer=AffinityTopologyVersion [topVer=1, minorTopVer=0], stage="First node affinity initialization (node join) [grp=org.sakaiproject.lti13.LTI13Servlet_cache]" (302 ms) (parent=Determine exchange type), stage="First node affinity initialization (node join) [grp=org.sakaiproject.assignment.api.model.AssignmentSubmission.submitters]" (295 ms) (parent=Determine exchange type), stage="First node affinity initialization (node join) [grp=org.sakaiproject.assignment.api.model.AssignmentSubmission.attachments]" (295 ms) (parent=Determine exchange type)]
&amp#27;[32m[INFO]&amp#27;[m 8570 [exchange-worker-#48%localhost%] org.apache.ignite.internal.exchange.time:117 Finished exchange init [topVer=AffinityTopologyVersion [topVer=1, minorTopVer=0], crd=true]
&amp#27;[32m[INFO]&amp#27;[m 8636 [exchange-worker-#48%localhost%] org.apache.ignite.internal.processors.cache.GridCachePartitionExchangeManager:117 Skipping rebalancing (nothing scheduled) [top=AffinityTopologyVersion [topVer=1, minorTopVer=0], force=false, evt=NODE_JOINED, node=e5c42cc1-1031-456c-9da5-f50edd00b2d9]
[18:24:51] Security status [authentication=off, sandbox=off, tls/ssl=off]
&amp#27;[32m[INFO]&amp#27;[m 8678 [main] org.apache.ignite.internal.IgniteKernal%localhost:117 Security status [authentication=off, sandbox=off, tls/ssl=off]
[18:24:51] 
[18:24:51] Ignite node started OK (id=e5c42cc1, instance name=localhost)
&amp#27;[32m[INFO]&amp#27;[m 8680 [main] org.apache.ignite.internal.IgniteKernal%localhost:117 

>>> +-----------------------------------------------------------------------+
>>> Ignite ver. 2.15.0#20230425-sha1:f98f7f35de6dc76a9b69299154afaa2139a5ec6d
>>> +-----------------------------------------------------------------------+
>>> OS name: Linux 6.2.16-5-pve amd64
>>> CPU(s): 4
>>> Heap: 30.0GB
>>> VM name: 488330@eim-alu-69095
>>> Ignite instance name: localhost
>>> Local node [ID=E5C42CC1-1031-456C-9DA5-F50EDD00B2D9, order=1, clientMode=false]
>>> Local node addresses: [127.0.0.1]
>>> Local ports: TCP:10800 TCP:11211 TCP:50266 TCP:50276 
>>> +-----------------------------------------------------------------------+

[18:24:51] Topology snapshot [ver=1, locNode=e5c42cc1, servers=1, clients=0, state=ACTIVE, CPUs=4, offheap=1.1GB, heap=30.0GB]
[18:24:51]   ^-- Baseline [id=0, size=1, online=1, offline=0]
&amp#27;[32m[INFO]&amp#27;[m 8682 [main] org.apache.ignite.internal.managers.discovery.GridDiscoveryManager:117 Topology snapshot [ver=1, locNode=e5c42cc1, servers=1, clients=0, state=ACTIVE, CPUs=4, offheap=1.1GB, heap=30.0GB, aliveNodes=[TcpDiscoveryNode [id=e5c42cc1-1031-456c-9da5-f50edd00b2d9, consistentId=eim-alu-69095, isClient=false, ver=2.15.0#20230425-sha1:f98f7f35]]]
&amp#27;[32m[INFO]&amp#27;[m 8682 [main] org.apache.ignite.internal.managers.discovery.GridDiscoveryManager:117   ^-- Baseline [id=0, size=1, online=1, offline=0]
&amp#27;[32m[INFO]&amp#27;[m 8684 [main] org.apache.ignite.internal.util.typedef.G:117 Node started : [stage="Configure system pool" (21 ms),stage="Start managers" (682 ms),stage="Configure binary metadata" (58 ms),stage="Start processors" (656 ms),stage="Init metastore" (24 ms),stage="Finish recovery" (0 ms),stage="Join topology" (134 ms),stage="Await transition" (47 ms),stage="Await exchange" (2093 ms),stage="Total time" (3715 ms)]
&amp#27;[32m[INFO]&amp#27;[m 8786 [main] org.sakaiproject.log.impl.Log4jConfigurationManager:116 Log4j configuration is enabled: true
&amp#27;[32m[INFO]&amp#27;[m 8831 [main] org.sakaiproject.hikaricp.jdbc.pool.SakaiBasicDataSource:149 init()
&amp#27;[32m[INFO]&amp#27;[m 8897 [main] com.zaxxer.hikari.HikariDataSource:110 sakai - Starting...
&amp#27;[32m[INFO]&amp#27;[m 9194 [main] com.zaxxer.hikari.pool.PoolBase:536 sakai - Driver does not support get/set network timeout for connections. (característica no soportada)
&amp#27;[32m[INFO]&amp#27;[m 9195 [main] com.zaxxer.hikari.pool.HikariPool:565 sakai - Added connection org.hsqldb.jdbc.JDBCConnection@25f14e93
&amp#27;[32m[INFO]&amp#27;[m 9200 [main] com.zaxxer.hikari.HikariDataSource:123 sakai - Start completed.
&amp#27;[32m[INFO]&amp#27;[m 9269 [main] org.sakaiproject.springframework.orm.hibernate.impl.AdditionalHibernateMappingsImpl:175 Add mapping resource [org/sakaiproject/config/api/HibernateConfigItem.hbm.xml]
&amp#27;[32m[INFO]&amp#27;[m 9270 [main] org.sakaiproject.springframework.orm.hibernate.impl.AdditionalHibernateMappingsImpl:120 Add annotated class [org.sakaiproject.emailtemplateservice.api.model.EmailTemplate]
&amp#27;[32m[INFO]&amp#27;[m 9270 [main] org.sakaiproject.springframework.orm.hibernate.impl.AdditionalHibernateMappingsImpl:120 Add annotated class [org.sakaiproject.content.api.persistence.FileConversionQueueItem]
&amp#27;[32m[INFO]&amp#27;[m 9270 [main] org.sakaiproject.springframework.orm.hibernate.impl.AdditionalHibernateMappingsImpl:120 Add annotated class [org.sakaiproject.content.hbm.Lock]
&amp#27;[32m[INFO]&amp#27;[m 9270 [main] org.sakaiproject.springframework.orm.hibernate.impl.AdditionalHibernateMappingsImpl:120 Add annotated class [org.sakaiproject.event.api.TincanapiEvent]
&amp#27;[32m[INFO]&amp#27;[m 9270 [main] org.sakaiproject.springframework.orm.hibernate.impl.AdditionalHibernateMappingsImpl:120 Add annotated class [org.sakaiproject.messagebundle.api.MessageBundleProperty]
&amp#27;[32m[INFO]&amp#27;[m 9270 [main] org.sakaiproject.springframework.orm.hibernate.impl.AdditionalHibernateMappingsImpl:120 Add annotated class [org.sakaiproject.tasks.api.Task]
&amp#27;[32m[INFO]&amp#27;[m 9270 [main] org.sakaiproject.springframework.orm.hibernate.impl.AdditionalHibernateMappingsImpl:120 Add annotated class [org.sakaiproject.tasks.api.UserTask]
&amp#27;[32m[INFO]&amp#27;[m 9270 [main] org.sakaiproject.springframework.orm.hibernate.impl.AdditionalHibernateMappingsImpl:120 Add annotated class [org.sakaiproject.tasks.api.TaskAssigned]
&amp#27;[32m[INFO]&amp#27;[m 9271 [main] org.sakaiproject.springframework.orm.hibernate.impl.AdditionalHibernateMappingsImpl:120 Add annotated class [org.sakaiproject.timesheet.api.TimeSheetEntry]
&amp#27;[32m[INFO]&amp#27;[m 9271 [main] org.sakaiproject.springframework.orm.hibernate.impl.AdditionalHibernateMappingsImpl:120 Add annotated class [org.sakaiproject.messaging.api.model.PushSubscription]
&amp#27;[32m[INFO]&amp#27;[m 9271 [main] org.sakaiproject.springframework.orm.hibernate.impl.AdditionalHibernateMappingsImpl:120 Add annotated class [org.sakaiproject.messaging.api.model.UserNotification]
&amp#27;[32m[INFO]&amp#27;[m 9304 [main] org.sakaiproject.ignite.IgniteEntityManagerFactoryBean:29 Ignite instance name [localhost] configured as hibernate cache provider
&amp#27;[32m[INFO]&amp#27;[m 9322 [main] org.hibernate.jpa.internal.util.LogHelper:31 HHH000204: Processing PersistenceUnitInfo [name: sakai]
&amp#27;[32m[INFO]&amp#27;[m 9424 [main] org.hibernate.Version:44 HHH000412: Hibernate ORM core version 5.6.15.Final
&amp#27;[32m[INFO]&amp#27;[m 9427 [main] org.hibernate.cfg.Environment:184 HHH000205: Loaded properties from resource hibernate.properties: {hibernate.connection.driver_class=org.hsqldb.jdbcDriver, hibernate.hbm2ddl.auto=create-only, hibernate.dialect=org.hibernate.dialect.HSQLDialect, hibernate.connection.url=jdbc:hsqldb:mem:test, hibernate.cache.use_second_level_cache=false, hibernate.bytecode.use_reflection_optimizer=false, hibernate.show_sql=false, hibernate.current_session_context_class=org.springframework.orm.hibernate5.SpringSessionContext}
&amp#27;[33m[WARN]&amp#27;[m 9654 [main] org.hibernate.orm.deprecation:1240 HHH90000021: Encountered deprecated setting [hibernate.ejb.identifier_generator_strategy_provider], use [hibernate.identifier_generator_strategy_provider] instead
&amp#27;[32m[INFO]&amp#27;[m 9715 [main] org.hibernate.dialect.Dialect:175 HHH000400: Using dialect: org.hibernate.dialect.HSQLDialect
&amp#27;[32m[INFO]&amp#27;[m 9840 [main] org.hibernate.annotations.common.Version:56 HCANN000001: Hibernate Commons Annotations {5.1.2.Final}
&amp#27;[32m[INFO]&amp#27;[m 11635 [main] org.hibernate.orm.connections.access:48 HHH10001501: Connection obtained from JdbcConnectionAccess [org.hibernate.engine.jdbc.env.internal.JdbcEnvironmentInitiator$ConnectionProviderJdbcConnectionAccess@13e12ab6] for (non-JTA) DDL execution was not in auto-commit mode; the Connection 'local transaction' will be committed and the Connection will be set into auto-commit mode.
&amp#27;[32m[INFO]&amp#27;[m 11798 [main] org.hibernate.engine.transaction.jta.platform.internal.JtaPlatformInitiator:52 HHH000490: Using JtaPlatform implementation: [org.hibernate.engine.transaction.jta.platform.internal.NoJtaPlatform]
&amp#27;[32m[INFO]&amp#27;[m 11987 [main] org.sakaiproject.ignite.IgniteEntityManagerFactoryBean:437 Initialized JPA EntityManagerFactory for persistence unit 'sakai'
&amp#27;[32m[INFO]&amp#27;[m 12148 [main] org.sakaiproject.db.impl.BasicSqlService:232 init(): vendor: hsqldb autoDDL: true deadlockRetries: 5
&amp#27;[32m[INFO]&amp#27;[m 12151 [main] org.sakaiproject.config.impl.HibernateConfigItemDaoImpl:57 init: autoDDL sakai_config_item
&amp#27;[33m[WARN]&amp#27;[m 12278 [main] org.hibernate.orm.deprecation:1837 HHH90000022: Hibernate's legacy org.hibernate.Criteria API is deprecated; use the JPA javax.persistence.criteria.CriteriaQuery instead
&amp#27;[33m[WARN]&amp#27;[m 12302 [main] org.hibernate.orm.deprecation:1837 HHH90000022: Hibernate's legacy org.hibernate.Criteria API is deprecated; use the JPA javax.persistence.criteria.CriteriaQuery instead
&amp#27;[33m[WARN]&amp#27;[m 12381 [main] org.hibernate.orm.deprecation:1837 HHH90000022: Hibernate's legacy org.hibernate.Criteria API is deprecated; use the JPA javax.persistence.criteria.CriteriaQuery instead
&amp#27;[33m[WARN]&amp#27;[m 12386 [main] org.hibernate.orm.deprecation:1837 HHH90000022: Hibernate's legacy org.hibernate.Criteria API is deprecated; use the JPA javax.persistence.criteria.CriteriaQuery instead
&amp#27;[33m[WARN]&amp#27;[m 12391 [main] org.hibernate.orm.deprecation:1837 HHH90000022: Hibernate's legacy org.hibernate.Criteria API is deprecated; use the JPA javax.persistence.criteria.CriteriaQuery instead
&amp#27;[33m[WARN]&amp#27;[m 12395 [main] org.hibernate.orm.deprecation:1837 HHH90000022: Hibernate's legacy org.hibernate.Criteria API is deprecated; use the JPA javax.persistence.criteria.CriteriaQuery instead
&amp#27;[33m[WARN]&amp#27;[m 12399 [main] org.hibernate.orm.deprecation:1837 HHH90000022: Hibernate's legacy org.hibernate.Criteria API is deprecated; use the JPA javax.persistence.criteria.CriteriaQuery instead
&amp#27;[33m[WARN]&amp#27;[m 12405 [main] org.hibernate.orm.deprecation:1837 HHH90000022: Hibernate's legacy org.hibernate.Criteria API is deprecated; use the JPA javax.persistence.criteria.CriteriaQuery instead
&amp#27;[33m[WARN]&amp#27;[m 12410 [main] org.hibernate.orm.deprecation:1837 HHH90000022: Hibernate's legacy org.hibernate.Criteria API is deprecated; use the JPA javax.persistence.criteria.CriteriaQuery instead
&amp#27;[33m[WARN]&amp#27;[m 12415 [main] org.hibernate.orm.deprecation:1837 HHH90000022: Hibernate's legacy org.hibernate.Criteria API is deprecated; use the JPA javax.persistence.criteria.CriteriaQuery instead
&amp#27;[33m[WARN]&amp#27;[m 12419 [main] org.hibernate.orm.deprecation:1837 HHH90000022: Hibernate's legacy org.hibernate.Criteria API is deprecated; use the JPA javax.persistence.criteria.CriteriaQuery instead
&amp#27;[33m[WARN]&amp#27;[m 12422 [main] org.hibernate.orm.deprecation:1837 HHH90000022: Hibernate's legacy org.hibernate.Criteria API is deprecated; use the JPA javax.persistence.criteria.CriteriaQuery instead
&amp#27;[33m[WARN]&amp#27;[m 12426 [main] org.hibernate.orm.deprecation:1837 HHH90000022: Hibernate's legacy org.hibernate.Criteria API is deprecated; use the JPA javax.persistence.criteria.CriteriaQuery instead
&amp#27;[33m[WARN]&amp#27;[m 12431 [main] org.hibernate.orm.deprecation:1837 HHH90000022: Hibernate's legacy org.hibernate.Criteria API is deprecated; use the JPA javax.persistence.criteria.CriteriaQuery instead
&amp#27;[33m[WARN]&amp#27;[m 12434 [main] org.hibernate.orm.deprecation:1837 HHH90000022: Hibernate's legacy org.hibernate.Criteria API is deprecated; use the JPA javax.persistence.criteria.CriteriaQuery instead
&amp#27;[33m[WARN]&amp#27;[m 12438 [main] org.hibernate.orm.deprecation:1837 HHH90000022: Hibernate's legacy org.hibernate.Criteria API is deprecated; use the JPA javax.persistence.criteria.CriteriaQuery instead
&amp#27;[33m[WARN]&amp#27;[m 12442 [main] org.hibernate.orm.deprecation:1837 HHH90000022: Hibernate's legacy org.hibernate.Criteria API is deprecated; use the JPA javax.persistence.criteria.CriteriaQuery instead
&amp#27;[33m[WARN]&amp#27;[m 12448 [main] org.hibernate.orm.deprecation:1837 HHH90000022: Hibernate's legacy org.hibernate.Criteria API is deprecated; use the JPA javax.persistence.criteria.CriteriaQuery instead
&amp#27;[33m[WARN]&amp#27;[m 12465 [main] org.hibernate.orm.deprecation:1837 HHH90000022: Hibernate's legacy org.hibernate.Criteria API is deprecated; use the JPA javax.persistence.criteria.CriteriaQuery instead
&amp#27;[33m[WARN]&amp#27;[m 12468 [main] org.hibernate.orm.deprecation:1837 HHH90000022: Hibernate's legacy org.hibernate.Criteria API is deprecated; use the JPA javax.persistence.criteria.CriteriaQuery instead
&amp#27;[33m[WARN]&amp#27;[m 12472 [main] org.hibernate.orm.deprecation:1837 HHH90000022: Hibernate's legacy org.hibernate.Criteria API is deprecated; use the JPA javax.persistence.criteria.CriteriaQuery instead
&amp#27;[33m[WARN]&amp#27;[m 12476 [main] org.hibernate.orm.deprecation:1837 HHH90000022: Hibernate's legacy org.hibernate.Criteria API is deprecated; use the JPA javax.persistence.criteria.CriteriaQuery instead
&amp#27;[33m[WARN]&amp#27;[m 12480 [main] org.hibernate.orm.deprecation:1837 HHH90000022: Hibernate's legacy org.hibernate.Criteria API is deprecated; use the JPA javax.persistence.criteria.CriteriaQuery instead
&amp#27;[33m[WARN]&amp#27;[m 12486 [main] org.hibernate.orm.deprecation:1837 HHH90000022: Hibernate's legacy org.hibernate.Criteria API is deprecated; use the JPA javax.persistence.criteria.CriteriaQuery instead
&amp#27;[33m[WARN]&amp#27;[m 12491 [main] org.hibernate.orm.deprecation:1837 HHH90000022: Hibernate's legacy org.hibernate.Criteria API is deprecated; use the JPA javax.persistence.criteria.CriteriaQuery instead
&amp#27;[33m[WARN]&amp#27;[m 12495 [main] org.hibernate.orm.deprecation:1837 HHH90000022: Hibernate's legacy org.hibernate.Criteria API is deprecated; use the JPA javax.persistence.criteria.CriteriaQuery instead
&amp#27;[33m[WARN]&amp#27;[m 12499 [main] org.hibernate.orm.deprecation:1837 HHH90000022: Hibernate's legacy org.hibernate.Criteria API is deprecated; use the JPA javax.persistence.criteria.CriteriaQuery instead
&amp#27;[33m[WARN]&amp#27;[m 12504 [main] org.hibernate.orm.deprecation:1837 HHH90000022: Hibernate's legacy org.hibernate.Criteria API is deprecated; use the JPA javax.persistence.criteria.CriteriaQuery instead
&amp#27;[33m[WARN]&amp#27;[m 12508 [main] org.hibernate.orm.deprecation:1837 HHH90000022: Hibernate's legacy org.hibernate.Criteria API is deprecated; use the JPA javax.persistence.criteria.CriteriaQuery instead
&amp#27;[33m[WARN]&amp#27;[m 12511 [main] org.hibernate.orm.deprecation:1837 HHH90000022: Hibernate's legacy org.hibernate.Criteria API is deprecated; use the JPA javax.persistence.criteria.CriteriaQuery instead
&amp#27;[33m[WARN]&amp#27;[m 12514 [main] org.hibernate.orm.deprecation:1837 HHH90000022: Hibernate's legacy org.hibernate.Criteria API is deprecated; use the JPA javax.persistence.criteria.CriteriaQuery instead
&amp#27;[33m[WARN]&amp#27;[m 12518 [main] org.hibernate.orm.deprecation:1837 HHH90000022: Hibernate's legacy org.hibernate.Criteria API is deprecated; use the JPA javax.persistence.criteria.CriteriaQuery instead
&amp#27;[33m[WARN]&amp#27;[m 12522 [main] org.hibernate.orm.deprecation:1837 HHH90000022: Hibernate's legacy org.hibernate.Criteria API is deprecated; use the JPA javax.persistence.criteria.CriteriaQuery instead
&amp#27;[33m[WARN]&amp#27;[m 12525 [main] org.hibernate.orm.deprecation:1837 HHH90000022: Hibernate's legacy org.hibernate.Criteria API is deprecated; use the JPA javax.persistence.criteria.CriteriaQuery instead
&amp#27;[33m[WARN]&amp#27;[m 12528 [main] org.hibernate.orm.deprecation:1837 HHH90000022: Hibernate's legacy org.hibernate.Criteria API is deprecated; use the JPA javax.persistence.criteria.CriteriaQuery instead
&amp#27;[33m[WARN]&amp#27;[m 12532 [main] org.hibernate.orm.deprecation:1837 HHH90000022: Hibernate's legacy org.hibernate.Criteria API is deprecated; use the JPA javax.persistence.criteria.CriteriaQuery instead
&amp#27;[33m[WARN]&amp#27;[m 12535 [main] org.hibernate.orm.deprecation:1837 HHH90000022: Hibernate's legacy org.hibernate.Criteria API is deprecated; use the JPA javax.persistence.criteria.CriteriaQuery instead
&amp#27;[33m[WARN]&amp#27;[m 12539 [main] org.hibernate.orm.deprecation:1837 HHH90000022: Hibernate's legacy org.hibernate.Criteria API is deprecated; use the JPA javax.persistence.criteria.CriteriaQuery instead
&amp#27;[33m[WARN]&amp#27;[m 12542 [main] org.hibernate.orm.deprecation:1837 HHH90000022: Hibernate's legacy org.hibernate.Criteria API is deprecated; use the JPA javax.persistence.criteria.CriteriaQuery instead
&amp#27;[33m[WARN]&amp#27;[m 12545 [main] org.hibernate.orm.deprecation:1837 HHH90000022: Hibernate's legacy org.hibernate.Criteria API is deprecated; use the JPA javax.persistence.criteria.CriteriaQuery instead
&amp#27;[33m[WARN]&amp#27;[m 12550 [main] org.hibernate.orm.deprecation:1837 HHH90000022: Hibernate's legacy org.hibernate.Criteria API is deprecated; use the JPA javax.persistence.criteria.CriteriaQuery instead
&amp#27;[33m[WARN]&amp#27;[m 12570 [main] org.hibernate.orm.deprecation:1837 HHH90000022: Hibernate's legacy org.hibernate.Criteria API is deprecated; use the JPA javax.persistence.criteria.CriteriaQuery instead
&amp#27;[33m[WARN]&amp#27;[m 12577 [main] org.hibernate.orm.deprecation:1837 HHH90000022: Hibernate's legacy org.hibernate.Criteria API is deprecated; use the JPA javax.persistence.criteria.CriteriaQuery instead
&amp#27;[33m[WARN]&amp#27;[m 12583 [main] org.hibernate.orm.deprecation:1837 HHH90000022: Hibernate's legacy org.hibernate.Criteria API is deprecated; use the JPA javax.persistence.criteria.CriteriaQuery instead
&amp#27;[33m[WARN]&amp#27;[m 12589 [main] org.hibernate.orm.deprecation:1837 HHH90000022: Hibernate's legacy org.hibernate.Criteria API is deprecated; use the JPA javax.persistence.criteria.CriteriaQuery instead
&amp#27;[33m[WARN]&amp#27;[m 12608 [main] org.hibernate.orm.deprecation:1837 HHH90000022: Hibernate's legacy org.hibernate.Criteria API is deprecated; use the JPA javax.persistence.criteria.CriteriaQuery instead
&amp#27;[33m[WARN]&amp#27;[m 12618 [main] org.hibernate.orm.deprecation:1837 HHH90000022: Hibernate's legacy org.hibernate.Criteria API is deprecated; use the JPA javax.persistence.criteria.CriteriaQuery instead
&amp#27;[33m[WARN]&amp#27;[m 12622 [main] org.hibernate.orm.deprecation:1837 HHH90000022: Hibernate's legacy org.hibernate.Criteria API is deprecated; use the JPA javax.persistence.criteria.CriteriaQuery instead
&amp#27;[33m[WARN]&amp#27;[m 12626 [main] org.hibernate.orm.deprecation:1837 HHH90000022: Hibernate's legacy org.hibernate.Criteria API is deprecated; use the JPA javax.persistence.criteria.CriteriaQuery instead
&amp#27;[33m[WARN]&amp#27;[m 12630 [main] org.hibernate.orm.deprecation:1837 HHH90000022: Hibernate's legacy org.hibernate.Criteria API is deprecated; use the JPA javax.persistence.criteria.CriteriaQuery instead
&amp#27;[33m[WARN]&amp#27;[m 12633 [main] org.hibernate.orm.deprecation:1837 HHH90000022: Hibernate's legacy org.hibernate.Criteria API is deprecated; use the JPA javax.persistence.criteria.CriteriaQuery instead
&amp#27;[33m[WARN]&amp#27;[m 12637 [main] org.hibernate.orm.deprecation:1837 HHH90000022: Hibernate's legacy org.hibernate.Criteria API is deprecated; use the JPA javax.persistence.criteria.CriteriaQuery instead
&amp#27;[33m[WARN]&amp#27;[m 12640 [main] org.hibernate.orm.deprecation:1837 HHH90000022: Hibernate's legacy org.hibernate.Criteria API is deprecated; use the JPA javax.persistence.criteria.CriteriaQuery instead
&amp#27;[33m[WARN]&amp#27;[m 12643 [main] org.hibernate.orm.deprecation:1837 HHH90000022: Hibernate's legacy org.hibernate.Criteria API is deprecated; use the JPA javax.persistence.criteria.CriteriaQuery instead
&amp#27;[33m[WARN]&amp#27;[m 12647 [main] org.hibernate.orm.deprecation:1837 HHH90000022: Hibernate's legacy org.hibernate.Criteria API is deprecated; use the JPA javax.persistence.criteria.CriteriaQuery instead
&amp#27;[33m[WARN]&amp#27;[m 12666 [main] org.hibernate.orm.deprecation:1837 HHH90000022: Hibernate's legacy org.hibernate.Criteria API is deprecated; use the JPA javax.persistence.criteria.CriteriaQuery instead
&amp#27;[33m[WARN]&amp#27;[m 12670 [main] org.hibernate.orm.deprecation:1837 HHH90000022: Hibernate's legacy org.hibernate.Criteria API is deprecated; use the JPA javax.persistence.criteria.CriteriaQuery instead
&amp#27;[33m[WARN]&amp#27;[m 12675 [main] org.hibernate.orm.deprecation:1837 HHH90000022: Hibernate's legacy org.hibernate.Criteria API is deprecated; use the JPA javax.persistence.criteria.CriteriaQuery instead
&amp#27;[33m[WARN]&amp#27;[m 12679 [main] org.hibernate.orm.deprecation:1837 HHH90000022: Hibernate's legacy org.hibernate.Criteria API is deprecated; use the JPA javax.persistence.criteria.CriteriaQuery instead
&amp#27;[33m[WARN]&amp#27;[m 12698 [main] org.hibernate.orm.deprecation:1837 HHH90000022: Hibernate's legacy org.hibernate.Criteria API is deprecated; use the JPA javax.persistence.criteria.CriteriaQuery instead
&amp#27;[33m[WARN]&amp#27;[m 12701 [main] org.hibernate.orm.deprecation:1837 HHH90000022: Hibernate's legacy org.hibernate.Criteria API is deprecated; use the JPA javax.persistence.criteria.CriteriaQuery instead
&amp#27;[33m[WARN]&amp#27;[m 12706 [main] org.hibernate.orm.deprecation:1837 HHH90000022: Hibernate's legacy org.hibernate.Criteria API is deprecated; use the JPA javax.persistence.criteria.CriteriaQuery instead
&amp#27;[33m[WARN]&amp#27;[m 12709 [main] org.hibernate.orm.deprecation:1837 HHH90000022: Hibernate's legacy org.hibernate.Criteria API is deprecated; use the JPA javax.persistence.criteria.CriteriaQuery instead
&amp#27;[33m[WARN]&amp#27;[m 12712 [main] org.hibernate.orm.deprecation:1837 HHH90000022: Hibernate's legacy org.hibernate.Criteria API is deprecated; use the JPA javax.persistence.criteria.CriteriaQuery instead
&amp#27;[33m[WARN]&amp#27;[m 12716 [main] org.hibernate.orm.deprecation:1837 HHH90000022: Hibernate's legacy org.hibernate.Criteria API is deprecated; use the JPA javax.persistence.criteria.CriteriaQuery instead
&amp#27;[33m[WARN]&amp#27;[m 12727 [main] org.hibernate.orm.deprecation:1837 HHH90000022: Hibernate's legacy org.hibernate.Criteria API is deprecated; use the JPA javax.persistence.criteria.CriteriaQuery instead
&amp#27;[33m[WARN]&amp#27;[m 12735 [main] org.hibernate.orm.deprecation:1837 HHH90000022: Hibernate's legacy org.hibernate.Criteria API is deprecated; use the JPA javax.persistence.criteria.CriteriaQuery instead
&amp#27;[33m[WARN]&amp#27;[m 12741 [main] org.hibernate.orm.deprecation:1837 HHH90000022: Hibernate's legacy org.hibernate.Criteria API is deprecated; use the JPA javax.persistence.criteria.CriteriaQuery instead
&amp#27;[33m[WARN]&amp#27;[m 12746 [main] org.hibernate.orm.deprecation:1837 HHH90000022: Hibernate's legacy org.hibernate.Criteria API is deprecated; use the JPA javax.persistence.criteria.CriteriaQuery instead
&amp#27;[33m[WARN]&amp#27;[m 12750 [main] org.hibernate.orm.deprecation:1837 HHH90000022: Hibernate's legacy org.hibernate.Criteria API is deprecated; use the JPA javax.persistence.criteria.CriteriaQuery instead
&amp#27;[33m[WARN]&amp#27;[m 12754 [main] org.hibernate.orm.deprecation:1837 HHH90000022: Hibernate's legacy org.hibernate.Criteria API is deprecated; use the JPA javax.persistence.criteria.CriteriaQuery instead
&amp#27;[33m[WARN]&amp#27;[m 12759 [main] org.hibernate.orm.deprecation:1837 HHH90000022: Hibernate's legacy org.hibernate.Criteria API is deprecated; use the JPA javax.persistence.criteria.CriteriaQuery instead
&amp#27;[33m[WARN]&amp#27;[m 12763 [main] org.hibernate.orm.deprecation:1837 HHH90000022: Hibernate's legacy org.hibernate.Criteria API is deprecated; use the JPA javax.persistence.criteria.CriteriaQuery instead
&amp#27;[33m[WARN]&amp#27;[m 12766 [main] org.hibernate.orm.deprecation:1837 HHH90000022: Hibernate's legacy org.hibernate.Criteria API is deprecated; use the JPA javax.persistence.criteria.CriteriaQuery instead
&amp#27;[33m[WARN]&amp#27;[m 12807 [main] org.hibernate.orm.deprecation:1837 HHH90000022: Hibernate's legacy org.hibernate.Criteria API is deprecated; use the JPA javax.persistence.criteria.CriteriaQuery instead
&amp#27;[33m[WARN]&amp#27;[m 12811 [main] org.hibernate.orm.deprecation:1837 HHH90000022: Hibernate's legacy org.hibernate.Criteria API is deprecated; use the JPA javax.persistence.criteria.CriteriaQuery instead
&amp#27;[33m[WARN]&amp#27;[m 12814 [main] org.hibernate.orm.deprecation:1837 HHH90000022: Hibernate's legacy org.hibernate.Criteria API is deprecated; use the JPA javax.persistence.criteria.CriteriaQuery instead
&amp#27;[33m[WARN]&amp#27;[m 12817 [main] org.hibernate.orm.deprecation:1837 HHH90000022: Hibernate's legacy org.hibernate.Criteria API is deprecated; use the JPA javax.persistence.criteria.CriteriaQuery instead
&amp#27;[33m[WARN]&amp#27;[m 12820 [main] org.hibernate.orm.deprecation:1837 HHH90000022: Hibernate's legacy org.hibernate.Criteria API is deprecated; use the JPA javax.persistence.criteria.CriteriaQuery instead
&amp#27;[33m[WARN]&amp#27;[m 12823 [main] org.hibernate.orm.deprecation:1837 HHH90000022: Hibernate's legacy org.hibernate.Criteria API is deprecated; use the JPA javax.persistence.criteria.CriteriaQuery instead
&amp#27;[33m[WARN]&amp#27;[m 12826 [main] org.hibernate.orm.deprecation:1837 HHH90000022: Hibernate's legacy org.hibernate.Criteria API is deprecated; use the JPA javax.persistence.criteria.CriteriaQuery instead
&amp#27;[33m[WARN]&amp#27;[m 12828 [main] org.hibernate.orm.deprecation:1837 HHH90000022: Hibernate's legacy org.hibernate.Criteria API is deprecated; use the JPA javax.persistence.criteria.CriteriaQuery instead
&amp#27;[33m[WARN]&amp#27;[m 12831 [main] org.hibernate.orm.deprecation:1837 HHH90000022: Hibernate's legacy org.hibernate.Criteria API is deprecated; use the JPA javax.persistence.criteria.CriteriaQuery instead
&amp#27;[33m[WARN]&amp#27;[m 12843 [main] org.hibernate.orm.deprecation:1837 HHH90000022: Hibernate's legacy org.hibernate.Criteria API is deprecated; use the JPA javax.persistence.criteria.CriteriaQuery instead
&amp#27;[33m[WARN]&amp#27;[m 12847 [main] org.hibernate.orm.deprecation:1837 HHH90000022: Hibernate's legacy org.hibernate.Criteria API is deprecated; use the JPA javax.persistence.criteria.CriteriaQuery instead
&amp#27;[33m[WARN]&amp#27;[m 12853 [main] org.hibernate.orm.deprecation:1837 HHH90000022: Hibernate's legacy org.hibernate.Criteria API is deprecated; use the JPA javax.persistence.criteria.CriteriaQuery instead
&amp#27;[33m[WARN]&amp#27;[m 12856 [main] org.hibernate.orm.deprecation:1837 HHH90000022: Hibernate's legacy org.hibernate.Criteria API is deprecated; use the JPA javax.persistence.criteria.CriteriaQuery instead
&amp#27;[33m[WARN]&amp#27;[m 12863 [main] org.hibernate.orm.deprecation:1837 HHH90000022: Hibernate's legacy org.hibernate.Criteria API is deprecated; use the JPA javax.persistence.criteria.CriteriaQuery instead
&amp#27;[33m[WARN]&amp#27;[m 12866 [main] org.hibernate.orm.deprecation:1837 HHH90000022: Hibernate's legacy org.hibernate.Criteria API is deprecated; use the JPA javax.persistence.criteria.CriteriaQuery instead
&amp#27;[33m[WARN]&amp#27;[m 12869 [main] org.hibernate.orm.deprecation:1837 HHH90000022: Hibernate's legacy org.hibernate.Criteria API is deprecated; use the JPA javax.persistence.criteria.CriteriaQuery instead
&amp#27;[33m[WARN]&amp#27;[m 12871 [main] org.hibernate.orm.deprecation:1837 HHH90000022: Hibernate's legacy org.hibernate.Criteria API is deprecated; use the JPA javax.persistence.criteria.CriteriaQuery instead
&amp#27;[33m[WARN]&amp#27;[m 12873 [main] org.hibernate.orm.deprecation:1837 HHH90000022: Hibernate's legacy org.hibernate.Criteria API is deprecated; use the JPA javax.persistence.criteria.CriteriaQuery instead
&amp#27;[33m[WARN]&amp#27;[m 12881 [main] org.hibernate.orm.deprecation:1837 HHH90000022: Hibernate's legacy org.hibernate.Criteria API is deprecated; use the JPA javax.persistence.criteria.CriteriaQuery instead
&amp#27;[33m[WARN]&amp#27;[m 12884 [main] org.hibernate.orm.deprecation:1837 HHH90000022: Hibernate's legacy org.hibernate.Criteria API is deprecated; use the JPA javax.persistence.criteria.CriteriaQuery instead
&amp#27;[33m[WARN]&amp#27;[m 12886 [main] org.hibernate.orm.deprecation:1837 HHH90000022: Hibernate's legacy org.hibernate.Criteria API is deprecated; use the JPA javax.persistence.criteria.CriteriaQuery instead
&amp#27;[33m[WARN]&amp#27;[m 12889 [main] org.hibernate.orm.deprecation:1837 HHH90000022: Hibernate's legacy org.hibernate.Criteria API is deprecated; use the JPA javax.persistence.criteria.CriteriaQuery instead
&amp#27;[33m[WARN]&amp#27;[m 12892 [main] org.hibernate.orm.deprecation:1837 HHH90000022: Hibernate's legacy org.hibernate.Criteria API is deprecated; use the JPA javax.persistence.criteria.CriteriaQuery instead
&amp#27;[33m[WARN]&amp#27;[m 12894 [main] org.hibernate.orm.deprecation:1837 HHH90000022: Hibernate's legacy org.hibernate.Criteria API is deprecated; use the JPA javax.persistence.criteria.CriteriaQuery instead
&amp#27;[33m[WARN]&amp#27;[m 12897 [main] org.hibernate.orm.deprecation:1837 HHH90000022: Hibernate's legacy org.hibernate.Criteria API is deprecated; use the JPA javax.persistence.criteria.CriteriaQuery instead
&amp#27;[33m[WARN]&amp#27;[m 12903 [main] org.hibernate.orm.deprecation:1837 HHH90000022: Hibernate's legacy org.hibernate.Criteria API is deprecated; use the JPA javax.persistence.criteria.CriteriaQuery instead
&amp#27;[33m[WARN]&amp#27;[m 12906 [main] org.hibernate.orm.deprecation:1837 HHH90000022: Hibernate's legacy org.hibernate.Criteria API is deprecated; use the JPA javax.persistence.criteria.CriteriaQuery instead
&amp#27;[33m[WARN]&amp#27;[m 12909 [main] org.hibernate.orm.deprecation:1837 HHH90000022: Hibernate's legacy org.hibernate.Criteria API is deprecated; use the JPA javax.persistence.criteria.CriteriaQuery instead
&amp#27;[33m[WARN]&amp#27;[m 12913 [main] org.hibernate.orm.deprecation:1837 HHH90000022: Hibernate's legacy org.hibernate.Criteria API is deprecated; use the JPA javax.persistence.criteria.CriteriaQuery instead
&amp#27;[33m[WARN]&amp#27;[m 12917 [main] org.hibernate.orm.deprecation:1837 HHH90000022: Hibernate's legacy org.hibernate.Criteria API is deprecated; use the JPA javax.persistence.criteria.CriteriaQuery instead
&amp#27;[33m[WARN]&amp#27;[m 12920 [main] org.hibernate.orm.deprecation:1837 HHH90000022: Hibernate's legacy org.hibernate.Criteria API is deprecated; use the JPA javax.persistence.criteria.CriteriaQuery instead
&amp#27;[33m[WARN]&amp#27;[m 12922 [main] org.hibernate.orm.deprecation:1837 HHH90000022: Hibernate's legacy org.hibernate.Criteria API is deprecated; use the JPA javax.persistence.criteria.CriteriaQuery instead
&amp#27;[33m[WARN]&amp#27;[m 12925 [main] org.hibernate.orm.deprecation:1837 HHH90000022: Hibernate's legacy org.hibernate.Criteria API is deprecated; use the JPA javax.persistence.criteria.CriteriaQuery instead
&amp#27;[33m[WARN]&amp#27;[m 12928 [main] org.hibernate.orm.deprecation:1837 HHH90000022: Hibernate's legacy org.hibernate.Criteria API is deprecated; use the JPA javax.persistence.criteria.CriteriaQuery instead
&amp#27;[33m[WARN]&amp#27;[m 12953 [main] org.hibernate.orm.deprecation:1837 HHH90000022: Hibernate's legacy org.hibernate.Criteria API is deprecated; use the JPA javax.persistence.criteria.CriteriaQuery instead
&amp#27;[33m[WARN]&amp#27;[m 12959 [main] org.hibernate.orm.deprecation:1837 HHH90000022: Hibernate's legacy org.hibernate.Criteria API is deprecated; use the JPA javax.persistence.criteria.CriteriaQuery instead
&amp#27;[33m[WARN]&amp#27;[m 12963 [main] org.hibernate.orm.deprecation:1837 HHH90000022: Hibernate's legacy org.hibernate.Criteria API is deprecated; use the JPA javax.persistence.criteria.CriteriaQuery instead
&amp#27;[33m[WARN]&amp#27;[m 12966 [main] org.hibernate.orm.deprecation:1837 HHH90000022: Hibernate's legacy org.hibernate.Criteria API is deprecated; use the JPA javax.persistence.criteria.CriteriaQuery instead
&amp#27;[33m[WARN]&amp#27;[m 12968 [main] org.hibernate.orm.deprecation:1837 HHH90000022: Hibernate's legacy org.hibernate.Criteria API is deprecated; use the JPA javax.persistence.criteria.CriteriaQuery instead
&amp#27;[33m[WARN]&amp#27;[m 12971 [main] org.hibernate.orm.deprecation:1837 HHH90000022: Hibernate's legacy org.hibernate.Criteria API is deprecated; use the JPA javax.persistence.criteria.CriteriaQuery instead
&amp#27;[33m[WARN]&amp#27;[m 12973 [main] org.hibernate.orm.deprecation:1837 HHH90000022: Hibernate's legacy org.hibernate.Criteria API is deprecated; use the JPA javax.persistence.criteria.CriteriaQuery instead
&amp#27;[33m[WARN]&amp#27;[m 12976 [main] org.hibernate.orm.deprecation:1837 HHH90000022: Hibernate's legacy org.hibernate.Criteria API is deprecated; use the JPA javax.persistence.criteria.CriteriaQuery instead
&amp#27;[33m[WARN]&amp#27;[m 12978 [main] org.hibernate.orm.deprecation:1837 HHH90000022: Hibernate's legacy org.hibernate.Criteria API is deprecated; use the JPA javax.persistence.criteria.CriteriaQuery instead
&amp#27;[33m[WARN]&amp#27;[m 12980 [main] org.hibernate.orm.deprecation:1837 HHH90000022: Hibernate's legacy org.hibernate.Criteria API is deprecated; use the JPA javax.persistence.criteria.CriteriaQuery instead
&amp#27;[33m[WARN]&amp#27;[m 12982 [main] org.hibernate.orm.deprecation:1837 HHH90000022: Hibernate's legacy org.hibernate.Criteria API is deprecated; use the JPA javax.persistence.criteria.CriteriaQuery instead
&amp#27;[33m[WARN]&amp#27;[m 12985 [main] org.hibernate.orm.deprecation:1837 HHH90000022: Hibernate's legacy org.hibernate.Criteria API is deprecated; use the JPA javax.persistence.criteria.CriteriaQuery instead
&amp#27;[33m[WARN]&amp#27;[m 12989 [main] org.hibernate.orm.deprecation:1837 HHH90000022: Hibernate's legacy org.hibernate.Criteria API is deprecated; use the JPA javax.persistence.criteria.CriteriaQuery instead
&amp#27;[33m[WARN]&amp#27;[m 12992 [main] org.hibernate.orm.deprecation:1837 HHH90000022: Hibernate's legacy org.hibernate.Criteria API is deprecated; use the JPA javax.persistence.criteria.CriteriaQuery instead
&amp#27;[33m[WARN]&amp#27;[m 12994 [main] org.hibernate.orm.deprecation:1837 HHH90000022: Hibernate's legacy org.hibernate.Criteria API is deprecated; use the JPA javax.persistence.criteria.CriteriaQuery instead
&amp#27;[33m[WARN]&amp#27;[m 12998 [main] org.hibernate.orm.deprecation:1837 HHH90000022: Hibernate's legacy org.hibernate.Criteria API is deprecated; use the JPA javax.persistence.criteria.CriteriaQuery instead
&amp#27;[33m[WARN]&amp#27;[m 13001 [main] org.hibernate.orm.deprecation:1837 HHH90000022: Hibernate's legacy org.hibernate.Criteria API is deprecated; use the JPA javax.persistence.criteria.CriteriaQuery instead
&amp#27;[33m[WARN]&amp#27;[m 13012 [main] org.hibernate.orm.deprecation:1837 HHH90000022: Hibernate's legacy org.hibernate.Criteria API is deprecated; use the JPA javax.persistence.criteria.CriteriaQuery instead
&amp#27;[33m[WARN]&amp#27;[m 13018 [main] org.hibernate.orm.deprecation:1837 HHH90000022: Hibernate's legacy org.hibernate.Criteria API is deprecated; use the JPA javax.persistence.criteria.CriteriaQuery instead
&amp#27;[33m[WARN]&amp#27;[m 13022 [main] org.hibernate.orm.deprecation:1837 HHH90000022: Hibernate's legacy org.hibernate.Criteria API is deprecated; use the JPA javax.persistence.criteria.CriteriaQuery instead
&amp#27;[33m[WARN]&amp#27;[m 13025 [main] org.hibernate.orm.deprecation:1837 HHH90000022: Hibernate's legacy org.hibernate.Criteria API is deprecated; use the JPA javax.persistence.criteria.CriteriaQuery instead
&amp#27;[33m[WARN]&amp#27;[m 13034 [main] org.hibernate.orm.deprecation:1837 HHH90000022: Hibernate's legacy org.hibernate.Criteria API is deprecated; use the JPA javax.persistence.criteria.CriteriaQuery instead
&amp#27;[33m[WARN]&amp#27;[m 13037 [main] org.hibernate.orm.deprecation:1837 HHH90000022: Hibernate's legacy org.hibernate.Criteria API is deprecated; use the JPA javax.persistence.criteria.CriteriaQuery instead
&amp#27;[33m[WARN]&amp#27;[m 13040 [main] org.hibernate.orm.deprecation:1837 HHH90000022: Hibernate's legacy org.hibernate.Criteria API is deprecated; use the JPA javax.persistence.criteria.CriteriaQuery instead
&amp#27;[33m[WARN]&amp#27;[m 13043 [main] org.hibernate.orm.deprecation:1837 HHH90000022: Hibernate's legacy org.hibernate.Criteria API is deprecated; use the JPA javax.persistence.criteria.CriteriaQuery instead
&amp#27;[33m[WARN]&amp#27;[m 13046 [main] org.hibernate.orm.deprecation:1837 HHH90000022: Hibernate's legacy org.hibernate.Criteria API is deprecated; use the JPA javax.persistence.criteria.CriteriaQuery instead
&amp#27;[33m[WARN]&amp#27;[m 13051 [main] org.hibernate.orm.deprecation:1837 HHH90000022: Hibernate's legacy org.hibernate.Criteria API is deprecated; use the JPA javax.persistence.criteria.CriteriaQuery instead
&amp#27;[33m[WARN]&amp#27;[m 13056 [main] org.hibernate.orm.deprecation:1837 HHH90000022: Hibernate's legacy org.hibernate.Criteria API is deprecated; use the JPA javax.persistence.criteria.CriteriaQuery instead
&amp#27;[33m[WARN]&amp#27;[m 13059 [main] org.hibernate.orm.deprecation:1837 HHH90000022: Hibernate's legacy org.hibernate.Criteria API is deprecated; use the JPA javax.persistence.criteria.CriteriaQuery instead
&amp#27;[33m[WARN]&amp#27;[m 13062 [main] org.hibernate.orm.deprecation:1837 HHH90000022: Hibernate's legacy org.hibernate.Criteria API is deprecated; use the JPA javax.persistence.criteria.CriteriaQuery instead
&amp#27;[33m[WARN]&amp#27;[m 13064 [main] org.hibernate.orm.deprecation:1837 HHH90000022: Hibernate's legacy org.hibernate.Criteria API is deprecated; use the JPA javax.persistence.criteria.CriteriaQuery instead
&amp#27;[33m[WARN]&amp#27;[m 13067 [main] org.hibernate.orm.deprecation:1837 HHH90000022: Hibernate's legacy org.hibernate.Criteria API is deprecated; use the JPA javax.persistence.criteria.CriteriaQuery instead
&amp#27;[33m[WARN]&amp#27;[m 13071 [main] org.hibernate.orm.deprecation:1837 HHH90000022: Hibernate's legacy org.hibernate.Criteria API is deprecated; use the JPA javax.persistence.criteria.CriteriaQuery instead
&amp#27;[33m[WARN]&amp#27;[m 13074 [main] org.hibernate.orm.deprecation:1837 HHH90000022: Hibernate's legacy org.hibernate.Criteria API is deprecated; use the JPA javax.persistence.criteria.CriteriaQuery instead
&amp#27;[33m[WARN]&amp#27;[m 13076 [main] org.hibernate.orm.deprecation:1837 HHH90000022: Hibernate's legacy org.hibernate.Criteria API is deprecated; use the JPA javax.persistence.criteria.CriteriaQuery instead
&amp#27;[33m[WARN]&amp#27;[m 13083 [main] org.hibernate.orm.deprecation:1837 HHH90000022: Hibernate's legacy org.hibernate.Criteria API is deprecated; use the JPA javax.persistence.criteria.CriteriaQuery instead
&amp#27;[33m[WARN]&amp#27;[m 13093 [main] org.hibernate.orm.deprecation:1837 HHH90000022: Hibernate's legacy org.hibernate.Criteria API is deprecated; use the JPA javax.persistence.criteria.CriteriaQuery instead
&amp#27;[33m[WARN]&amp#27;[m 13097 [main] org.hibernate.orm.deprecation:1837 HHH90000022: Hibernate's legacy org.hibernate.Criteria API is deprecated; use the JPA javax.persistence.criteria.CriteriaQuery instead
&amp#27;[33m[WARN]&amp#27;[m 13103 [main] org.hibernate.orm.deprecation:1837 HHH90000022: Hibernate's legacy org.hibernate.Criteria API is deprecated; use the JPA javax.persistence.criteria.CriteriaQuery instead
&amp#27;[33m[WARN]&amp#27;[m 13107 [main] org.hibernate.orm.deprecation:1837 HHH90000022: Hibernate's legacy org.hibernate.Criteria API is deprecated; use the JPA javax.persistence.criteria.CriteriaQuery instead
&amp#27;[33m[WARN]&amp#27;[m 13110 [main] org.hibernate.orm.deprecation:1837 HHH90000022: Hibernate's legacy org.hibernate.Criteria API is deprecated; use the JPA javax.persistence.criteria.CriteriaQuery instead
&amp#27;[33m[WARN]&amp#27;[m 13113 [main] org.hibernate.orm.deprecation:1837 HHH90000022: Hibernate's legacy org.hibernate.Criteria API is deprecated; use the JPA javax.persistence.criteria.CriteriaQuery instead
&amp#27;[33m[WARN]&amp#27;[m 13117 [main] org.hibernate.orm.deprecation:1837 HHH90000022: Hibernate's legacy org.hibernate.Criteria API is deprecated; use the JPA javax.persistence.criteria.CriteriaQuery instead
&amp#27;[33m[WARN]&amp#27;[m 13121 [main] org.hibernate.orm.deprecation:1837 HHH90000022: Hibernate's legacy org.hibernate.Criteria API is deprecated; use the JPA javax.persistence.criteria.CriteriaQuery instead
&amp#27;[33m[WARN]&amp#27;[m 13124 [main] org.hibernate.orm.deprecation:1837 HHH90000022: Hibernate's legacy org.hibernate.Criteria API is deprecated; use the JPA javax.persistence.criteria.CriteriaQuery instead
&amp#27;[33m[WARN]&amp#27;[m 13126 [main] org.hibernate.orm.deprecation:1837 HHH90000022: Hibernate's legacy org.hibernate.Criteria API is deprecated; use the JPA javax.persistence.criteria.CriteriaQuery instead
&amp#27;[33m[WARN]&amp#27;[m 13129 [main] org.hibernate.orm.deprecation:1837 HHH90000022: Hibernate's legacy org.hibernate.Criteria API is deprecated; use the JPA javax.persistence.criteria.CriteriaQuery instead
&amp#27;[33m[WARN]&amp#27;[m 13131 [main] org.hibernate.orm.deprecation:1837 HHH90000022: Hibernate's legacy org.hibernate.Criteria API is deprecated; use the JPA javax.persistence.criteria.CriteriaQuery instead
&amp#27;[32m[INFO]&amp#27;[m 13134 [main] org.sakaiproject.config.impl.StoredConfigService:233 processed 155 config items, updated 0 created 155
&amp#27;[32m[INFO]&amp#27;[m 13245 [main] org.sakaiproject.memory.impl.SakaiCacheManagerFactoryBean:173 Initializing EhCache CacheManager
&amp#27;[33m[WARN]&amp#27;[m 13246 [main] org.hibernate.orm.deprecation:1837 HHH90000022: Hibernate's legacy org.hibernate.Criteria API is deprecated; use the JPA javax.persistence.criteria.CriteriaQuery instead
&amp#27;[32m[INFO]&amp#27;[m 13295 [main] org.sakaiproject.memory.impl.SakaiCacheManagerFactoryBean:222 Attempting to load default cluster caching.
&amp#27;[32m[INFO]&amp#27;[m 13328 [main] org.sakaiproject.memory.impl.BaseMemoryService:55 INIT
&amp#27;[33m[WARN]&amp#27;[m 13329 [main] org.hibernate.orm.deprecation:1837 HHH90000022: Hibernate's legacy org.hibernate.Criteria API is deprecated; use the JPA javax.persistence.criteria.CriteriaQuery instead
&amp#27;[32m[INFO]&amp#27;[m 13337 [main] org.sakaiproject.memory.impl.EhcacheMemoryService:82 INIT: STATUS_ALIVE, caches: []
&amp#27;[33m[WARN]&amp#27;[m 13338 [main] org.hibernate.orm.deprecation:1837 HHH90000022: Hibernate's legacy org.hibernate.Criteria API is deprecated; use the JPA javax.persistence.criteria.CriteriaQuery instead
&amp#27;[32m[INFO]&amp#27;[m 13341 [main] org.sakaiproject.memory.impl.EhCacheJmxRegistration:52 Registering Cache Provider with JMXBeanServer com.sun.jmx.mbeanserver.JmxMBeanServer@a37aefe
&amp#27;[32m[INFO]&amp#27;[m 13344 [main] org.sakaiproject.memory.impl.BaseMemoryService:73 INIT complete: new: EhcacheMemoryService
&amp#27;[32m[INFO]&amp#27;[m 13372 [main] org.sakaiproject.memory.impl.EhcacheMemoryService:354 Created ehcache (org.sakaiproject.user.api.UserDirectoryService) using defaults
&amp#27;[33m[WARN]&amp#27;[m 13373 [main] org.hibernate.orm.deprecation:1837 HHH90000022: Hibernate's legacy org.hibernate.Criteria API is deprecated; use the JPA javax.persistence.criteria.CriteriaQuery instead
&amp#27;[32m[INFO]&amp#27;[m 13377 [main] org.sakaiproject.memory.impl.EhcacheMemoryService:367 Configuring ehcache (org.sakaiproject.user.api.UserDirectoryService) from Sakai config: maxElementsInMemory=100000,timeToLiveSeconds=86400,timeToIdleSeconds=86400
&amp#27;[33m[WARN]&amp#27;[m 13381 [main] org.hibernate.orm.deprecation:1837 HHH90000022: Hibernate's legacy org.hibernate.Criteria API is deprecated; use the JPA javax.persistence.criteria.CriteriaQuery instead
&amp#27;[32m[INFO]&amp#27;[m 13387 [main] org.sakaiproject.memory.impl.EhcacheMemoryService:354 Created ehcache (org.sakaiproject.user.api.UserDirectoryService.callCache) using defaults
&amp#27;[33m[WARN]&amp#27;[m 13387 [main] org.hibernate.orm.deprecation:1837 HHH90000022: Hibernate's legacy org.hibernate.Criteria API is deprecated; use the JPA javax.persistence.criteria.CriteriaQuery instead
&amp#27;[33m[WARN]&amp#27;[m 13391 [main] org.hibernate.orm.deprecation:1837 HHH90000022: Hibernate's legacy org.hibernate.Criteria API is deprecated; use the JPA javax.persistence.criteria.CriteriaQuery instead
&amp#27;[32m[INFO]&amp#27;[m 13394 [main] org.sakaiproject.user.impl.BaseUserDirectoryService:617 Creating user callCache observer for event based cache expiration (for local caches)
&amp#27;[32m[INFO]&amp#27;[m 13411 [main] org.sakaiproject.event.impl.BaseEventTrackingService:160 org.sakaiproject.event.impl.ClusterEventTracking$$EnhancerBySpringCGLIB$$4f901963@51a7ee4e.init()
&amp#27;[33m[WARN]&amp#27;[m 13419 [main] org.hibernate.orm.deprecation:1837 HHH90000022: Hibernate's legacy org.hibernate.Criteria API is deprecated; use the JPA javax.persistence.criteria.CriteriaQuery instead
&amp#27;[32m[INFO]&amp#27;[m 13424 [main] org.sakaiproject.event.impl.ClusterEventTracking:255 period: 5, batch: true, checkDb: true
&amp#27;[33m[WARN]&amp#27;[m 13424 [main] org.hibernate.orm.deprecation:1837 HHH90000022: Hibernate's legacy org.hibernate.Criteria API is deprecated; use the JPA javax.persistence.criteria.CriteriaQuery instead
&amp#27;[33m[WARN]&amp#27;[m 13428 [main] org.hibernate.orm.deprecation:1837 HHH90000022: Hibernate's legacy org.hibernate.Criteria API is deprecated; use the JPA javax.persistence.criteria.CriteriaQuery instead
&amp#27;[32m[INFO]&amp#27;[m 13431 [main] org.sakaiproject.event.impl.ClusterEventTracking:258 Server Start: serverId=eim-alu-69095, serverInstance=1716395087353, serverIdInstance=eim-alu-69095-1716395087353, version=unknown/unknown
&amp#27;[32m[INFO]&amp#27;[m 13434 [main] org.sakaiproject.authz.impl.FunctionManagerComponent:61 init()
&amp#27;[33m[WARN]&amp#27;[m 13435 [main] org.hibernate.orm.deprecation:1837 HHH90000022: Hibernate's legacy org.hibernate.Criteria API is deprecated; use the JPA javax.persistence.criteria.CriteriaQuery instead
&amp#27;[33m[WARN]&amp#27;[m 13443 [main] org.hibernate.orm.deprecation:1837 HHH90000022: Hibernate's legacy org.hibernate.Criteria API is deprecated; use the JPA javax.persistence.criteria.CriteriaQuery instead
&amp#27;[33m[WARN]&amp#27;[m 13446 [main] org.hibernate.orm.deprecation:1837 HHH90000022: Hibernate's legacy org.hibernate.Criteria API is deprecated; use the JPA javax.persistence.criteria.CriteriaQuery instead
&amp#27;[33m[WARN]&amp#27;[m 13449 [main] org.hibernate.orm.deprecation:1837 HHH90000022: Hibernate's legacy org.hibernate.Criteria API is deprecated; use the JPA javax.persistence.criteria.CriteriaQuery instead
&amp#27;[33m[WARN]&amp#27;[m 13451 [main] org.hibernate.orm.deprecation:1837 HHH90000022: Hibernate's legacy org.hibernate.Criteria API is deprecated; use the JPA javax.persistence.criteria.CriteriaQuery instead
&amp#27;[32m[INFO]&amp#27;[m 13459 [main] org.sakaiproject.user.impl.PasswordPolicyProviderDefaultImpl:137 PasswordPolicyProviderDefaultImpl.init(): minEntropy=16, mediumEntropy=32, highEntropy=48, maxSequenceLength=3
&amp#27;[33m[WARN]&amp#27;[m 13460 [main] org.hibernate.orm.deprecation:1837 HHH90000022: Hibernate's legacy org.hibernate.Criteria API is deprecated; use the JPA javax.persistence.criteria.CriteriaQuery instead
&amp#27;[32m[INFO]&amp#27;[m 13463 [main] org.sakaiproject.user.impl.BaseUserDirectoryService:664 init(): PasswordPolicyProvider (org.sakaiproject.user.api.PasswordPolicyProvider): none
&amp#27;[32m[INFO]&amp#27;[m 13465 [main] org.sakaiproject.user.impl.BaseUserDirectoryService:666 init(): provider: none separateIdEid: true
&amp#27;[32m[INFO]&amp#27;[m 13465 [main] org.sakaiproject.user.impl.DbUserService:163 init(): table: SAKAI_USER external locks: true
&amp#27;[32m[INFO]&amp#27;[m 13466 [main] org.sakaiproject.user.impl.DbUserService:165 User ID/EID mapping Cache [org.sakaiproject.user.api.UserDirectoryService]
&amp#27;[33m[WARN]&amp#27;[m 13466 [main] org.hibernate.orm.deprecation:1837 HHH90000022: Hibernate's legacy org.hibernate.Criteria API is deprecated; use the JPA javax.persistence.criteria.CriteriaQuery instead
&amp#27;[33m[WARN]&amp#27;[m 13469 [main] org.hibernate.orm.deprecation:1837 HHH90000022: Hibernate's legacy org.hibernate.Criteria API is deprecated; use the JPA javax.persistence.criteria.CriteriaQuery instead
&amp#27;[33m[WARN]&amp#27;[m 13472 [main] org.hibernate.orm.deprecation:1837 HHH90000022: Hibernate's legacy org.hibernate.Criteria API is deprecated; use the JPA javax.persistence.criteria.CriteriaQuery instead
&amp#27;[33m[WARN]&amp#27;[m 13481 [main] org.hibernate.orm.deprecation:1837 HHH90000022: Hibernate's legacy org.hibernate.Criteria API is deprecated; use the JPA javax.persistence.criteria.CriteriaQuery instead
&amp#27;[33m[WARN]&amp#27;[m 13485 [main] org.hibernate.orm.deprecation:1837 HHH90000022: Hibernate's legacy org.hibernate.Criteria API is deprecated; use the JPA javax.persistence.criteria.CriteriaQuery instead
&amp#27;[33m[WARN]&amp#27;[m 13491 [main] org.hibernate.orm.deprecation:1837 HHH90000022: Hibernate's legacy org.hibernate.Criteria API is deprecated; use the JPA javax.persistence.criteria.CriteriaQuery instead
&amp#27;[33m[WARN]&amp#27;[m 13494 [main] org.hibernate.orm.deprecation:1837 HHH90000022: Hibernate's legacy org.hibernate.Criteria API is deprecated; use the JPA javax.persistence.criteria.CriteriaQuery instead
&amp#27;[33m[WARN]&amp#27;[m 13497 [main] org.hibernate.orm.deprecation:1837 HHH90000022: Hibernate's legacy org.hibernate.Criteria API is deprecated; use the JPA javax.persistence.criteria.CriteriaQuery instead
&amp#27;[32m[INFO]&amp#27;[m 13500 [main] org.sakaiproject.user.impl.PrecachingDbUserService:121 User precache not scheduled for startup run
&amp#27;[32m[INFO]&amp#27;[m 13500 [main] org.sakaiproject.user.impl.PrecachingDbUserService:149 User precache not scheduled for daily run
&amp#27;[33m[WARN]&amp#27;[m 13508 [main] org.hibernate.orm.deprecation:1837 HHH90000022: Hibernate's legacy org.hibernate.Criteria API is deprecated; use the JPA javax.persistence.criteria.CriteriaQuery instead
&amp#27;[32m[INFO]&amp#27;[m 13513 [main] org.sakaiproject.alias.impl.DbAliasService:158 init(): table: SAKAI_ALIAS external locks: true checkOld: false
&amp#27;[32m[INFO]&amp#27;[m 13517 [main] org.sakaiproject.hikaricp.jdbc.pool.SakaiBasicDataSource:149 init()
&amp#27;[32m[INFO]&amp#27;[m 13675 [main] org.sakaiproject.memory.impl.EhcacheMemoryService:354 Created ehcache (org.sakaiproject.site.impl.SiteCacheImpl.cache) using defaults
&amp#27;[33m[WARN]&amp#27;[m 13676 [main] org.hibernate.orm.deprecation:1837 HHH90000022: Hibernate's legacy org.hibernate.Criteria API is deprecated; use the JPA javax.persistence.criteria.CriteriaQuery instead
&amp#27;[33m[WARN]&amp#27;[m 13679 [main] org.hibernate.orm.deprecation:1837 HHH90000022: Hibernate's legacy org.hibernate.Criteria API is deprecated; use the JPA javax.persistence.criteria.CriteriaQuery instead
&amp#27;[32m[INFO]&amp#27;[m 13682 [main] org.sakaiproject.site.impl.SiteCacheSafe:85 Creating SiteCacheImpl.cache observer for event based cache expiration (for local caches)
&amp#27;[32m[INFO]&amp#27;[m 13683 [main] org.sakaiproject.memory.impl.EhcacheMemoryService:354 Created ehcache (org.sakaiproject.site.impl.SiteCacheImpl.cacheTools) using defaults
&amp#27;[33m[WARN]&amp#27;[m 13684 [main] org.hibernate.orm.deprecation:1837 HHH90000022: Hibernate's legacy org.hibernate.Criteria API is deprecated; use the JPA javax.persistence.criteria.CriteriaQuery instead
&amp#27;[33m[WARN]&amp#27;[m 13687 [main] org.hibernate.orm.deprecation:1837 HHH90000022: Hibernate's legacy org.hibernate.Criteria API is deprecated; use the JPA javax.persistence.criteria.CriteriaQuery instead
&amp#27;[32m[INFO]&amp#27;[m 13690 [main] org.sakaiproject.memory.impl.EhcacheMemoryService:410 Configured ehcache (org.sakaiproject.site.impl.SiteCacheImpl.cacheTools) from inputs: org.sakaiproject.memory.impl.EhcacheCache$1@ad7cc49
&amp#27;[32m[INFO]&amp#27;[m 13690 [main] org.sakaiproject.memory.impl.EhcacheMemoryService:354 Created ehcache (org.sakaiproject.site.impl.SiteCacheImpl.cachePages) using defaults
&amp#27;[33m[WARN]&amp#27;[m 13690 [main] org.hibernate.orm.deprecation:1837 HHH90000022: Hibernate's legacy org.hibernate.Criteria API is deprecated; use the JPA javax.persistence.criteria.CriteriaQuery instead
&amp#27;[33m[WARN]&amp#27;[m 13693 [main] org.hibernate.orm.deprecation:1837 HHH90000022: Hibernate's legacy org.hibernate.Criteria API is deprecated; use the JPA javax.persistence.criteria.CriteriaQuery instead
&amp#27;[32m[INFO]&amp#27;[m 13696 [main] org.sakaiproject.memory.impl.EhcacheMemoryService:410 Configured ehcache (org.sakaiproject.site.impl.SiteCacheImpl.cachePages) from inputs: org.sakaiproject.memory.impl.EhcacheCache$1@ad7cc49
&amp#27;[32m[INFO]&amp#27;[m 13696 [main] org.sakaiproject.memory.impl.EhcacheMemoryService:354 Created ehcache (org.sakaiproject.site.impl.SiteCacheImpl.cacheGroups) using defaults
&amp#27;[33m[WARN]&amp#27;[m 13696 [main] org.hibernate.orm.deprecation:1837 HHH90000022: Hibernate's legacy org.hibernate.Criteria API is deprecated; use the JPA javax.persistence.criteria.CriteriaQuery instead
&amp#27;[33m[WARN]&amp#27;[m 13699 [main] org.hibernate.orm.deprecation:1837 HHH90000022: Hibernate's legacy org.hibernate.Criteria API is deprecated; use the JPA javax.persistence.criteria.CriteriaQuery instead
&amp#27;[32m[INFO]&amp#27;[m 13701 [main] org.sakaiproject.memory.impl.EhcacheMemoryService:410 Configured ehcache (org.sakaiproject.site.impl.SiteCacheImpl.cacheGroups) from inputs: org.sakaiproject.memory.impl.EhcacheCache$1@ad7cc49
&amp#27;[33m[WARN]&amp#27;[m 13701 [main] org.hibernate.orm.deprecation:1837 HHH90000022: Hibernate's legacy org.hibernate.Criteria API is deprecated; use the JPA javax.persistence.criteria.CriteriaQuery instead
&amp#27;[32m[INFO]&amp#27;[m 13705 [main] org.sakaiproject.memory.impl.EhcacheMemoryService:354 Created ehcache (org.sakaiproject.site.api.SiteService.userSiteCache) using defaults
&amp#27;[33m[WARN]&amp#27;[m 13705 [main] org.hibernate.orm.deprecation:1837 HHH90000022: Hibernate's legacy org.hibernate.Criteria API is deprecated; use the JPA javax.persistence.criteria.CriteriaQuery instead
&amp#27;[33m[WARN]&amp#27;[m 13707 [main] org.hibernate.orm.deprecation:1837 HHH90000022: Hibernate's legacy org.hibernate.Criteria API is deprecated; use the JPA javax.persistence.criteria.CriteriaQuery instead
&amp#27;[33m[WARN]&amp#27;[m 13711 [main] org.hibernate.orm.deprecation:1837 HHH90000022: Hibernate's legacy org.hibernate.Criteria API is deprecated; use the JPA javax.persistence.criteria.CriteriaQuery instead
&amp#27;[33m[WARN]&amp#27;[m 13714 [main] org.hibernate.orm.deprecation:1837 HHH90000022: Hibernate's legacy org.hibernate.Criteria API is deprecated; use the JPA javax.persistence.criteria.CriteriaQuery instead
&amp#27;[33m[WARN]&amp#27;[m 13716 [main] org.hibernate.orm.deprecation:1837 HHH90000022: Hibernate's legacy org.hibernate.Criteria API is deprecated; use the JPA javax.persistence.criteria.CriteriaQuery instead
&amp#27;[33m[WARN]&amp#27;[m 13718 [main] org.hibernate.orm.deprecation:1837 HHH90000022: Hibernate's legacy org.hibernate.Criteria API is deprecated; use the JPA javax.persistence.criteria.CriteriaQuery instead
&amp#27;[33m[WARN]&amp#27;[m 13720 [main] org.hibernate.orm.deprecation:1837 HHH90000022: Hibernate's legacy org.hibernate.Criteria API is deprecated; use the JPA javax.persistence.criteria.CriteriaQuery instead
&amp#27;[33m[WARN]&amp#27;[m 13722 [main] org.hibernate.orm.deprecation:1837 HHH90000022: Hibernate's legacy org.hibernate.Criteria API is deprecated; use the JPA javax.persistence.criteria.CriteriaQuery instead
&amp#27;[33m[WARN]&amp#27;[m 13725 [main] org.hibernate.orm.deprecation:1837 HHH90000022: Hibernate's legacy org.hibernate.Criteria API is deprecated; use the JPA javax.persistence.criteria.CriteriaQuery instead
&amp#27;[33m[WARN]&amp#27;[m 13727 [main] org.hibernate.orm.deprecation:1837 HHH90000022: Hibernate's legacy org.hibernate.Criteria API is deprecated; use the JPA javax.persistence.criteria.CriteriaQuery instead
&amp#27;[33m[WARN]&amp#27;[m 13730 [main] org.hibernate.orm.deprecation:1837 HHH90000022: Hibernate's legacy org.hibernate.Criteria API is deprecated; use the JPA javax.persistence.criteria.CriteriaQuery instead
&amp#27;[33m[WARN]&amp#27;[m 13732 [main] org.hibernate.orm.deprecation:1837 HHH90000022: Hibernate's legacy org.hibernate.Criteria API is deprecated; use the JPA javax.persistence.criteria.CriteriaQuery instead
&amp#27;[33m[WARN]&amp#27;[m 13744 [main] org.hibernate.orm.deprecation:1837 HHH90000022: Hibernate's legacy org.hibernate.Criteria API is deprecated; use the JPA javax.persistence.criteria.CriteriaQuery instead
&amp#27;[32m[INFO]&amp#27;[m 13748 [main] org.sakaiproject.memory.impl.EhcacheMemoryService:354 Created ehcache (org.sakaiproject.authz.api.SecurityService.cache) using defaults
&amp#27;[33m[WARN]&amp#27;[m 13748 [main] org.hibernate.orm.deprecation:1837 HHH90000022: Hibernate's legacy org.hibernate.Criteria API is deprecated; use the JPA javax.persistence.criteria.CriteriaQuery instead
&amp#27;[33m[WARN]&amp#27;[m 13751 [main] org.hibernate.orm.deprecation:1837 HHH90000022: Hibernate's legacy org.hibernate.Criteria API is deprecated; use the JPA javax.persistence.criteria.CriteriaQuery instead
&amp#27;[32m[INFO]&amp#27;[m 13754 [main] org.sakaiproject.memory.impl.EhcacheMemoryService:354 Created ehcache (org.sakaiproject.authz.api.SecurityService.superCache) using defaults
&amp#27;[33m[WARN]&amp#27;[m 13754 [main] org.hibernate.orm.deprecation:1837 HHH90000022: Hibernate's legacy org.hibernate.Criteria API is deprecated; use the JPA javax.persistence.criteria.CriteriaQuery instead
&amp#27;[33m[WARN]&amp#27;[m 13756 [main] org.hibernate.orm.deprecation:1837 HHH90000022: Hibernate's legacy org.hibernate.Criteria API is deprecated; use the JPA javax.persistence.criteria.CriteriaQuery instead
&amp#27;[32m[INFO]&amp#27;[m 13765 [main] org.sakaiproject.memory.impl.EhcacheMemoryService:354 Created ehcache (org.sakaiproject.authz.api.SecurityService.contentCache) using defaults
&amp#27;[33m[WARN]&amp#27;[m 13765 [main] org.hibernate.orm.deprecation:1837 HHH90000022: Hibernate's legacy org.hibernate.Criteria API is deprecated; use the JPA javax.persistence.criteria.CriteriaQuery instead
&amp#27;[33m[WARN]&amp#27;[m 13769 [main] org.hibernate.orm.deprecation:1837 HHH90000022: Hibernate's legacy org.hibernate.Criteria API is deprecated; use the JPA javax.persistence.criteria.CriteriaQuery instead
&amp#27;[32m[INFO]&amp#27;[m 13781 [main] org.sakaiproject.site.impl.DbSiteService:173 init(): site table: SAKAI_SITE external locks: true
&amp#27;[32m[INFO]&amp#27;[m 13805 [main] org.sakaiproject.event.impl.BaseNotificationService:216 org.sakaiproject.event.impl.DbNotificationService$$EnhancerBySpringCGLIB$$8a0f2f50@2bcf856f.init() started
&amp#27;[33m[WARN]&amp#27;[m 13809 [main] org.hibernate.orm.deprecation:1837 HHH90000022: Hibernate's legacy org.hibernate.Criteria API is deprecated; use the JPA javax.persistence.criteria.CriteriaQuery instead
&amp#27;[33m[WARN]&amp#27;[m 13812 [main] org.hibernate.orm.deprecation:1837 HHH90000022: Hibernate's legacy org.hibernate.Criteria API is deprecated; use the JPA javax.persistence.criteria.CriteriaQuery instead
&amp#27;[32m[INFO]&amp#27;[m 13816 [main] org.sakaiproject.event.impl.BaseNotificationService:229 org.sakaiproject.event.impl.DbNotificationService$$EnhancerBySpringCGLIB$$8a0f2f50@2bcf856f.init() complete
&amp#27;[32m[INFO]&amp#27;[m 13817 [main] org.sakaiproject.event.impl.DbNotificationService:118 .init(): table: SAKAI_NOTIFICATION locks-in-db: false
&amp#27;[32m[INFO]&amp#27;[m 13847 [main] org.sakaiproject.authz.impl.DbAuthzGroupService:259 table: SAKAI_REALM external locks: true
&amp#27;[33m[WARN]&amp#27;[m 14131 [main] org.hibernate.orm.deprecation:1837 HHH90000022: Hibernate's legacy org.hibernate.Criteria API is deprecated; use the JPA javax.persistence.criteria.CriteriaQuery instead
&amp#27;[33m[WARN]&amp#27;[m 14135 [main] org.hibernate.orm.deprecation:1837 HHH90000022: Hibernate's legacy org.hibernate.Criteria API is deprecated; use the JPA javax.persistence.criteria.CriteriaQuery instead
&amp#27;[32m[INFO]&amp#27;[m 14141 [main] org.sakaiproject.authz.impl.BaseAuthzGroupService:338 init(): provider: none
&amp#27;[32m[INFO]&amp#27;[m 14144 [main] org.sakaiproject.memory.impl.EhcacheMemoryService:354 Created ehcache (org.sakaiproject.authz.impl.DbAuthzGroupService.realmRoleGroupCache) using defaults
&amp#27;[33m[WARN]&amp#27;[m 14144 [main] org.hibernate.orm.deprecation:1837 HHH90000022: Hibernate's legacy org.hibernate.Criteria API is deprecated; use the JPA javax.persistence.criteria.CriteriaQuery instead
&amp#27;[33m[WARN]&amp#27;[m 14147 [main] org.hibernate.orm.deprecation:1837 HHH90000022: Hibernate's legacy org.hibernate.Criteria API is deprecated; use the JPA javax.persistence.criteria.CriteriaQuery instead
&amp#27;[32m[INFO]&amp#27;[m 14150 [main] org.sakaiproject.memory.impl.EhcacheMemoryService:354 Created ehcache (org.sakaiproject.authz.impl.DbAuthzGroupService.authzUserGroupIdsCache) using defaults
&amp#27;[33m[WARN]&amp#27;[m 14150 [main] org.hibernate.orm.deprecation:1837 HHH90000022: Hibernate's legacy org.hibernate.Criteria API is deprecated; use the JPA javax.persistence.criteria.CriteriaQuery instead
&amp#27;[32m[INFO]&amp#27;[m 14153 [main] org.sakaiproject.memory.impl.EhcacheMemoryService:367 Configuring ehcache (org.sakaiproject.authz.impl.DbAuthzGroupService.authzUserGroupIdsCache) from Sakai config: maxElementsInMemory=2000,timeToLiveSeconds=21600,timeToIdleSeconds=21600
&amp#27;[32m[INFO]&amp#27;[m 14154 [main] org.sakaiproject.memory.impl.EhcacheMemoryService:354 Created ehcache (org.sakaiproject.authz.impl.DbAuthzGroupService.maintainRolesCache) using defaults
&amp#27;[33m[WARN]&amp#27;[m 14154 [main] org.hibernate.orm.deprecation:1837 HHH90000022: Hibernate's legacy org.hibernate.Criteria API is deprecated; use the JPA javax.persistence.criteria.CriteriaQuery instead
&amp#27;[33m[WARN]&amp#27;[m 14156 [main] org.hibernate.orm.deprecation:1837 HHH90000022: Hibernate's legacy org.hibernate.Criteria API is deprecated; use the JPA javax.persistence.criteria.CriteriaQuery instead
&amp#27;[32m[INFO]&amp#27;[m 14164 [main] org.sakaiproject.memory.impl.EhcacheMemoryService:354 Created ehcache (org.sakaiproject.authz.impl.DbAuthzGroupService.realmLocksCache) using defaults
&amp#27;[33m[WARN]&amp#27;[m 14165 [main] org.hibernate.orm.deprecation:1837 HHH90000022: Hibernate's legacy org.hibernate.Criteria API is deprecated; use the JPA javax.persistence.criteria.CriteriaQuery instead
&amp#27;[33m[WARN]&amp#27;[m 14169 [main] org.hibernate.orm.deprecation:1837 HHH90000022: Hibernate's legacy org.hibernate.Criteria API is deprecated; use the JPA javax.persistence.criteria.CriteriaQuery instead
&amp#27;[33m[WARN]&amp#27;[m 14174 [main] org.hibernate.orm.deprecation:1837 HHH90000022: Hibernate's legacy org.hibernate.Criteria API is deprecated; use the JPA javax.persistence.criteria.CriteriaQuery instead
&amp#27;[33m[WARN]&amp#27;[m 14176 [main] org.hibernate.orm.deprecation:1837 HHH90000022: Hibernate's legacy org.hibernate.Criteria API is deprecated; use the JPA javax.persistence.criteria.CriteriaQuery instead
&amp#27;[32m[INFO]&amp#27;[m 14193 [main] org.sakaiproject.memory.impl.EhcacheMemoryService:354 Created ehcache (org.sakaiproject.time.impl.BasicTimeService.userLocaleCache) using defaults
&amp#27;[33m[WARN]&amp#27;[m 14193 [main] org.hibernate.orm.deprecation:1837 HHH90000022: Hibernate's legacy org.hibernate.Criteria API is deprecated; use the JPA javax.persistence.criteria.CriteriaQuery instead
&amp#27;[33m[WARN]&amp#27;[m 14197 [main] org.hibernate.orm.deprecation:1837 HHH90000022: Hibernate's legacy org.hibernate.Criteria API is deprecated; use the JPA javax.persistence.criteria.CriteriaQuery instead
&amp#27;[32m[INFO]&amp#27;[m 14222 [main] org.sakaiproject.memory.impl.EhcacheMemoryService:354 Created ehcache (org.sakaiproject.user.impl.BasePreferencesService.preferences) using defaults
&amp#27;[33m[WARN]&amp#27;[m 14222 [main] org.hibernate.orm.deprecation:1837 HHH90000022: Hibernate's legacy org.hibernate.Criteria API is deprecated; use the JPA javax.persistence.criteria.CriteriaQuery instead
&amp#27;[33m[WARN]&amp#27;[m 14225 [main] org.hibernate.orm.deprecation:1837 HHH90000022: Hibernate's legacy org.hibernate.Criteria API is deprecated; use the JPA javax.persistence.criteria.CriteriaQuery instead
&amp#27;[32m[INFO]&amp#27;[m 14228 [main] org.sakaiproject.user.impl.BasePreferencesService:232 init()
&amp#27;[32m[INFO]&amp#27;[m 14228 [main] org.sakaiproject.user.impl.DbPreferencesService:114 init(): table: SAKAI_PREFERENCES locks-in-db: false
&amp#27;[32m[INFO]&amp#27;[m 14232 [main] org.sakaiproject.memory.impl.EhcacheMemoryService:354 Created ehcache (org.sakaiproject.time.impl.BasicTimeService.userTimezoneCache) using defaults
&amp#27;[33m[WARN]&amp#27;[m 14233 [main] org.hibernate.orm.deprecation:1837 HHH90000022: Hibernate's legacy org.hibernate.Criteria API is deprecated; use the JPA javax.persistence.criteria.CriteriaQuery instead
&amp#27;[33m[WARN]&amp#27;[m 14235 [main] org.hibernate.orm.deprecation:1837 HHH90000022: Hibernate's legacy org.hibernate.Criteria API is deprecated; use the JPA javax.persistence.criteria.CriteriaQuery instead
&amp#27;[32m[INFO]&amp#27;[m 14239 [main] org.sakaiproject.time.impl.BasicTimeService:118 init()
&amp#27;[33m[WARN]&amp#27;[m 14250 [main] org.hibernate.orm.deprecation:1837 HHH90000022: Hibernate's legacy org.hibernate.Criteria API is deprecated; use the JPA javax.persistence.criteria.CriteriaQuery instead
&amp#27;[33m[WARN]&amp#27;[m 14254 [main] org.hibernate.orm.deprecation:1837 HHH90000022: Hibernate's legacy org.hibernate.Criteria API is deprecated; use the JPA javax.persistence.criteria.CriteriaQuery instead
&amp#27;[33m[WARN]&amp#27;[m 14256 [main] org.hibernate.orm.deprecation:1837 HHH90000022: Hibernate's legacy org.hibernate.Criteria API is deprecated; use the JPA javax.persistence.criteria.CriteriaQuery instead
&amp#27;[33m[WARN]&amp#27;[m 14258 [main] org.hibernate.orm.deprecation:1837 HHH90000022: Hibernate's legacy org.hibernate.Criteria API is deprecated; use the JPA javax.persistence.criteria.CriteriaQuery instead
&amp#27;[32m[INFO]&amp#27;[m 14260 [main] org.sakaiproject.email.impl.BasicEmailService:259 init(): smtp: null bounces to: no-reply@localhost maxRecipients: 100 testMode: false  
&amp#27;[33m[WARN]&amp#27;[m 14263 [main] org.hibernate.orm.deprecation:1837 HHH90000022: Hibernate's legacy org.hibernate.Criteria API is deprecated; use the JPA javax.persistence.criteria.CriteriaQuery instead
&amp#27;[33m[WARN]&amp#27;[m 14265 [main] org.hibernate.orm.deprecation:1837 HHH90000022: Hibernate's legacy org.hibernate.Criteria API is deprecated; use the JPA javax.persistence.criteria.CriteriaQuery instead
&amp#27;[33m[WARN]&amp#27;[m 14267 [main] org.hibernate.orm.deprecation:1837 HHH90000022: Hibernate's legacy org.hibernate.Criteria API is deprecated; use the JPA javax.persistence.criteria.CriteriaQuery instead
&amp#27;[32m[INFO]&amp#27;[m 14270 [main] org.sakaiproject.email.impl.BaseDigestService:654 init(): email digests will be checked in 335 seconds and then every 3600 seconds while the server is running
&amp#27;[32m[INFO]&amp#27;[m 14270 [main] org.sakaiproject.email.impl.DbDigestService:121 init(): table: SAKAI_DIGEST locks-in-db: false
&amp#27;[32m[INFO]&amp#27;[m 14313 [main] org.sakaiproject.memory.impl.EhcacheMemoryService:354 Created ehcache (org.sakaiproject.event.api.UsageSessionService.recentUserRefresh) using defaults
&amp#27;[33m[WARN]&amp#27;[m 14313 [main] org.hibernate.orm.deprecation:1837 HHH90000022: Hibernate's legacy org.hibernate.Criteria API is deprecated; use the JPA javax.persistence.criteria.CriteriaQuery instead
&amp#27;[33m[WARN]&amp#27;[m 14316 [main] org.hibernate.orm.deprecation:1837 HHH90000022: Hibernate's legacy org.hibernate.Criteria API is deprecated; use the JPA javax.persistence.criteria.CriteriaQuery instead
&amp#27;[32m[INFO]&amp#27;[m 14319 [main] org.sakaiproject.event.impl.UsageSessionServiceAdaptor:222 init()
&amp#27;[33m[WARN]&amp#27;[m 14319 [main] org.hibernate.orm.deprecation:1837 HHH90000022: Hibernate's legacy org.hibernate.Criteria API is deprecated; use the JPA javax.persistence.criteria.CriteriaQuery instead
&amp#27;[33m[WARN]&amp#27;[m 14324 [main] org.hibernate.orm.deprecation:1837 HHH90000022: Hibernate's legacy org.hibernate.Criteria API is deprecated; use the JPA javax.persistence.criteria.CriteriaQuery instead
&amp#27;[32m[INFO]&amp#27;[m 14326 [main] org.sakaiproject.tool.impl.RebuildBreakdownServiceImpl:100 INIT: session clustering=false
&amp#27;[32m[INFO]&amp#27;[m 14354 [main] org.sakaiproject.tool.impl.ToolComponent:255 init(): hidden tools: microsoft.mediagallery sakai.meetings microsoft.collaborativedocuments 
&amp#27;[32m[INFO]&amp#27;[m 14382 [main] org.sakaiproject.cluster.impl.SakaiClusterService:353 Switching status from UNKNOWN to STARTING
&amp#27;[32m[INFO]&amp#27;[m 14394 [main] org.sakaiproject.cluster.impl.SakaiClusterService:253 init: refresh: 60 expired: 600 ghostingPercent: 100
&amp#27;[32m[INFO]&amp#27;[m 14436 [main] org.sakaiproject.id.impl.UuidV4IdComponent:51 init()
&amp#27;[33m[WARN]&amp#27;[m 14441 [main] org.sakaiproject.content.impl.BasicContentTypeImageService:232 init(): Resource loader failed to load content type extensions bundle
&amp#27;[33m[WARN]&amp#27;[m 14449 [main] org.hibernate.orm.deprecation:1837 HHH90000022: Hibernate's legacy org.hibernate.Criteria API is deprecated; use the JPA javax.persistence.criteria.CriteriaQuery instead
&amp#27;[33m[WARN]&amp#27;[m 14452 [main] org.hibernate.orm.deprecation:1837 HHH90000022: Hibernate's legacy org.hibernate.Criteria API is deprecated; use the JPA javax.persistence.criteria.CriteriaQuery instead
&amp#27;[33m[WARN]&amp#27;[m 14455 [main] org.hibernate.orm.deprecation:1837 HHH90000022: Hibernate's legacy org.hibernate.Criteria API is deprecated; use the JPA javax.persistence.criteria.CriteriaQuery instead
&amp#27;[32m[INFO]&amp#27;[m 14465 [main] org.sakaiproject.util.impl.FormattedTextImpl:157 FormattedText error handling: notify; log errors=false; return to tool=false; notify user=true; details to user=false
&amp#27;[33m[WARN]&amp#27;[m 14466 [main] org.hibernate.orm.deprecation:1837 HHH90000022: Hibernate's legacy org.hibernate.Criteria API is deprecated; use the JPA javax.persistence.criteria.CriteriaQuery instead
&amp#27;[32m[INFO]&amp#27;[m 14622 [main] org.owasp.validator.html.Policy:294 Attempting to load AntiSamy policy from an input stream.
&amp#27;[33m[WARN]&amp#27;[m 14694 [main] org.owasp.validator.html.Policy:56 The directive "noopenerAndNoreferrerAnchors" is not enabled by default. It is recommended to enable it to prevent reverse tabnabbing attacks.
&amp#27;[32m[INFO]&amp#27;[m 14716 [main] org.owasp.validator.html.Policy:294 Attempting to load AntiSamy policy from an input stream.
&amp#27;[33m[WARN]&amp#27;[m 14754 [main] org.owasp.validator.html.Policy:56 The directive "noopenerAndNoreferrerAnchors" is not enabled by default. It is recommended to enable it to prevent reverse tabnabbing attacks.
&amp#27;[33m[WARN]&amp#27;[m 14755 [main] org.hibernate.orm.deprecation:1837 HHH90000022: Hibernate's legacy org.hibernate.Criteria API is deprecated; use the JPA javax.persistence.criteria.CriteriaQuery instead
&amp#27;[32m[INFO]&amp#27;[m 14759 [main] org.sakaiproject.util.impl.FormattedTextImpl:198 AntiSamy INIT default security level (HIGH), policy files read: high=/home/alumno/Escritorio/kernel/kernel-impl/src/test/resources/storedconfigservice/antisamy/high-security-policy.xml, low=/home/alumno/Escritorio/kernel/kernel-impl/src/test/resources/storedconfigservice/antisamy/low-security-policy.xml
&amp#27;[32m[INFO]&amp#27;[m 14782 [main] org.sakaiproject.content.impl.DbResourceTypeRegistry:232 init()
&amp#27;[32m[INFO]&amp#27;[m 14783 [main] org.sakaiproject.content.impl.ResourceTypeRegistryImpl:80 init()
&amp#27;[32m[INFO]&amp#27;[m 14825 [main] org.sakaiproject.content.impl.DbContentService:289 Migration of data to the Binary format will be performed by this node 
&amp#27;[33m[WARN]&amp#27;[m 14825 [main] org.hibernate.orm.deprecation:1837 HHH90000022: Hibernate's legacy org.hibernate.Criteria API is deprecated; use the JPA javax.persistence.criteria.CriteriaQuery instead
&amp#27;[33m[WARN]&amp#27;[m 14829 [main] org.hibernate.orm.deprecation:1837 HHH90000022: Hibernate's legacy org.hibernate.Criteria API is deprecated; use the JPA javax.persistence.criteria.CriteriaQuery instead
&amp#27;[33m[WARN]&amp#27;[m 14832 [main] org.hibernate.orm.deprecation:1837 HHH90000022: Hibernate's legacy org.hibernate.Criteria API is deprecated; use the JPA javax.persistence.criteria.CriteriaQuery instead
&amp#27;[33m[WARN]&amp#27;[m 14840 [main] org.hibernate.orm.deprecation:1837 HHH90000022: Hibernate's legacy org.hibernate.Criteria API is deprecated; use the JPA javax.persistence.criteria.CriteriaQuery instead
&amp#27;[33m[WARN]&amp#27;[m 14843 [main] org.hibernate.orm.deprecation:1837 HHH90000022: Hibernate's legacy org.hibernate.Criteria API is deprecated; use the JPA javax.persistence.criteria.CriteriaQuery instead
&amp#27;[32m[INFO]&amp#27;[m 15099 [main] org.sakaiproject.content.impl.BaseContentService:586 Loaded Storage as org.sakaiproject.content.impl.DbContentService$DbStorage@9a168bc for org.sakaiproject.content.impl.DbContentService@69628b3f
&amp#27;[33m[WARN]&amp#27;[m 15104 [main] org.hibernate.orm.deprecation:1837 HHH90000022: Hibernate's legacy org.hibernate.Criteria API is deprecated; use the JPA javax.persistence.criteria.CriteriaQuery instead
&amp#27;[33m[WARN]&amp#27;[m 15110 [main] org.hibernate.orm.deprecation:1837 HHH90000022: Hibernate's legacy org.hibernate.Criteria API is deprecated; use the JPA javax.persistence.criteria.CriteriaQuery instead
&amp#27;[32m[INFO]&amp#27;[m 15112 [main] org.sakaiproject.content.impl.BaseContentService:646 site quota: 1048576, dropbox quota: 1048576, body path: null volumes: 
&amp#27;[33m[WARN]&amp#27;[m 15113 [main] org.hibernate.orm.deprecation:1837 HHH90000022: Hibernate's legacy org.hibernate.Criteria API is deprecated; use the JPA javax.persistence.criteria.CriteriaQuery instead
&amp#27;[33m[WARN]&amp#27;[m 15115 [main] org.hibernate.orm.deprecation:1837 HHH90000022: Hibernate's legacy org.hibernate.Criteria API is deprecated; use the JPA javax.persistence.criteria.CriteriaQuery instead
&amp#27;[33m[WARN]&amp#27;[m 15117 [main] org.hibernate.orm.deprecation:1837 HHH90000022: Hibernate's legacy org.hibernate.Criteria API is deprecated; use the JPA javax.persistence.criteria.CriteriaQuery instead
&amp#27;[32m[INFO]&amp#27;[m 15132 [main] org.sakaiproject.content.impl.DbContentService:316 init(): tables: CONTENT_COLLECTION CONTENT_RESOURCE CONTENT_RESOURCE_BODY_BINARY CONTENT_ENTITY_GROUPS locks-in-db: false bodyPath: null storage: org.sakaiproject.content.impl.DbContentService$DbStorage@9a168bc
&amp#27;[32m[INFO]&amp#27;[m 15146 [main] org.sakaiproject.antivirus.impl.ClamAVScanner:91 init()
&amp#27;[33m[WARN]&amp#27;[m 15147 [main] org.hibernate.orm.deprecation:1837 HHH90000022: Hibernate's legacy org.hibernate.Criteria API is deprecated; use the JPA javax.persistence.criteria.CriteriaQuery instead
&amp#27;[33m[WARN]&amp#27;[m 15150 [main] org.hibernate.orm.deprecation:1837 HHH90000022: Hibernate's legacy org.hibernate.Criteria API is deprecated; use the JPA javax.persistence.criteria.CriteriaQuery instead
&amp#27;[33m[WARN]&amp#27;[m 15152 [main] org.hibernate.orm.deprecation:1837 HHH90000022: Hibernate's legacy org.hibernate.Criteria API is deprecated; use the JPA javax.persistence.criteria.CriteriaQuery instead
&amp#27;[33m[WARN]&amp#27;[m 15184 [main] org.hibernate.orm.deprecation:1837 HHH90000022: Hibernate's legacy org.hibernate.Criteria API is deprecated; use the JPA javax.persistence.criteria.CriteriaQuery instead
&amp#27;[33m[WARN]&amp#27;[m 15188 [main] org.hibernate.orm.deprecation:1837 HHH90000022: Hibernate's legacy org.hibernate.Criteria API is deprecated; use the JPA javax.persistence.criteria.CriteriaQuery instead
&amp#27;[32m[INFO]&amp#27;[m 15205 [main] org.sakaiproject.content.impl.DropboxContextObserver:200 init()
&amp#27;[32m[INFO]&amp#27;[m 15213 [main] org.sakaiproject.util.UserNotificationPreferencesRegistrationImpl:422 UserPreferencesRegistrationImpl.init()
&amp#27;[32m[INFO]&amp#27;[m 15230 [main] org.sakaiproject.conditions.impl.BaseConditionService:45 init()
&amp#27;[32m[INFO]&amp#27;[m 15233 [main] org.sakaiproject.user.impl.UserAuthnComponent:68 init()
&amp#27;[32m[INFO]&amp#27;[m 15236 [main] org.sakaiproject.user.impl.AuthenticationCache:68 INIT
&amp#27;[32m[INFO]&amp#27;[m 15237 [main] org.sakaiproject.memory.impl.EhcacheMemoryService:354 Created ehcache (org.sakaiproject.user.api.AuthenticationManager) using defaults
&amp#27;[33m[WARN]&amp#27;[m 15237 [main] org.hibernate.orm.deprecation:1837 HHH90000022: Hibernate's legacy org.hibernate.Criteria API is deprecated; use the JPA javax.persistence.criteria.CriteriaQuery instead
&amp#27;[32m[INFO]&amp#27;[m 15241 [main] org.sakaiproject.memory.impl.EhcacheMemoryService:367 Configuring ehcache (org.sakaiproject.user.api.AuthenticationManager) from Sakai config: maxElementsInMemory=250,timeToLiveSeconds=120,timeToIdleSeconds=120
&amp#27;[32m[INFO]&amp#27;[m 15244 [main] org.sakaiproject.user.impl.AuthnCacheWatcher:85 init()
&amp#27;[32m[INFO]&amp#27;[m 15248 [main] org.sakaiproject.memory.impl.EhcacheMemoryService:354 Created ehcache (org.sakaiproject.event.api.ActivityService.userActivityCache) using defaults
&amp#27;[33m[WARN]&amp#27;[m 15248 [main] org.hibernate.orm.deprecation:1837 HHH90000022: Hibernate's legacy org.hibernate.Criteria API is deprecated; use the JPA javax.persistence.criteria.CriteriaQuery instead
&amp#27;[33m[WARN]&amp#27;[m 15251 [main] org.hibernate.orm.deprecation:1837 HHH90000022: Hibernate's legacy org.hibernate.Criteria API is deprecated; use the JPA javax.persistence.criteria.CriteriaQuery instead
&amp#27;[32m[INFO]&amp#27;[m 15257 [main] org.sakaiproject.event.impl.EventQueryServiceImpl:291 org.sakaiproject.event.impl.EventQueryServiceImpl@66f99dcc.init()
&amp#27;[33m[WARN]&amp#27;[m 15263 [main] org.hibernate.orm.deprecation:1837 HHH90000022: Hibernate's legacy org.hibernate.Criteria API is deprecated; use the JPA javax.persistence.criteria.CriteriaQuery instead
&amp#27;[33m[WARN]&amp#27;[m 15266 [main] org.hibernate.orm.deprecation:1837 HHH90000022: Hibernate's legacy org.hibernate.Criteria API is deprecated; use the JPA javax.persistence.criteria.CriteriaQuery instead
&amp#27;[32m[INFO]&amp#27;[m 15268 [main] org.sakaiproject.event.impl.BaseLearningResourceStoreService:118 LRS did not search for existing LearningResourceStoreProviders in the system (ac=org.sakaiproject.util.SakaiApplicationContext@1817f1eb, started on Wed May 22 18:24:45 CEST 2024, enabled=false)
&amp#27;[32m[INFO]&amp#27;[m 15287 [main] org.sakaiproject.event.impl.BaseLearningResourceStoreService:139 LRS INIT: enabled=false
&amp#27;[32m[INFO]&amp#27;[m 15294 [main] org.sakaiproject.util.impl.EncryptionUtilityServiceImpl:37 Server secret key has been set, not exposing it for security reasons.
&amp#27;[33m[WARN]&amp#27;[m 15389 [main] org.hibernate.orm.deprecation:1837 HHH90000022: Hibernate's legacy org.hibernate.Criteria API is deprecated; use the JPA javax.persistence.criteria.CriteriaQuery instead
&amp#27;[33m[WARN]&amp#27;[m 15642 [main] org.hibernate.orm.deprecation:1837 HHH90000022: Hibernate's legacy org.hibernate.Criteria API is deprecated; use the JPA javax.persistence.criteria.CriteriaQuery instead
&amp#27;[33m[WARN]&amp#27;[m 15872 [main] org.hibernate.orm.deprecation:1837 HHH90000022: Hibernate's legacy org.hibernate.Criteria API is deprecated; use the JPA javax.persistence.criteria.CriteriaQuery instead
&amp#27;[33m[WARN]&amp#27;[m 15877 [main] org.hibernate.orm.deprecation:1837 HHH90000022: Hibernate's legacy org.hibernate.Criteria API is deprecated; use the JPA javax.persistence.criteria.CriteriaQuery instead
&amp#27;[33m[WARN]&amp#27;[m 15975 [main] org.hibernate.orm.deprecation:1837 HHH90000022: Hibernate's legacy org.hibernate.Criteria API is deprecated; use the JPA javax.persistence.criteria.CriteriaQuery instead
&amp#27;[33m[WARN]&amp#27;[m 16564 [main] org.hibernate.orm.deprecation:1837 HHH90000022: Hibernate's legacy org.hibernate.Criteria API is deprecated; use the JPA javax.persistence.criteria.CriteriaQuery instead
&amp#27;[33m[WARN]&amp#27;[m 16571 [main] org.hibernate.orm.deprecation:1837 HHH90000022: Hibernate's legacy org.hibernate.Criteria API is deprecated; use the JPA javax.persistence.criteria.CriteriaQuery instead
&amp#27;[33m[WARN]&amp#27;[m 16575 [main] org.hibernate.orm.deprecation:1837 HHH90000022: Hibernate's legacy org.hibernate.Criteria API is deprecated; use the JPA javax.persistence.criteria.CriteriaQuery instead
&amp#27;[33m[WARN]&amp#27;[m 16578 [main] org.hibernate.orm.deprecation:1837 HHH90000022: Hibernate's legacy org.hibernate.Criteria API is deprecated; use the JPA javax.persistence.criteria.CriteriaQuery instead
&amp#27;[33m[WARN]&amp#27;[m 16587 [main] org.hibernate.orm.deprecation:1837 HHH90000022: Hibernate's legacy org.hibernate.Criteria API is deprecated; use the JPA javax.persistence.criteria.CriteriaQuery instead
&amp#27;[32m[INFO]&amp#27;[m 16591 [main] org.sakaiproject.config.test.StoredConfigServiceTest:79 Total # of Config Items is 272
&amp#27;[33m[WARN]&amp#27;[m 16591 [main] org.hibernate.orm.deprecation:1837 HHH90000022: Hibernate's legacy org.hibernate.Criteria API is deprecated; use the JPA javax.persistence.criteria.CriteriaQuery instead
&amp#27;[33m[WARN]&amp#27;[m 16592 [main] org.hibernate.orm.deprecation:1837 HHH90000022: Hibernate's legacy org.hibernate.Criteria API is deprecated; use the JPA javax.persistence.criteria.CriteriaQuery instead
&amp#27;[33m[WARN]&amp#27;[m 16593 [main] org.hibernate.orm.deprecation:1837 HHH90000022: Hibernate's legacy org.hibernate.Criteria API is deprecated; use the JPA javax.persistence.criteria.CriteriaQuery instead
&amp#27;[33m[WARN]&amp#27;[m 16594 [main] org.hibernate.orm.deprecation:1837 HHH90000022: Hibernate's legacy org.hibernate.Criteria API is deprecated; use the JPA javax.persistence.criteria.CriteriaQuery instead
&amp#27;[33m[WARN]&amp#27;[m 16595 [main] org.hibernate.orm.deprecation:1837 HHH90000022: Hibernate's legacy org.hibernate.Criteria API is deprecated; use the JPA javax.persistence.criteria.CriteriaQuery instead
&amp#27;[33m[WARN]&amp#27;[m 16617 [main] org.hibernate.orm.deprecation:1837 HHH90000022: Hibernate's legacy org.hibernate.Criteria API is deprecated; use the JPA javax.persistence.criteria.CriteriaQuery instead
&amp#27;[32m[INFO]&amp#27;[m 16637 [main] org.sakaiproject.config.test.StoredConfigServiceTest:90 HibernateConfigItem [id=269, name=test1, node=eim-alu-69095, value=test1-updated, rawValue=test1-updated, type=string, registered=true, defaulted=false, secured=false, source=TEST, dynamic=false, created=2024-05-22 18:24:59.084, modified=2024-05-22 18:24:59.119]
&amp#27;[33m[WARN]&amp#27;[m 16637 [main] org.hibernate.orm.deprecation:1837 HHH90000022: Hibernate's legacy org.hibernate.Criteria API is deprecated; use the JPA javax.persistence.criteria.CriteriaQuery instead
&amp#27;[33m[WARN]&amp#27;[m 16638 [main] org.hibernate.orm.deprecation:1837 HHH90000022: Hibernate's legacy org.hibernate.Criteria API is deprecated; use the JPA javax.persistence.criteria.CriteriaQuery instead
&amp#27;[32m[INFO]&amp#27;[m 16692 [main] org.sakaiproject.config.test.StoredConfigServiceTest:151 persistAndRetrieve: test5 => **SECURITY**  R,D:(string [TEST] 0, 0, null)
&amp#27;[33m[WARN]&amp#27;[m 16694 [ignite-update-notifier-timer] org.apache.ignite.internal.processors.cluster.GridUpdateNotifier:127 New version is available at ignite.apache.org: 2.16.0
&amp#27;[33m[WARN]&amp#27;[m 16698 [main] org.hibernate.orm.deprecation:1837 HHH90000022: Hibernate's legacy org.hibernate.Criteria API is deprecated; use the JPA javax.persistence.criteria.CriteriaQuery instead
&amp#27;[33m[WARN]&amp#27;[m 16703 [main] org.hibernate.orm.deprecation:1837 HHH90000022: Hibernate's legacy org.hibernate.Criteria API is deprecated; use the JPA javax.persistence.criteria.CriteriaQuery instead
&amp#27;[32m[INFO]&amp#27;[m 16714 [main] org.sakaiproject.config.test.StoredConfigServiceTest:143 HibernateConfigItem [id=273, name=test5, node=eim-alu-69095, value=7om5Nye5KosY0vBbQPW44w==, type=string, registered=true, defaulted=true, secured=true, defaultValue=lUimxTCUwWPEssSz6HDlJg==, source=TEST, dynamic=true, description=this is a test, created=2024-05-22 18:24:59.213, modified=2024-05-22 18:24:59.213]
&amp#27;[33m[WARN]&amp#27;[m 16715 [main] org.hibernate.orm.deprecation:1837 HHH90000022: Hibernate's legacy org.hibernate.Criteria API is deprecated; use the JPA javax.persistence.criteria.CriteriaQuery instead
&amp#27;[32m[INFO]&amp#27;[m 16724 [main] org.sakaiproject.config.test.StoredConfigServiceTest:143 HibernateConfigItem [id=273, name=test5, node=eim-alu-69095, value=7om5Nye5KosY0vBbQPW44w==, type=string, registered=true, defaulted=true, secured=true, defaultValue=lUimxTCUwWPEssSz6HDlJg==, source=TEST, dynamic=true, description=this is a test, created=2024-05-22 18:24:59.213, modified=2024-05-22 18:24:59.213]
&amp#27;[33m[WARN]&amp#27;[m 16725 [main] org.hibernate.orm.deprecation:1837 HHH90000022: Hibernate's legacy org.hibernate.Criteria API is deprecated; use the JPA javax.persistence.criteria.CriteriaQuery instead
&amp#27;[32m[INFO]&amp#27;[m 16726 [main] org.sakaiproject.config.test.StoredConfigServiceTest:143 HibernateConfigItem [id=273, name=test5, node=eim-alu-69095, value=7om5Nye5KosY0vBbQPW44w==, type=string, registered=true, defaulted=true, secured=true, defaultValue=lUimxTCUwWPEssSz6HDlJg==, source=TEST, dynamic=true, description=this is a test, created=2024-05-22 18:24:59.213, modified=2024-05-22 18:24:59.213]
&amp#27;[33m[WARN]&amp#27;[m 16726 [main] org.hibernate.orm.deprecation:1837 HHH90000022: Hibernate's legacy org.hibernate.Criteria API is deprecated; use the JPA javax.persistence.criteria.CriteriaQuery instead
&amp#27;[32m[INFO]&amp#27;[m 16727 [main] org.sakaiproject.config.test.StoredConfigServiceTest:143 HibernateConfigItem [id=273, name=test5, node=eim-alu-69095, value=7om5Nye5KosY0vBbQPW44w==, type=string, registered=true, defaulted=true, secured=true, defaultValue=lUimxTCUwWPEssSz6HDlJg==, source=TEST, dynamic=true, description=this is a test, created=2024-05-22 18:24:59.213, modified=2024-05-22 18:24:59.213]
&amp#27;[32m[INFO]&amp#27;[m 16728 [main] org.sakaiproject.config.test.StoredConfigServiceTest:117 Number of secured: 2, defaulted: 129, registered: 138, dynamic: 1
&amp#27;[32m[INFO]&amp#27;[m 16728 [main] org.sakaiproject.config.test.StoredConfigServiceTest:151 persistAndRetrieve: test6 => true  R,N:(boolean [TEST] 0, 0, [])
&amp#27;[33m[WARN]&amp#27;[m 16730 [main] org.hibernate.orm.deprecation:1837 HHH90000022: Hibernate's legacy org.hibernate.Criteria API is deprecated; use the JPA javax.persistence.criteria.CriteriaQuery instead
&amp#27;[32m[INFO]&amp#27;[m 16731 [main] org.sakaiproject.config.test.StoredConfigServiceTest:151 persistAndRetrieve: test7 => 999  R,N:(int [TEST] 0, 0, [])
&amp#27;[33m[WARN]&amp#27;[m 16733 [main] org.hibernate.orm.deprecation:1837 HHH90000022: Hibernate's legacy org.hibernate.Criteria API is deprecated; use the JPA javax.persistence.criteria.CriteriaQuery instead
&amp#27;[32m[INFO]&amp#27;[m 16734 [main] org.sakaiproject.config.test.StoredConfigServiceTest:151 persistAndRetrieve: test8 => [Ljava.lang.String;@4b0fdbd7  R,N:(array [TEST] 0, 0, [])
&amp#27;[33m[WARN]&amp#27;[m 16740 [main] org.hibernate.orm.deprecation:1837 HHH90000022: Hibernate's legacy org.hibernate.Criteria API is deprecated; use the JPA javax.persistence.criteria.CriteriaQuery instead
&amp#27;[1;31m[ERROR]&amp#27;[m 16742 [main] org.sakaiproject.config.impl.StoredConfigService:351 Skip ConfigItem test9 => test9  R,N:(UNKNOWN [TEST] 0, 0, []), serializeValue() invalid TYPE, while serializing
&amp#27;[33m[WARN]&amp#27;[m 16742 [main] org.hibernate.orm.deprecation:1837 HHH90000022: Hibernate's legacy org.hibernate.Criteria API is deprecated; use the JPA javax.persistence.criteria.CriteriaQuery instead
&amp#27;[33m[WARN]&amp#27;[m 16743 [main] org.hibernate.orm.deprecation:1837 HHH90000022: Hibernate's legacy org.hibernate.Criteria API is deprecated; use the JPA javax.persistence.criteria.CriteriaQuery instead
&amp#27;[33m[WARN]&amp#27;[m 16750 [main] org.hibernate.orm.deprecation:1837 HHH90000022: Hibernate's legacy org.hibernate.Criteria API is deprecated; use the JPA javax.persistence.criteria.CriteriaQuery instead
]]></system-out>
    <system-err><![CDATA[[18:24:59] New version is available at ignite.apache.org: 2.16.0
]]></system-err>
  </testcase>
</testsuite>